/home/mg0220/launch/install/dwb_pkg/lib/python3.10/site-packages/dwb_pkg/obstacle.py
/home/mg0220/launch/install/dwb_pkg/lib/python3.10/site-packages/dwb_pkg/rpp_test.py
/home/mg0220/launch/install/dwb_pkg/lib/python3.10/site-packages/dwb_pkg/rpp_obstacle.py
/home/mg0220/launch/install/dwb_pkg/lib/python3.10/site-packages/dwb_pkg/pure.py
/home/mg0220/launch/install/dwb_pkg/lib/python3.10/site-packages/dwb_pkg/__init__.py
/home/mg0220/launch/install/dwb_pkg/lib/python3.10/site-packages/dwb_pkg/__pycache__/obstacle.cpython-310.pyc
/home/mg0220/launch/install/dwb_pkg/lib/python3.10/site-packages/dwb_pkg/__pycache__/rpp_test.cpython-310.pyc
/home/mg0220/launch/install/dwb_pkg/lib/python3.10/site-packages/dwb_pkg/__pycache__/rpp_obstacle.cpython-310.pyc
/home/mg0220/launch/install/dwb_pkg/lib/python3.10/site-packages/dwb_pkg/__pycache__/pure.cpython-310.pyc
/home/mg0220/launch/install/dwb_pkg/lib/python3.10/site-packages/dwb_pkg/__pycache__/__init__.cpython-310.pyc
/home/mg0220/launch/install/dwb_pkg/share/ament_index/resource_index/packages/dwb_pkg
/home/mg0220/launch/install/dwb_pkg/share/dwb_pkg/package.xml
/home/mg0220/launch/install/dwb_pkg/share/dwb_pkg/launch/rpp_simulation.launch.py
/home/mg0220/launch/install/dwb_pkg/share/dwb_pkg/launch/turtlebot3_maze3.launch.py
/home/mg0220/launch/install/dwb_pkg/share/dwb_pkg/launch/real_rpp.launch.py
/home/mg0220/launch/install/dwb_pkg/share/dwb_pkg/launch/gazebo.launch.py
/home/mg0220/launch/install/dwb_pkg/share/dwb_pkg/launch/tb3_localization.launch.py
/home/mg0220/launch/install/dwb_pkg/share/dwb_pkg/launch/nav2.launch.py
/home/mg0220/launch/install/dwb_pkg/share/dwb_pkg/config/nav2_params.yaml
/home/mg0220/launch/install/dwb_pkg/share/dwb_pkg/config/nav2_all.yaml
/home/mg0220/launch/install/dwb_pkg/share/dwb_pkg/config/rpp_param1.yaml
/home/mg0220/launch/install/dwb_pkg/share/dwb_pkg/config/slam_params.yaml
/home/mg0220/launch/install/dwb_pkg/lib/python3.10/site-packages/dwb_pkg-0.0.0-py3.10.egg-info/SOURCES.txt
/home/mg0220/launch/install/dwb_pkg/lib/python3.10/site-packages/dwb_pkg-0.0.0-py3.10.egg-info/PKG-INFO
/home/mg0220/launch/install/dwb_pkg/lib/python3.10/site-packages/dwb_pkg-0.0.0-py3.10.egg-info/top_level.txt
/home/mg0220/launch/install/dwb_pkg/lib/python3.10/site-packages/dwb_pkg-0.0.0-py3.10.egg-info/entry_points.txt
/home/mg0220/launch/install/dwb_pkg/lib/python3.10/site-packages/dwb_pkg-0.0.0-py3.10.egg-info/dependency_links.txt
/home/mg0220/launch/install/dwb_pkg/lib/python3.10/site-packages/dwb_pkg-0.0.0-py3.10.egg-info/zip-safe
/home/mg0220/launch/install/dwb_pkg/lib/python3.10/site-packages/dwb_pkg-0.0.0-py3.10.egg-info/requires.txt
/home/mg0220/launch/install/dwb_pkg/lib/dwb_pkg/obstacle
/home/mg0220/launch/install/dwb_pkg/lib/dwb_pkg/pure
/home/mg0220/launch/install/dwb_pkg/lib/dwb_pkg/rpp_obstacle
