[0.445s] Invoking command in '/home/mg0220/launch/src/dwb_pkg': PYTHONPATH=/home/mg0220/launch/build/dwb_pkg/prefix_override:/usr/lib/python3/dist-packages/colcon_core/task/python/colcon_distutils_commands:/home/mg0220/launch/install/dwb_pkg/lib/python3.10/site-packages:${PYTHONPATH} /usr/bin/python3 -W ignore:setup.py install is deprecated -W ignore:easy_install command is deprecated setup.py egg_info --egg-base ../../build/dwb_pkg build --build-base /home/mg0220/launch/build/dwb_pkg/build install --record /home/mg0220/launch/build/dwb_pkg/install.log --single-version-externally-managed install_data
[0.585s] running egg_info
[0.585s] writing ../../build/dwb_pkg/dwb_pkg.egg-info/PKG-INFO
[0.585s] writing dependency_links to ../../build/dwb_pkg/dwb_pkg.egg-info/dependency_links.txt
[0.585s] writing entry points to ../../build/dwb_pkg/dwb_pkg.egg-info/entry_points.txt
[0.586s] writing requirements to ../../build/dwb_pkg/dwb_pkg.egg-info/requires.txt
[0.586s] writing top-level names to ../../build/dwb_pkg/dwb_pkg.egg-info/top_level.txt
[0.587s] reading manifest file '../../build/dwb_pkg/dwb_pkg.egg-info/SOURCES.txt'
[0.589s] writing manifest file '../../build/dwb_pkg/dwb_pkg.egg-info/SOURCES.txt'
[0.589s] running build
[0.589s] running build_py
[0.589s] copying dwb_pkg/obstacle.py -> /home/mg0220/launch/build/dwb_pkg/build/lib/dwb_pkg
[0.590s] running install
[0.590s] running install_lib
[0.591s] copying /home/mg0220/launch/build/dwb_pkg/build/lib/dwb_pkg/obstacle.py -> /home/mg0220/launch/install/dwb_pkg/lib/python3.10/site-packages/dwb_pkg
[0.591s] byte-compiling /home/mg0220/launch/install/dwb_pkg/lib/python3.10/site-packages/dwb_pkg/obstacle.py to obstacle.cpython-310.pyc
[0.592s] running install_data
[0.593s] copying launch/real_rpp.launch.py -> /home/mg0220/launch/install/dwb_pkg/share/dwb_pkg/launch
[0.593s] running install_egg_info
[0.594s] removing '/home/mg0220/launch/install/dwb_pkg/lib/python3.10/site-packages/dwb_pkg-0.0.0-py3.10.egg-info' (and everything under it)
[0.596s] Copying ../../build/dwb_pkg/dwb_pkg.egg-info to /home/mg0220/launch/install/dwb_pkg/lib/python3.10/site-packages/dwb_pkg-0.0.0-py3.10.egg-info
[0.596s] running install_scripts
[0.608s] Installing obstacle script to /home/mg0220/launch/install/dwb_pkg/lib/dwb_pkg
[0.608s] Installing pure script to /home/mg0220/launch/install/dwb_pkg/lib/dwb_pkg
[0.608s] writing list of installed files to '/home/mg0220/launch/build/dwb_pkg/install.log'
[0.621s] Invoked command in '/home/mg0220/launch/src/dwb_pkg' returned '0': PYTHONPATH=/home/mg0220/launch/build/dwb_pkg/prefix_override:/usr/lib/python3/dist-packages/colcon_core/task/python/colcon_distutils_commands:/home/mg0220/launch/install/dwb_pkg/lib/python3.10/site-packages:${PYTHONPATH} /usr/bin/python3 -W ignore:setup.py install is deprecated -W ignore:easy_install command is deprecated setup.py egg_info --egg-base ../../build/dwb_pkg build --build-base /home/mg0220/launch/build/dwb_pkg/build install --record /home/mg0220/launch/build/dwb_pkg/install.log --single-version-externally-managed install_data
