[0.438s] Invoking command in '/home/mg0220/launch/src/dwb_pkg': PYTHONPATH=/home/mg0220/launch/build/dwb_pkg/prefix_override:/usr/lib/python3/dist-packages/colcon_core/task/python/colcon_distutils_commands:/home/mg0220/launch/install/dwb_pkg/lib/python3.10/site-packages:${PYTHONPATH} /usr/bin/python3 -W ignore:setup.py install is deprecated -W ignore:easy_install command is deprecated setup.py egg_info --egg-base ../../build/dwb_pkg build --build-base /home/mg0220/launch/build/dwb_pkg/build install --record /home/mg0220/launch/build/dwb_pkg/install.log --single-version-externally-managed install_data
[0.587s] running egg_info
[0.588s] writing ../../build/dwb_pkg/dwb_pkg.egg-info/PKG-INFO
[0.588s] writing dependency_links to ../../build/dwb_pkg/dwb_pkg.egg-info/dependency_links.txt
[0.588s] writing entry points to ../../build/dwb_pkg/dwb_pkg.egg-info/entry_points.txt
[0.588s] writing requirements to ../../build/dwb_pkg/dwb_pkg.egg-info/requires.txt
[0.588s] writing top-level names to ../../build/dwb_pkg/dwb_pkg.egg-info/top_level.txt
[0.589s] reading manifest file '../../build/dwb_pkg/dwb_pkg.egg-info/SOURCES.txt'
[0.590s] writing manifest file '../../build/dwb_pkg/dwb_pkg.egg-info/SOURCES.txt'
[0.590s] running build
[0.590s] running build_py
[0.590s] running install
[0.591s] running install_lib
[0.591s] running install_data
[0.591s] running install_egg_info
[0.593s] removing '/home/mg0220/launch/install/dwb_pkg/lib/python3.10/site-packages/dwb_pkg-0.0.0-py3.10.egg-info' (and everything under it)
[0.593s] Copying ../../build/dwb_pkg/dwb_pkg.egg-info to /home/mg0220/launch/install/dwb_pkg/lib/python3.10/site-packages/dwb_pkg-0.0.0-py3.10.egg-info
[0.594s] running install_scripts
[0.606s] Installing pure script to /home/mg0220/launch/install/dwb_pkg/lib/dwb_pkg
[0.607s] writing list of installed files to '/home/mg0220/launch/build/dwb_pkg/install.log'
[0.621s] Invoked command in '/home/mg0220/launch/src/dwb_pkg' returned '0': PYTHONPATH=/home/mg0220/launch/build/dwb_pkg/prefix_override:/usr/lib/python3/dist-packages/colcon_core/task/python/colcon_distutils_commands:/home/mg0220/launch/install/dwb_pkg/lib/python3.10/site-packages:${PYTHONPATH} /usr/bin/python3 -W ignore:setup.py install is deprecated -W ignore:easy_install command is deprecated setup.py egg_info --egg-base ../../build/dwb_pkg build --build-base /home/mg0220/launch/build/dwb_pkg/build install --record /home/mg0220/launch/build/dwb_pkg/install.log --single-version-externally-managed install_data
