[0.016s] Invoking command in '/home/mg0220/launch/build/turtlebot3_fake_node': CMAKE_PREFIX_PATH=${CMAKE_PREFIX_PATH}:/home/mg0220/launch/install/dwb_pkg:/opt/ros/humble /usr/bin/cmake --build /home/mg0220/launch/build/turtlebot3_fake_node -- -j20 -l20
[0.049s] [100%] Built target turtlebot3_fake_node
[0.191s] Invoked command in '/home/mg0220/launch/build/turtlebot3_fake_node' returned '0': CMAKE_PREFIX_PATH=${CMAKE_PREFIX_PATH}:/home/mg0220/launch/install/dwb_pkg:/opt/ros/humble /usr/bin/cmake --build /home/mg0220/launch/build/turtlebot3_fake_node -- -j20 -l20
[0.192s] Invoking command in '/home/mg0220/launch/build/turtlebot3_fake_node': CMAKE_PREFIX_PATH=${CMAKE_PREFIX_PATH}:/home/mg0220/launch/install/dwb_pkg:/opt/ros/humble /usr/bin/cmake --install /home/mg0220/launch/build/turtlebot3_fake_node
[0.197s] -- Install configuration: ""
[0.197s] -- Up-to-date: /home/mg0220/launch/install/turtlebot3_fake_node/lib/turtlebot3_fake_node/turtlebot3_fake_node
[0.197s] -- Up-to-date: /home/mg0220/launch/install/turtlebot3_fake_node/share/turtlebot3_fake_node/launch
[0.198s] -- Up-to-date: /home/mg0220/launch/install/turtlebot3_fake_node/share/turtlebot3_fake_node/launch/rviz2.launch.py
[0.198s] -- Up-to-date: /home/mg0220/launch/install/turtlebot3_fake_node/share/turtlebot3_fake_node/launch/turtlebot3_fake_node.launch.py
[0.198s] -- Up-to-date: /home/mg0220/launch/install/turtlebot3_fake_node/share/turtlebot3_fake_node/launch/rviz2.launch.py:Zone.Identifier
[0.198s] -- Up-to-date: /home/mg0220/launch/install/turtlebot3_fake_node/share/turtlebot3_fake_node/launch/turtlebot3_fake_node.launch.py:Zone.Identifier
[0.198s] -- Up-to-date: /home/mg0220/launch/install/turtlebot3_fake_node/share/turtlebot3_fake_node/param
[0.198s] -- Up-to-date: /home/mg0220/launch/install/turtlebot3_fake_node/share/turtlebot3_fake_node/param/burger.yaml
[0.198s] -- Up-to-date: /home/mg0220/launch/install/turtlebot3_fake_node/share/turtlebot3_fake_node/param/waffle.yaml:Zone.Identifier
[0.198s] -- Up-to-date: /home/mg0220/launch/install/turtlebot3_fake_node/share/turtlebot3_fake_node/param/burger.yaml:Zone.Identifier
[0.198s] -- Up-to-date: /home/mg0220/launch/install/turtlebot3_fake_node/share/turtlebot3_fake_node/param/waffle_pi.yaml:Zone.Identifier
[0.198s] -- Up-to-date: /home/mg0220/launch/install/turtlebot3_fake_node/share/turtlebot3_fake_node/param/waffle.yaml
[0.199s] -- Up-to-date: /home/mg0220/launch/install/turtlebot3_fake_node/share/turtlebot3_fake_node/param/waffle_pi.yaml
[0.199s] -- Up-to-date: /home/mg0220/launch/install/turtlebot3_fake_node/include/
[0.199s] -- Up-to-date: /home/mg0220/launch/install/turtlebot3_fake_node/include//turtlebot3_fake_node
[0.200s] -- Up-to-date: /home/mg0220/launch/install/turtlebot3_fake_node/include//turtlebot3_fake_node/turtlebot3_fake_node.hpp
[0.200s] -- Up-to-date: /home/mg0220/launch/install/turtlebot3_fake_node/include//turtlebot3_fake_node/turtlebot3_fake_node.hpp:Zone.Identifier
[0.201s] -- Up-to-date: /home/mg0220/launch/install/turtlebot3_fake_node/share/ament_index/resource_index/package_run_dependencies/turtlebot3_fake_node
[0.201s] -- Up-to-date: /home/mg0220/launch/install/turtlebot3_fake_node/share/ament_index/resource_index/parent_prefix_path/turtlebot3_fake_node
[0.202s] -- Up-to-date: /home/mg0220/launch/install/turtlebot3_fake_node/share/turtlebot3_fake_node/environment/ament_prefix_path.sh
[0.202s] -- Up-to-date: /home/mg0220/launch/install/turtlebot3_fake_node/share/turtlebot3_fake_node/environment/ament_prefix_path.dsv
[0.202s] -- Up-to-date: /home/mg0220/launch/install/turtlebot3_fake_node/share/turtlebot3_fake_node/environment/path.sh
[0.202s] -- Up-to-date: /home/mg0220/launch/install/turtlebot3_fake_node/share/turtlebot3_fake_node/environment/path.dsv
[0.202s] -- Up-to-date: /home/mg0220/launch/install/turtlebot3_fake_node/share/turtlebot3_fake_node/local_setup.bash
[0.202s] -- Up-to-date: /home/mg0220/launch/install/turtlebot3_fake_node/share/turtlebot3_fake_node/local_setup.sh
[0.202s] -- Up-to-date: /home/mg0220/launch/install/turtlebot3_fake_node/share/turtlebot3_fake_node/local_setup.zsh
[0.202s] -- Up-to-date: /home/mg0220/launch/install/turtlebot3_fake_node/share/turtlebot3_fake_node/local_setup.dsv
[0.203s] -- Installing: /home/mg0220/launch/install/turtlebot3_fake_node/share/turtlebot3_fake_node/package.dsv
[0.203s] -- Up-to-date: /home/mg0220/launch/install/turtlebot3_fake_node/share/ament_index/resource_index/packages/turtlebot3_fake_node
[0.203s] -- Up-to-date: /home/mg0220/launch/install/turtlebot3_fake_node/share/turtlebot3_fake_node/cmake/ament_cmake_export_include_directories-extras.cmake
[0.203s] -- Up-to-date: /home/mg0220/launch/install/turtlebot3_fake_node/share/turtlebot3_fake_node/cmake/ament_cmake_export_dependencies-extras.cmake
[0.207s] -- Up-to-date: /home/mg0220/launch/install/turtlebot3_fake_node/share/turtlebot3_fake_node/cmake/turtlebot3_fake_nodeConfig.cmake
[0.207s] -- Up-to-date: /home/mg0220/launch/install/turtlebot3_fake_node/share/turtlebot3_fake_node/cmake/turtlebot3_fake_nodeConfig-version.cmake
[0.208s] -- Up-to-date: /home/mg0220/launch/install/turtlebot3_fake_node/share/turtlebot3_fake_node/package.xml
[0.242s] Invoked command in '/home/mg0220/launch/build/turtlebot3_fake_node' returned '0': CMAKE_PREFIX_PATH=${CMAKE_PREFIX_PATH}:/home/mg0220/launch/install/dwb_pkg:/opt/ros/humble /usr/bin/cmake --install /home/mg0220/launch/build/turtlebot3_fake_node
