[0.017s] Invoking command in '/home/mg0220/launch/build/turtlebot3_gazebo': CMAKE_PREFIX_PATH=${CMAKE_PREFIX_PATH}:/home/mg0220/launch/install/dwb_pkg:/opt/ros/humble /usr/bin/cmake /home/mg0220/launch/turtlebot3_simulations/turtlebot3_gazebo -DCMAKE_INSTALL_PREFIX=/home/mg0220/launch/install/turtlebot3_gazebo
[0.073s] -- The C compiler identification is GNU 11.4.0
[0.287s] -- The CXX compiler identification is GNU 11.4.0
[0.464s] -- Detecting C compiler ABI info
[0.533s] -- Detecting C compiler ABI info - done
[0.537s] -- Check for working C compiler: /usr/bin/cc - skipped
[0.537s] -- Detecting C compile features
[0.538s] -- Detecting C compile features - done
[0.540s] -- Detecting CXX compiler ABI info
[0.618s] -- Detecting CXX compiler ABI info - done
[0.622s] -- Check for working CXX compiler: /usr/bin/c++ - skipped
[0.622s] -- Detecting CXX compile features
[0.623s] -- Detecting CXX compile features - done
[0.624s] -- Found ament_cmake: 1.3.12 (/opt/ros/humble/share/ament_cmake/cmake)
[0.724s] -- Found Python3: /usr/bin/python3 (found version "3.10.12") found components: Interpreter 
[0.786s] [33mCMake Warning (dev) at /usr/share/cmake-3.22/Modules/FindPackageHandleStandardArgs.cmake:438 (message):
[0.786s]   The package name passed to `find_package_handle_standard_args` (PkgConfig)
[0.786s]   does not match the name of the calling package (gazebo).  This can lead to
[0.786s]   problems in calling code that expects `find_package` result variables
[0.786s]   (e.g., `_FOUND`) to follow a certain pattern.
[0.786s] Call Stack (most recent call first):
[0.786s]   /usr/share/cmake-3.22/Modules/FindPkgConfig.cmake:99 (find_package_handle_standard_args)
[0.786s]   /usr/lib/x86_64-linux-gnu/cmake/gazebo/gazebo-config.cmake:72 (include)
[0.786s]   CMakeLists.txt:23 (find_package)
[0.786s] This warning is for project developers.  Use -Wno-dev to suppress it.
[0.786s] [0m
[0.786s] -- Found PkgConfig: /usr/bin/pkg-config (found version "0.29.2") 
[0.788s] -- Checking for module 'bullet>=2.82'
[0.795s] --   Found bullet, version 3.05
[0.864s] -- Found fcl: /usr/include (found suitable version "0.7.0", minimum required is "0.5.0") 
[0.890s] -- Found assimp: /usr/include (found version "5.2.0") 
[0.904s] -- Found DART: /usr/include (Required is at least version "6.6") found components: dart 
[1.050s] -- Found Boost: /usr/lib/x86_64-linux-gnu/cmake/Boost-1.74.0/BoostConfig.cmake (found suitable version "1.74.0", minimum required is "1.40.0") found components: thread system filesystem program_options regex iostreams date_time 
[1.184s] -- Found Protobuf: /usr/lib/x86_64-linux-gnu/libprotobuf.so (found version "3.12.4") 
[1.187s] -- Looking for ignition-math6 -- found version 6.15.1
[1.192s] -- Searching for dependencies of ignition-math6
[1.192s] -- Looking for OGRE...
[1.193s] -- OGRE_PREFIX_WATCH changed.
[1.196s] -- Checking for module 'OGRE'
[1.203s] --   Found OGRE, version 1.9.0
[1.220s] -- Found Ogre Ghadamon (1.9.0)
[1.354s] -- Found OGRE: optimized;/usr/lib/x86_64-linux-gnu/libOgreMain.so;debug;/usr/lib/x86_64-linux-gnu/libOgreMain.so
[1.361s] -- Looking for OGRE_Paging...
[1.506s] -- Found OGRE_Paging: optimized;/usr/lib/x86_64-linux-gnu/libOgrePaging.so;debug;/usr/lib/x86_64-linux-gnu/libOgrePaging.so
[1.506s] -- Looking for OGRE_Terrain...
[1.621s] -- Found OGRE_Terrain: optimized;/usr/lib/x86_64-linux-gnu/libOgreTerrain.so;debug;/usr/lib/x86_64-linux-gnu/libOgreTerrain.so
[1.621s] -- Looking for OGRE_Property...
[1.723s] -- Found OGRE_Property: optimized;/usr/lib/x86_64-linux-gnu/libOgreProperty.so;debug;/usr/lib/x86_64-linux-gnu/libOgreProperty.so
[1.723s] -- Looking for OGRE_RTShaderSystem...
[1.833s] -- Found OGRE_RTShaderSystem: optimized;/usr/lib/x86_64-linux-gnu/libOgreRTShaderSystem.so;debug;/usr/lib/x86_64-linux-gnu/libOgreRTShaderSystem.so
[1.833s] -- Looking for OGRE_Volume...
[1.941s] -- Found OGRE_Volume: optimized;/usr/lib/x86_64-linux-gnu/libOgreVolume.so;debug;/usr/lib/x86_64-linux-gnu/libOgreVolume.so
[1.941s] -- Looking for OGRE_Overlay...
[2.095s] -- Found OGRE_Overlay: optimized;/usr/lib/x86_64-linux-gnu/libOgreOverlay.so;debug;/usr/lib/x86_64-linux-gnu/libOgreOverlay.so
[7.388s] -- Looking for ignition-math6 -- found version 6.15.1
[7.389s] -- Looking for ignition-transport8 -- found version 8.2.1
[7.390s] -- Searching for dependencies of ignition-transport8
[7.767s] -- Found Protobuf: /usr/lib/x86_64-linux-gnu/libprotobuf.so (found suitable version "3.12.4", minimum required is "3") 
[8.148s] -- Config-file not installed for ZeroMQ -- checking for pkg-config
[8.151s] -- Checking for module 'libzmq >= 4'
[8.159s] --   Found libzmq , version 4.3.4
[8.179s] -- Found ZeroMQ: TRUE (Required is at least version "4") 
[8.194s] -- Checking for module 'uuid'
[8.201s] --   Found uuid, version 2.37.2
[8.220s] -- Found UUID: TRUE  
[8.221s] -- Looking for ignition-msgs5 -- found version 5.8.1
[8.222s] -- Searching for dependencies of ignition-msgs5
[8.604s] -- Looking for ignition-math6 -- found version 6.15.1
[8.607s] -- Checking for module 'tinyxml2'
[8.614s] --   Found tinyxml2, version 9.0.0
[8.633s] -- Looking for ignition-msgs5 -- found version 5.8.1
[8.634s] -- Looking for ignition-common3 -- found version 3.14.0
[8.635s] -- Searching for dependencies of ignition-common3
[8.645s] -- Looking for dlfcn.h - found
[8.655s] -- Looking for libdl - found
[8.656s] -- Found DL: TRUE  
[8.682s] -- Found tinyobjloader: /usr/lib/x86_64-linux-gnu/cmake/tinyobjloader/tinyobjloader-config.cmake (found version "2.0.0") 
[8.682s] -- Searching for <ignition-common3> component [graphics]
[8.684s] -- Looking for ignition-common3-graphics -- found version 3.14.0
[8.684s] -- Searching for dependencies of ignition-common3-graphics
[8.684s] -- Looking for ignition-math6 -- found version 6.15.1
[8.686s] -- Looking for ignition-fuel_tools4 -- found version 4.4.0
[8.687s] -- Searching for dependencies of ignition-fuel_tools4
[9.151s] -- Found CURL: /usr/lib/x86_64-linux-gnu/libcurl.so (found version "7.81.0")  
[9.156s] -- Checking for module 'jsoncpp'
[9.164s] --   Found jsoncpp, version 1.9.5
[9.182s] -- Found JSONCPP: TRUE  
[9.185s] -- Checking for module 'libzip'
[9.192s] --   Found libzip, version 1.7.3
[9.210s] -- Found ZIP: TRUE  
[9.210s] -- Looking for ignition-common3 -- found version 3.14.0
[9.210s] -- Looking for ignition-math6 -- found version 6.15.1
[9.211s] -- Looking for ignition-msgs5 -- found version 5.8.1
[9.214s] -- Found gazebo_ros_pkgs: 3.9.0 (/opt/ros/humble/share/gazebo_ros_pkgs/cmake)
[9.216s] -- Found geometry_msgs: 4.9.0 (/opt/ros/humble/share/geometry_msgs/cmake)
[9.248s] -- Found rosidl_generator_c: 3.1.7 (/opt/ros/humble/share/rosidl_generator_c/cmake)
[9.252s] -- Found rosidl_adapter: 3.1.7 (/opt/ros/humble/share/rosidl_adapter/cmake)
[9.257s] -- Found rosidl_generator_cpp: 3.1.7 (/opt/ros/humble/share/rosidl_generator_cpp/cmake)
[9.265s] -- Using all available rosidl_typesupport_c: rosidl_typesupport_fastrtps_c;rosidl_typesupport_introspection_c
[9.276s] -- Using all available rosidl_typesupport_cpp: rosidl_typesupport_fastrtps_cpp;rosidl_typesupport_introspection_cpp
[9.301s] -- Found nav_msgs: 4.9.0 (/opt/ros/humble/share/nav_msgs/cmake)
[9.312s] -- Found rclcpp: 16.0.15 (/opt/ros/humble/share/rclcpp/cmake)
[9.337s] -- Found rmw_implementation_cmake: 6.1.2 (/opt/ros/humble/share/rmw_implementation_cmake/cmake)
[9.338s] -- Found rmw_fastrtps_cpp: 6.2.9 (/opt/ros/humble/share/rmw_fastrtps_cpp/cmake)
[9.797s] -- Found OpenSSL: /usr/lib/x86_64-linux-gnu/libcrypto.so (found version "3.0.2")  
[10.214s] -- Found FastRTPS: /opt/ros/humble/include  
[10.995s] -- Using RMW implementation 'rmw_fastrtps_cpp' as default
[11.002s] -- Found Threads: TRUE  
[11.025s] -- Found sensor_msgs: 4.9.0 (/opt/ros/humble/share/sensor_msgs/cmake)
[11.037s] -- Found tf2: 0.25.16 (/opt/ros/humble/share/tf2/cmake)
[11.099s] -- Configuring done
[11.134s] -- Generating done
[11.141s] -- Build files have been written to: /home/mg0220/launch/build/turtlebot3_gazebo
[11.150s] Invoked command in '/home/mg0220/launch/build/turtlebot3_gazebo' returned '0': CMAKE_PREFIX_PATH=${CMAKE_PREFIX_PATH}:/home/mg0220/launch/install/dwb_pkg:/opt/ros/humble /usr/bin/cmake /home/mg0220/launch/turtlebot3_simulations/turtlebot3_gazebo -DCMAKE_INSTALL_PREFIX=/home/mg0220/launch/install/turtlebot3_gazebo
[11.152s] Invoking command in '/home/mg0220/launch/build/turtlebot3_gazebo': CMAKE_PREFIX_PATH=${CMAKE_PREFIX_PATH}:/home/mg0220/launch/install/dwb_pkg:/opt/ros/humble /usr/bin/cmake --build /home/mg0220/launch/build/turtlebot3_gazebo -- -j20 -l20
[11.186s] [ 16%] [32mBuilding CXX object CMakeFiles/turtlebot3_drive.dir/src/turtlebot3_drive.cpp.o[0m
[11.186s] [ 25%] [32mBuilding CXX object CMakeFiles/traffic_bar_plugin.dir/src/traffic_bar_plugin.cpp.o[0m
[11.186s] [ 41%] [32mBuilding CXX object CMakeFiles/obstacle1.dir/src/obstacle1.cpp.o[0m
[11.186s] [ 41%] [32mBuilding CXX object CMakeFiles/obstacles.dir/src/obstacles.cpp.o[0m
[11.186s] [ 41%] [32mBuilding CXX object CMakeFiles/obstacle2.dir/src/obstacle2.cpp.o[0m
[11.186s] [ 50%] [32mBuilding CXX object CMakeFiles/traffic_light_plugin.dir/src/traffic_light_plugin.cpp.o[0m
[19.409s] [ 58%] [32m[1mLinking CXX executable turtlebot3_drive[0m
[19.801s] [ 58%] Built target turtlebot3_drive
[19.887s] [ 66%] [32m[1mLinking CXX shared library libobstacle1.so[0m
[19.932s] [ 75%] [32m[1mLinking CXX shared library libobstacle2.so[0m
[19.998s] [ 83%] [32m[1mLinking CXX shared library libobstacles.so[0m
[20.070s] [ 83%] Built target obstacle1
[20.109s] [ 91%] [32m[1mLinking CXX shared library libtraffic_bar_plugin.so[0m
[20.115s] [ 91%] Built target obstacle2
[20.140s] [100%] [32m[1mLinking CXX shared library libtraffic_light_plugin.so[0m
[20.172s] [100%] Built target obstacles
[20.285s] [100%] Built target traffic_bar_plugin
[20.349s] [100%] Built target traffic_light_plugin
[20.356s] Invoked command in '/home/mg0220/launch/build/turtlebot3_gazebo' returned '0': CMAKE_PREFIX_PATH=${CMAKE_PREFIX_PATH}:/home/mg0220/launch/install/dwb_pkg:/opt/ros/humble /usr/bin/cmake --build /home/mg0220/launch/build/turtlebot3_gazebo -- -j20 -l20
[20.358s] Invoking command in '/home/mg0220/launch/build/turtlebot3_gazebo': CMAKE_PREFIX_PATH=${CMAKE_PREFIX_PATH}:/home/mg0220/launch/install/dwb_pkg:/opt/ros/humble /usr/bin/cmake --install /home/mg0220/launch/build/turtlebot3_gazebo
[20.362s] -- Install configuration: ""
[20.362s] -- Installing: /home/mg0220/launch/install/turtlebot3_gazebo/lib/turtlebot3_gazebo/turtlebot3_drive
[20.366s] -- Set runtime path of "/home/mg0220/launch/install/turtlebot3_gazebo/lib/turtlebot3_gazebo/turtlebot3_drive" to ""
[20.366s] -- Installing: /home/mg0220/launch/install/turtlebot3_gazebo/share/turtlebot3_gazebo//launch
[20.366s] -- Installing: /home/mg0220/launch/install/turtlebot3_gazebo/share/turtlebot3_gazebo//launch/turtlebot3_dqn_stage3.launch.py
[20.366s] -- Installing: /home/mg0220/launch/install/turtlebot3_gazebo/share/turtlebot3_gazebo//launch/spawn_turtlebot3.launch.py
[20.366s] -- Installing: /home/mg0220/launch/install/turtlebot3_gazebo/share/turtlebot3_gazebo//launch/turtlebot3_dqn_stage1.launch.py
[20.366s] -- Installing: /home/mg0220/launch/install/turtlebot3_gazebo/share/turtlebot3_gazebo//launch/spawn_turtlebot3.launch.py:Zone.Identifier
[20.367s] -- Installing: /home/mg0220/launch/install/turtlebot3_gazebo/share/turtlebot3_gazebo//launch/turtlebot3_dqn_stage2.launch.py:Zone.Identifier
[20.367s] -- Installing: /home/mg0220/launch/install/turtlebot3_gazebo/share/turtlebot3_gazebo//launch/robot_state_publisher.launch.py
[20.367s] -- Installing: /home/mg0220/launch/install/turtlebot3_gazebo/share/turtlebot3_gazebo//launch/turtlebot3_maze3.launch.py
[20.367s] -- Installing: /home/mg0220/launch/install/turtlebot3_gazebo/share/turtlebot3_gazebo//launch/turtlebot3_autorace_2020.launch.py
[20.367s] -- Installing: /home/mg0220/launch/install/turtlebot3_gazebo/share/turtlebot3_gazebo//launch/turtlebot3_maze3.launch.py:Zone.Identifier
[20.367s] -- Installing: /home/mg0220/launch/install/turtlebot3_gazebo/share/turtlebot3_gazebo//launch/multi_robot.launch.py
[20.367s] -- Installing: /home/mg0220/launch/install/turtlebot3_gazebo/share/turtlebot3_gazebo//launch/turtlebot3_dqn_stage4.launch.py:Zone.Identifier
[20.367s] -- Installing: /home/mg0220/launch/install/turtlebot3_gazebo/share/turtlebot3_gazebo//launch/turtlebot3_dqn_stage2.launch.py
[20.367s] -- Installing: /home/mg0220/launch/install/turtlebot3_gazebo/share/turtlebot3_gazebo//launch/turtlebot3_dqn_stage3.launch.py:Zone.Identifier
[20.367s] -- Installing: /home/mg0220/launch/install/turtlebot3_gazebo/share/turtlebot3_gazebo//launch/empty_world.launch.py
[20.368s] -- Installing: /home/mg0220/launch/install/turtlebot3_gazebo/share/turtlebot3_gazebo//launch/multi_spawn_turtlebot3.launch.py
[20.368s] -- Installing: /home/mg0220/launch/install/turtlebot3_gazebo/share/turtlebot3_gazebo//launch/turtlebot3_dqn_stage1.launch.py:Zone.Identifier
[20.368s] -- Installing: /home/mg0220/launch/install/turtlebot3_gazebo/share/turtlebot3_gazebo//launch/multi_spawn_turtlebot3.launch.py:Zone.Identifier
[20.368s] -- Installing: /home/mg0220/launch/install/turtlebot3_gazebo/share/turtlebot3_gazebo//launch/turtlebot3_house.launch.py:Zone.Identifier
[20.368s] -- Installing: /home/mg0220/launch/install/turtlebot3_gazebo/share/turtlebot3_gazebo//launch/turtlebot3_autorace_2020.launch.py:Zone.Identifier
[20.368s] -- Installing: /home/mg0220/launch/install/turtlebot3_gazebo/share/turtlebot3_gazebo//launch/turtlebot3_world.launch.py:Zone.Identifier
[20.368s] -- Installing: /home/mg0220/launch/install/turtlebot3_gazebo/share/turtlebot3_gazebo//launch/turtlebot3_house.launch.py
[20.368s] -- Installing: /home/mg0220/launch/install/turtlebot3_gazebo/share/turtlebot3_gazebo//launch/multi_robot.launch.py:Zone.Identifier
[20.368s] -- Installing: /home/mg0220/launch/install/turtlebot3_gazebo/share/turtlebot3_gazebo//launch/turtlebot3_dqn_stage4.launch.py
[20.368s] -- Installing: /home/mg0220/launch/install/turtlebot3_gazebo/share/turtlebot3_gazebo//launch/turtlebot3_world.launch.py
[20.369s] -- Installing: /home/mg0220/launch/install/turtlebot3_gazebo/share/turtlebot3_gazebo//launch/empty_world.launch.py:Zone.Identifier
[20.369s] -- Installing: /home/mg0220/launch/install/turtlebot3_gazebo/share/turtlebot3_gazebo//launch/robot_state_publisher.launch.py:Zone.Identifier
[20.369s] -- Installing: /home/mg0220/launch/install/turtlebot3_gazebo/share/turtlebot3_gazebo//models
[20.369s] -- Installing: /home/mg0220/launch/install/turtlebot3_gazebo/share/turtlebot3_gazebo//models/turtlebot3_common
[20.369s] -- Installing: /home/mg0220/launch/install/turtlebot3_gazebo/share/turtlebot3_gazebo//models/turtlebot3_common/meshes
[20.369s] -- Installing: /home/mg0220/launch/install/turtlebot3_gazebo/share/turtlebot3_gazebo//models/turtlebot3_common/meshes/burger_base.dae
[20.369s] -- Installing: /home/mg0220/launch/install/turtlebot3_gazebo/share/turtlebot3_gazebo//models/turtlebot3_common/meshes/lds.dae:Zone.Identifier
[20.369s] -- Installing: /home/mg0220/launch/install/turtlebot3_gazebo/share/turtlebot3_gazebo//models/turtlebot3_common/meshes/lds.dae
[20.369s] -- Installing: /home/mg0220/launch/install/turtlebot3_gazebo/share/turtlebot3_gazebo//models/turtlebot3_common/meshes/r200.dae:Zone.Identifier
[20.369s] -- Installing: /home/mg0220/launch/install/turtlebot3_gazebo/share/turtlebot3_gazebo//models/turtlebot3_common/meshes/burger_base.dae:Zone.Identifier
[20.369s] -- Installing: /home/mg0220/launch/install/turtlebot3_gazebo/share/turtlebot3_gazebo//models/turtlebot3_common/meshes/sensors
[20.369s] -- Installing: /home/mg0220/launch/install/turtlebot3_gazebo/share/turtlebot3_gazebo//models/turtlebot3_common/meshes/sensors/astra.dae
[20.374s] -- Installing: /home/mg0220/launch/install/turtlebot3_gazebo/share/turtlebot3_gazebo//models/turtlebot3_common/meshes/sensors/r200.dae:Zone.Identifier
[20.374s] -- Installing: /home/mg0220/launch/install/turtlebot3_gazebo/share/turtlebot3_gazebo//models/turtlebot3_common/meshes/sensors/lds.stl:Zone.Identifier
[20.374s] -- Installing: /home/mg0220/launch/install/turtlebot3_gazebo/share/turtlebot3_gazebo//models/turtlebot3_common/meshes/sensors/r200.jpg:Zone.Identifier
[20.374s] -- Installing: /home/mg0220/launch/install/turtlebot3_gazebo/share/turtlebot3_gazebo//models/turtlebot3_common/meshes/sensors/astra.jpg:Zone.Identifier
[20.374s] -- Installing: /home/mg0220/launch/install/turtlebot3_gazebo/share/turtlebot3_gazebo//models/turtlebot3_common/meshes/sensors/r200.dae
[20.374s] -- Installing: /home/mg0220/launch/install/turtlebot3_gazebo/share/turtlebot3_gazebo//models/turtlebot3_common/meshes/sensors/astra.dae:Zone.Identifier
[20.374s] -- Installing: /home/mg0220/launch/install/turtlebot3_gazebo/share/turtlebot3_gazebo//models/turtlebot3_common/meshes/sensors/lds.stl
[20.375s] -- Installing: /home/mg0220/launch/install/turtlebot3_gazebo/share/turtlebot3_gazebo//models/turtlebot3_common/meshes/sensors/r200.jpg
[20.375s] -- Installing: /home/mg0220/launch/install/turtlebot3_gazebo/share/turtlebot3_gazebo//models/turtlebot3_common/meshes/sensors/astra.jpg
[20.375s] -- Installing: /home/mg0220/launch/install/turtlebot3_gazebo/share/turtlebot3_gazebo//models/turtlebot3_common/meshes/bases
[20.375s] -- Installing: /home/mg0220/launch/install/turtlebot3_gazebo/share/turtlebot3_gazebo//models/turtlebot3_common/meshes/bases/waffle_pi_base.stl:Zone.Identifier
[20.375s] -- Installing: /home/mg0220/launch/install/turtlebot3_gazebo/share/turtlebot3_gazebo//models/turtlebot3_common/meshes/bases/waffle_base.stl
[20.383s] -- Installing: /home/mg0220/launch/install/turtlebot3_gazebo/share/turtlebot3_gazebo//models/turtlebot3_common/meshes/bases/burger_base.stl
[20.386s] -- Installing: /home/mg0220/launch/install/turtlebot3_gazebo/share/turtlebot3_gazebo//models/turtlebot3_common/meshes/bases/waffle_pi_base.stl
[20.389s] -- Installing: /home/mg0220/launch/install/turtlebot3_gazebo/share/turtlebot3_gazebo//models/turtlebot3_common/meshes/bases/burger_base.stl:Zone.Identifier
[20.390s] -- Installing: /home/mg0220/launch/install/turtlebot3_gazebo/share/turtlebot3_gazebo//models/turtlebot3_common/meshes/bases/waffle_base.stl:Zone.Identifier
[20.390s] -- Installing: /home/mg0220/launch/install/turtlebot3_gazebo/share/turtlebot3_gazebo//models/turtlebot3_common/meshes/wheels
[20.390s] -- Installing: /home/mg0220/launch/install/turtlebot3_gazebo/share/turtlebot3_gazebo//models/turtlebot3_common/meshes/wheels/left_tire.stl
[20.390s] -- Installing: /home/mg0220/launch/install/turtlebot3_gazebo/share/turtlebot3_gazebo//models/turtlebot3_common/meshes/wheels/right_tire.stl:Zone.Identifier
[20.390s] -- Installing: /home/mg0220/launch/install/turtlebot3_gazebo/share/turtlebot3_gazebo//models/turtlebot3_common/meshes/wheels/left_tire.stl:Zone.Identifier
[20.390s] -- Installing: /home/mg0220/launch/install/turtlebot3_gazebo/share/turtlebot3_gazebo//models/turtlebot3_common/meshes/wheels/right_tire.stl
[20.391s] -- Installing: /home/mg0220/launch/install/turtlebot3_gazebo/share/turtlebot3_gazebo//models/turtlebot3_common/meshes/tire.dae
[20.391s] -- Installing: /home/mg0220/launch/install/turtlebot3_gazebo/share/turtlebot3_gazebo//models/turtlebot3_common/meshes/tire.dae:Zone.Identifier
[20.391s] -- Installing: /home/mg0220/launch/install/turtlebot3_gazebo/share/turtlebot3_gazebo//models/turtlebot3_common/meshes/waffle_base.dae:Zone.Identifier
[20.391s] -- Installing: /home/mg0220/launch/install/turtlebot3_gazebo/share/turtlebot3_gazebo//models/turtlebot3_common/meshes/r200.dae
[20.391s] -- Installing: /home/mg0220/launch/install/turtlebot3_gazebo/share/turtlebot3_gazebo//models/turtlebot3_common/meshes/waffle_pi_base.dae
[20.392s] -- Installing: /home/mg0220/launch/install/turtlebot3_gazebo/share/turtlebot3_gazebo//models/turtlebot3_common/meshes/waffle_pi_base.dae:Zone.Identifier
[20.392s] -- Installing: /home/mg0220/launch/install/turtlebot3_gazebo/share/turtlebot3_gazebo//models/turtlebot3_common/meshes/waffle_base.dae
[20.392s] -- Installing: /home/mg0220/launch/install/turtlebot3_gazebo/share/turtlebot3_gazebo//models/turtlebot3_common/model.config:Zone.Identifier
[20.392s] -- Installing: /home/mg0220/launch/install/turtlebot3_gazebo/share/turtlebot3_gazebo//models/turtlebot3_common/model.config
[20.392s] -- Installing: /home/mg0220/launch/install/turtlebot3_gazebo/share/turtlebot3_gazebo//models/turtlebot3_waffle_pi
[20.392s] -- Installing: /home/mg0220/launch/install/turtlebot3_gazebo/share/turtlebot3_gazebo//models/turtlebot3_waffle_pi/model-1_4_.sdf:Zone.Identifier
[20.392s] -- Installing: /home/mg0220/launch/install/turtlebot3_gazebo/share/turtlebot3_gazebo//models/turtlebot3_waffle_pi/model.config:Zone.Identifier
[20.392s] -- Installing: /home/mg0220/launch/install/turtlebot3_gazebo/share/turtlebot3_gazebo//models/turtlebot3_waffle_pi/model.sdf
[20.392s] -- Installing: /home/mg0220/launch/install/turtlebot3_gazebo/share/turtlebot3_gazebo//models/turtlebot3_waffle_pi/model.config
[20.392s] -- Installing: /home/mg0220/launch/install/turtlebot3_gazebo/share/turtlebot3_gazebo//models/turtlebot3_waffle_pi/model-1_4_.sdf
[20.392s] -- Installing: /home/mg0220/launch/install/turtlebot3_gazebo/share/turtlebot3_gazebo//models/turtlebot3_waffle_pi/model.sdf:Zone.Identifier
[20.393s] -- Installing: /home/mg0220/launch/install/turtlebot3_gazebo/share/turtlebot3_gazebo//models/turtlebot3_world
[20.393s] -- Installing: /home/mg0220/launch/install/turtlebot3_gazebo/share/turtlebot3_gazebo//models/turtlebot3_world/model-1_4.sdf
[20.393s] -- Installing: /home/mg0220/launch/install/turtlebot3_gazebo/share/turtlebot3_gazebo//models/turtlebot3_world/meshes
[20.393s] -- Installing: /home/mg0220/launch/install/turtlebot3_gazebo/share/turtlebot3_gazebo//models/turtlebot3_world/meshes/hexagon.dae:Zone.Identifier
[20.393s] -- Installing: /home/mg0220/launch/install/turtlebot3_gazebo/share/turtlebot3_gazebo//models/turtlebot3_world/meshes/hexagon.dae
[20.393s] -- Installing: /home/mg0220/launch/install/turtlebot3_gazebo/share/turtlebot3_gazebo//models/turtlebot3_world/meshes/wall.dae
[20.393s] -- Installing: /home/mg0220/launch/install/turtlebot3_gazebo/share/turtlebot3_gazebo//models/turtlebot3_world/meshes/wall.dae:Zone.Identifier
[20.393s] -- Installing: /home/mg0220/launch/install/turtlebot3_gazebo/share/turtlebot3_gazebo//models/turtlebot3_world/model.config:Zone.Identifier
[20.393s] -- Installing: /home/mg0220/launch/install/turtlebot3_gazebo/share/turtlebot3_gazebo//models/turtlebot3_world/model.sdf
[20.393s] -- Installing: /home/mg0220/launch/install/turtlebot3_gazebo/share/turtlebot3_gazebo//models/turtlebot3_world/model-1_4.sdf:Zone.Identifier
[20.394s] -- Installing: /home/mg0220/launch/install/turtlebot3_gazebo/share/turtlebot3_gazebo//models/turtlebot3_world/model.config
[20.394s] -- Installing: /home/mg0220/launch/install/turtlebot3_gazebo/share/turtlebot3_gazebo//models/turtlebot3_world/model.sdf:Zone.Identifier
[20.394s] -- Installing: /home/mg0220/launch/install/turtlebot3_gazebo/share/turtlebot3_gazebo//models/turtlebot3_dqn_world
[20.394s] -- Installing: /home/mg0220/launch/install/turtlebot3_gazebo/share/turtlebot3_gazebo//models/turtlebot3_dqn_world/goal_box
[20.394s] -- Installing: /home/mg0220/launch/install/turtlebot3_gazebo/share/turtlebot3_gazebo//models/turtlebot3_dqn_world/goal_box/model.config:Zone.Identifier
[20.394s] -- Installing: /home/mg0220/launch/install/turtlebot3_gazebo/share/turtlebot3_gazebo//models/turtlebot3_dqn_world/goal_box/model.sdf
[20.394s] -- Installing: /home/mg0220/launch/install/turtlebot3_gazebo/share/turtlebot3_gazebo//models/turtlebot3_dqn_world/goal_box/model.config
[20.394s] -- Installing: /home/mg0220/launch/install/turtlebot3_gazebo/share/turtlebot3_gazebo//models/turtlebot3_dqn_world/goal_box/model.sdf:Zone.Identifier
[20.394s] -- Installing: /home/mg0220/launch/install/turtlebot3_gazebo/share/turtlebot3_gazebo//models/turtlebot3_dqn_world/model.config:Zone.Identifier
[20.394s] -- Installing: /home/mg0220/launch/install/turtlebot3_gazebo/share/turtlebot3_gazebo//models/turtlebot3_dqn_world/obstacle1
[20.394s] -- Installing: /home/mg0220/launch/install/turtlebot3_gazebo/share/turtlebot3_gazebo//models/turtlebot3_dqn_world/obstacle1/model.config:Zone.Identifier
[20.395s] -- Installing: /home/mg0220/launch/install/turtlebot3_gazebo/share/turtlebot3_gazebo//models/turtlebot3_dqn_world/obstacle1/model.sdf
[20.395s] -- Installing: /home/mg0220/launch/install/turtlebot3_gazebo/share/turtlebot3_gazebo//models/turtlebot3_dqn_world/obstacle1/model.config
[20.395s] -- Installing: /home/mg0220/launch/install/turtlebot3_gazebo/share/turtlebot3_gazebo//models/turtlebot3_dqn_world/obstacle1/model.sdf:Zone.Identifier
[20.395s] -- Installing: /home/mg0220/launch/install/turtlebot3_gazebo/share/turtlebot3_gazebo//models/turtlebot3_dqn_world/obstacles
[20.395s] -- Installing: /home/mg0220/launch/install/turtlebot3_gazebo/share/turtlebot3_gazebo//models/turtlebot3_dqn_world/obstacles/model.config:Zone.Identifier
[20.395s] -- Installing: /home/mg0220/launch/install/turtlebot3_gazebo/share/turtlebot3_gazebo//models/turtlebot3_dqn_world/obstacles/model.sdf
[20.395s] -- Installing: /home/mg0220/launch/install/turtlebot3_gazebo/share/turtlebot3_gazebo//models/turtlebot3_dqn_world/obstacles/model.config
[20.396s] -- Installing: /home/mg0220/launch/install/turtlebot3_gazebo/share/turtlebot3_gazebo//models/turtlebot3_dqn_world/obstacles/model.sdf:Zone.Identifier
[20.396s] -- Installing: /home/mg0220/launch/install/turtlebot3_gazebo/share/turtlebot3_gazebo//models/turtlebot3_dqn_world/model.sdf
[20.396s] -- Installing: /home/mg0220/launch/install/turtlebot3_gazebo/share/turtlebot3_gazebo//models/turtlebot3_dqn_world/model.config
[20.396s] -- Installing: /home/mg0220/launch/install/turtlebot3_gazebo/share/turtlebot3_gazebo//models/turtlebot3_dqn_world/obstacle2
[20.396s] -- Installing: /home/mg0220/launch/install/turtlebot3_gazebo/share/turtlebot3_gazebo//models/turtlebot3_dqn_world/obstacle2/model.config:Zone.Identifier
[20.396s] -- Installing: /home/mg0220/launch/install/turtlebot3_gazebo/share/turtlebot3_gazebo//models/turtlebot3_dqn_world/obstacle2/model.sdf
[20.396s] -- Installing: /home/mg0220/launch/install/turtlebot3_gazebo/share/turtlebot3_gazebo//models/turtlebot3_dqn_world/obstacle2/model.config
[20.396s] -- Installing: /home/mg0220/launch/install/turtlebot3_gazebo/share/turtlebot3_gazebo//models/turtlebot3_dqn_world/obstacle2/model.sdf:Zone.Identifier
[20.396s] -- Installing: /home/mg0220/launch/install/turtlebot3_gazebo/share/turtlebot3_gazebo//models/turtlebot3_dqn_world/model.sdf:Zone.Identifier
[20.396s] -- Installing: /home/mg0220/launch/install/turtlebot3_gazebo/share/turtlebot3_gazebo//models/turtlebot3_dqn_world/inner_walls
[20.396s] -- Installing: /home/mg0220/launch/install/turtlebot3_gazebo/share/turtlebot3_gazebo//models/turtlebot3_dqn_world/inner_walls/model.config:Zone.Identifier
[20.397s] -- Installing: /home/mg0220/launch/install/turtlebot3_gazebo/share/turtlebot3_gazebo//models/turtlebot3_dqn_world/inner_walls/model.sdf
[20.397s] -- Installing: /home/mg0220/launch/install/turtlebot3_gazebo/share/turtlebot3_gazebo//models/turtlebot3_dqn_world/inner_walls/model.config
[20.397s] -- Installing: /home/mg0220/launch/install/turtlebot3_gazebo/share/turtlebot3_gazebo//models/turtlebot3_dqn_world/inner_walls/model.sdf:Zone.Identifier
[20.397s] -- Installing: /home/mg0220/launch/install/turtlebot3_gazebo/share/turtlebot3_gazebo//models/turtlebot3_burger_cam
[20.397s] -- Installing: /home/mg0220/launch/install/turtlebot3_gazebo/share/turtlebot3_gazebo//models/turtlebot3_burger_cam/model-1_4.sdf
[20.397s] -- Installing: /home/mg0220/launch/install/turtlebot3_gazebo/share/turtlebot3_gazebo//models/turtlebot3_burger_cam/model.config:Zone.Identifier
[20.397s] -- Installing: /home/mg0220/launch/install/turtlebot3_gazebo/share/turtlebot3_gazebo//models/turtlebot3_burger_cam/model.sdf
[20.397s] -- Installing: /home/mg0220/launch/install/turtlebot3_gazebo/share/turtlebot3_gazebo//models/turtlebot3_burger_cam/model-1_4.sdf:Zone.Identifier
[20.397s] -- Installing: /home/mg0220/launch/install/turtlebot3_gazebo/share/turtlebot3_gazebo//models/turtlebot3_burger_cam/model.config
[20.397s] -- Installing: /home/mg0220/launch/install/turtlebot3_gazebo/share/turtlebot3_gazebo//models/turtlebot3_burger_cam/model.sdf:Zone.Identifier
[20.398s] -- Installing: /home/mg0220/launch/install/turtlebot3_gazebo/share/turtlebot3_gazebo//models/turtlebot3_autorace_2020
[20.398s] -- Installing: /home/mg0220/launch/install/turtlebot3_gazebo/share/turtlebot3_gazebo//models/turtlebot3_autorace_2020/traffic_intersection
[20.398s] -- Installing: /home/mg0220/launch/install/turtlebot3_gazebo/share/turtlebot3_gazebo//models/turtlebot3_autorace_2020/traffic_intersection/materials
[20.398s] -- Installing: /home/mg0220/launch/install/turtlebot3_gazebo/share/turtlebot3_gazebo//models/turtlebot3_autorace_2020/traffic_intersection/materials/textures
[20.398s] -- Installing: /home/mg0220/launch/install/turtlebot3_gazebo/share/turtlebot3_gazebo//models/turtlebot3_autorace_2020/traffic_intersection/materials/textures/traffic_intersection.png:Zone.Identifier
[20.398s] -- Installing: /home/mg0220/launch/install/turtlebot3_gazebo/share/turtlebot3_gazebo//models/turtlebot3_autorace_2020/traffic_intersection/materials/textures/traffic_intersection.png
[20.398s] -- Installing: /home/mg0220/launch/install/turtlebot3_gazebo/share/turtlebot3_gazebo//models/turtlebot3_autorace_2020/traffic_intersection/materials/scripts
[20.398s] -- Installing: /home/mg0220/launch/install/turtlebot3_gazebo/share/turtlebot3_gazebo//models/turtlebot3_autorace_2020/traffic_intersection/materials/scripts/traffic_intersection.material
[20.398s] -- Installing: /home/mg0220/launch/install/turtlebot3_gazebo/share/turtlebot3_gazebo//models/turtlebot3_autorace_2020/traffic_intersection/materials/scripts/traffic_intersection.material:Zone.Identifier
[20.398s] -- Installing: /home/mg0220/launch/install/turtlebot3_gazebo/share/turtlebot3_gazebo//models/turtlebot3_autorace_2020/traffic_intersection/model.config:Zone.Identifier
[20.398s] -- Installing: /home/mg0220/launch/install/turtlebot3_gazebo/share/turtlebot3_gazebo//models/turtlebot3_autorace_2020/traffic_intersection/model.sdf
[20.398s] -- Installing: /home/mg0220/launch/install/turtlebot3_gazebo/share/turtlebot3_gazebo//models/turtlebot3_autorace_2020/traffic_intersection/model.config
[20.399s] -- Installing: /home/mg0220/launch/install/turtlebot3_gazebo/share/turtlebot3_gazebo//models/turtlebot3_autorace_2020/traffic_intersection/model.sdf:Zone.Identifier
[20.399s] -- Installing: /home/mg0220/launch/install/turtlebot3_gazebo/share/turtlebot3_gazebo//models/turtlebot3_autorace_2020/checker
[20.399s] -- Installing: /home/mg0220/launch/install/turtlebot3_gazebo/share/turtlebot3_gazebo//models/turtlebot3_autorace_2020/checker/materials
[20.399s] -- Installing: /home/mg0220/launch/install/turtlebot3_gazebo/share/turtlebot3_gazebo//models/turtlebot3_autorace_2020/checker/materials/checker.png:Zone.Identifier
[20.399s] -- Installing: /home/mg0220/launch/install/turtlebot3_gazebo/share/turtlebot3_gazebo//models/turtlebot3_autorace_2020/checker/materials/textures
[20.400s] -- Installing: /home/mg0220/launch/install/turtlebot3_gazebo/share/turtlebot3_gazebo//models/turtlebot3_autorace_2020/checker/materials/textures/checker.png:Zone.Identifier
[20.400s] -- Installing: /home/mg0220/launch/install/turtlebot3_gazebo/share/turtlebot3_gazebo//models/turtlebot3_autorace_2020/checker/materials/textures/checker.png
[20.400s] -- Installing: /home/mg0220/launch/install/turtlebot3_gazebo/share/turtlebot3_gazebo//models/turtlebot3_autorace_2020/checker/materials/checker.png
[20.400s] -- Installing: /home/mg0220/launch/install/turtlebot3_gazebo/share/turtlebot3_gazebo//models/turtlebot3_autorace_2020/checker/materials/scripts
[20.400s] -- Installing: /home/mg0220/launch/install/turtlebot3_gazebo/share/turtlebot3_gazebo//models/turtlebot3_autorace_2020/checker/materials/scripts/checker.material:Zone.Identifier
[20.400s] -- Installing: /home/mg0220/launch/install/turtlebot3_gazebo/share/turtlebot3_gazebo//models/turtlebot3_autorace_2020/checker/materials/scripts/checker.material
[20.400s] -- Installing: /home/mg0220/launch/install/turtlebot3_gazebo/share/turtlebot3_gazebo//models/turtlebot3_autorace_2020/checker/model.config:Zone.Identifier
[20.400s] -- Installing: /home/mg0220/launch/install/turtlebot3_gazebo/share/turtlebot3_gazebo//models/turtlebot3_autorace_2020/checker/model.sdf
[20.400s] -- Installing: /home/mg0220/launch/install/turtlebot3_gazebo/share/turtlebot3_gazebo//models/turtlebot3_autorace_2020/checker/model.config
[20.400s] -- Installing: /home/mg0220/launch/install/turtlebot3_gazebo/share/turtlebot3_gazebo//models/turtlebot3_autorace_2020/checker/model.sdf:Zone.Identifier
[20.401s] -- Installing: /home/mg0220/launch/install/turtlebot3_gazebo/share/turtlebot3_gazebo//models/turtlebot3_autorace_2020/traffic_bar
[20.401s] -- Installing: /home/mg0220/launch/install/turtlebot3_gazebo/share/turtlebot3_gazebo//models/turtlebot3_autorace_2020/traffic_bar/materials
[20.401s] -- Installing: /home/mg0220/launch/install/turtlebot3_gazebo/share/turtlebot3_gazebo//models/turtlebot3_autorace_2020/traffic_bar/materials/textures
[20.401s] -- Installing: /home/mg0220/launch/install/turtlebot3_gazebo/share/turtlebot3_gazebo//models/turtlebot3_autorace_2020/traffic_bar/materials/textures/traffic_bar.png:Zone.Identifier
[20.401s] -- Installing: /home/mg0220/launch/install/turtlebot3_gazebo/share/turtlebot3_gazebo//models/turtlebot3_autorace_2020/traffic_bar/materials/textures/traffic_bar.png
[20.401s] -- Installing: /home/mg0220/launch/install/turtlebot3_gazebo/share/turtlebot3_gazebo//models/turtlebot3_autorace_2020/traffic_bar/materials/scripts
[20.401s] -- Installing: /home/mg0220/launch/install/turtlebot3_gazebo/share/turtlebot3_gazebo//models/turtlebot3_autorace_2020/traffic_bar/materials/scripts/traffic_bar.material
[20.401s] -- Installing: /home/mg0220/launch/install/turtlebot3_gazebo/share/turtlebot3_gazebo//models/turtlebot3_autorace_2020/traffic_bar/materials/scripts/traffic_bar.material:Zone.Identifier
[20.401s] -- Installing: /home/mg0220/launch/install/turtlebot3_gazebo/share/turtlebot3_gazebo//models/turtlebot3_autorace_2020/traffic_bar/model.config:Zone.Identifier
[20.401s] -- Installing: /home/mg0220/launch/install/turtlebot3_gazebo/share/turtlebot3_gazebo//models/turtlebot3_autorace_2020/traffic_bar/model.sdf
[20.401s] -- Installing: /home/mg0220/launch/install/turtlebot3_gazebo/share/turtlebot3_gazebo//models/turtlebot3_autorace_2020/traffic_bar/model.config
[20.401s] -- Installing: /home/mg0220/launch/install/turtlebot3_gazebo/share/turtlebot3_gazebo//models/turtlebot3_autorace_2020/traffic_bar/model.sdf:Zone.Identifier
[20.402s] -- Installing: /home/mg0220/launch/install/turtlebot3_gazebo/share/turtlebot3_gazebo//models/turtlebot3_autorace_2020/traffic_parking
[20.402s] -- Installing: /home/mg0220/launch/install/turtlebot3_gazebo/share/turtlebot3_gazebo//models/turtlebot3_autorace_2020/traffic_parking/materials
[20.402s] -- Installing: /home/mg0220/launch/install/turtlebot3_gazebo/share/turtlebot3_gazebo//models/turtlebot3_autorace_2020/traffic_parking/materials/textures
[20.402s] -- Installing: /home/mg0220/launch/install/turtlebot3_gazebo/share/turtlebot3_gazebo//models/turtlebot3_autorace_2020/traffic_parking/materials/textures/traffic_parking.png:Zone.Identifier
[20.402s] -- Installing: /home/mg0220/launch/install/turtlebot3_gazebo/share/turtlebot3_gazebo//models/turtlebot3_autorace_2020/traffic_parking/materials/textures/traffic_parking.png
[20.402s] -- Installing: /home/mg0220/launch/install/turtlebot3_gazebo/share/turtlebot3_gazebo//models/turtlebot3_autorace_2020/traffic_parking/materials/scripts
[20.402s] -- Installing: /home/mg0220/launch/install/turtlebot3_gazebo/share/turtlebot3_gazebo//models/turtlebot3_autorace_2020/traffic_parking/materials/scripts/traffic_parking.material:Zone.Identifier
[20.402s] -- Installing: /home/mg0220/launch/install/turtlebot3_gazebo/share/turtlebot3_gazebo//models/turtlebot3_autorace_2020/traffic_parking/materials/scripts/traffic_parking.material
[20.402s] -- Installing: /home/mg0220/launch/install/turtlebot3_gazebo/share/turtlebot3_gazebo//models/turtlebot3_autorace_2020/traffic_parking/model.config:Zone.Identifier
[20.402s] -- Installing: /home/mg0220/launch/install/turtlebot3_gazebo/share/turtlebot3_gazebo//models/turtlebot3_autorace_2020/traffic_parking/model.sdf
[20.402s] -- Installing: /home/mg0220/launch/install/turtlebot3_gazebo/share/turtlebot3_gazebo//models/turtlebot3_autorace_2020/traffic_parking/model.config
[20.403s] -- Installing: /home/mg0220/launch/install/turtlebot3_gazebo/share/turtlebot3_gazebo//models/turtlebot3_autorace_2020/traffic_parking/model.sdf:Zone.Identifier
[20.403s] -- Installing: /home/mg0220/launch/install/turtlebot3_gazebo/share/turtlebot3_gazebo//models/turtlebot3_autorace_2020/traffic_pl_left
[20.403s] -- Installing: /home/mg0220/launch/install/turtlebot3_gazebo/share/turtlebot3_gazebo//models/turtlebot3_autorace_2020/traffic_pl_left/materials
[20.403s] -- Installing: /home/mg0220/launch/install/turtlebot3_gazebo/share/turtlebot3_gazebo//models/turtlebot3_autorace_2020/traffic_pl_left/materials/textures
[20.403s] -- Installing: /home/mg0220/launch/install/turtlebot3_gazebo/share/turtlebot3_gazebo//models/turtlebot3_autorace_2020/traffic_pl_left/materials/textures/traffic_pl_left.png:Zone.Identifier
[20.403s] -- Installing: /home/mg0220/launch/install/turtlebot3_gazebo/share/turtlebot3_gazebo//models/turtlebot3_autorace_2020/traffic_pl_left/materials/textures/traffic_pl_left.png
[20.403s] -- Installing: /home/mg0220/launch/install/turtlebot3_gazebo/share/turtlebot3_gazebo//models/turtlebot3_autorace_2020/traffic_pl_left/materials/scripts
[20.403s] -- Installing: /home/mg0220/launch/install/turtlebot3_gazebo/share/turtlebot3_gazebo//models/turtlebot3_autorace_2020/traffic_pl_left/materials/scripts/traffic_pl_left.material:Zone.Identifier
[20.403s] -- Installing: /home/mg0220/launch/install/turtlebot3_gazebo/share/turtlebot3_gazebo//models/turtlebot3_autorace_2020/traffic_pl_left/materials/scripts/traffic_pl_left.material
[20.404s] -- Installing: /home/mg0220/launch/install/turtlebot3_gazebo/share/turtlebot3_gazebo//models/turtlebot3_autorace_2020/traffic_pl_left/model.config:Zone.Identifier
[20.404s] -- Installing: /home/mg0220/launch/install/turtlebot3_gazebo/share/turtlebot3_gazebo//models/turtlebot3_autorace_2020/traffic_pl_left/model.sdf
[20.404s] -- Installing: /home/mg0220/launch/install/turtlebot3_gazebo/share/turtlebot3_gazebo//models/turtlebot3_autorace_2020/traffic_pl_left/model.config
[20.404s] -- Installing: /home/mg0220/launch/install/turtlebot3_gazebo/share/turtlebot3_gazebo//models/turtlebot3_autorace_2020/traffic_pl_left/model.sdf:Zone.Identifier
[20.404s] -- Installing: /home/mg0220/launch/install/turtlebot3_gazebo/share/turtlebot3_gazebo//models/turtlebot3_autorace_2020/traffic_tunnel
[20.404s] -- Installing: /home/mg0220/launch/install/turtlebot3_gazebo/share/turtlebot3_gazebo//models/turtlebot3_autorace_2020/traffic_tunnel/materials
[20.404s] -- Installing: /home/mg0220/launch/install/turtlebot3_gazebo/share/turtlebot3_gazebo//models/turtlebot3_autorace_2020/traffic_tunnel/materials/textures
[20.404s] -- Installing: /home/mg0220/launch/install/turtlebot3_gazebo/share/turtlebot3_gazebo//models/turtlebot3_autorace_2020/traffic_tunnel/materials/textures/tunnel.png
[20.404s] -- Installing: /home/mg0220/launch/install/turtlebot3_gazebo/share/turtlebot3_gazebo//models/turtlebot3_autorace_2020/traffic_tunnel/materials/textures/tunnel.png:Zone.Identifier
[20.404s] -- Installing: /home/mg0220/launch/install/turtlebot3_gazebo/share/turtlebot3_gazebo//models/turtlebot3_autorace_2020/traffic_tunnel/materials/scripts
[20.404s] -- Installing: /home/mg0220/launch/install/turtlebot3_gazebo/share/turtlebot3_gazebo//models/turtlebot3_autorace_2020/traffic_tunnel/materials/scripts/tunnel.material
[20.404s] -- Installing: /home/mg0220/launch/install/turtlebot3_gazebo/share/turtlebot3_gazebo//models/turtlebot3_autorace_2020/traffic_tunnel/materials/scripts/tunnel.material:Zone.Identifier
[20.405s] -- Installing: /home/mg0220/launch/install/turtlebot3_gazebo/share/turtlebot3_gazebo//models/turtlebot3_autorace_2020/traffic_tunnel/model.config:Zone.Identifier
[20.405s] -- Installing: /home/mg0220/launch/install/turtlebot3_gazebo/share/turtlebot3_gazebo//models/turtlebot3_autorace_2020/traffic_tunnel/model.sdf
[20.405s] -- Installing: /home/mg0220/launch/install/turtlebot3_gazebo/share/turtlebot3_gazebo//models/turtlebot3_autorace_2020/traffic_tunnel/model.config
[20.405s] -- Installing: /home/mg0220/launch/install/turtlebot3_gazebo/share/turtlebot3_gazebo//models/turtlebot3_autorace_2020/traffic_tunnel/model.sdf:Zone.Identifier
[20.405s] -- Installing: /home/mg0220/launch/install/turtlebot3_gazebo/share/turtlebot3_gazebo//models/turtlebot3_autorace_2020/traffic_light
[20.405s] -- Installing: /home/mg0220/launch/install/turtlebot3_gazebo/share/turtlebot3_gazebo//models/turtlebot3_autorace_2020/traffic_light/materials
[20.405s] -- Installing: /home/mg0220/launch/install/turtlebot3_gazebo/share/turtlebot3_gazebo//models/turtlebot3_autorace_2020/traffic_light/materials/textures
[20.405s] -- Installing: /home/mg0220/launch/install/turtlebot3_gazebo/share/turtlebot3_gazebo//models/turtlebot3_autorace_2020/traffic_light/materials/textures/traffic_light_red.png
[20.405s] -- Installing: /home/mg0220/launch/install/turtlebot3_gazebo/share/turtlebot3_gazebo//models/turtlebot3_autorace_2020/traffic_light/materials/textures/traffic_light_red.png:Zone.Identifier
[20.405s] -- Installing: /home/mg0220/launch/install/turtlebot3_gazebo/share/turtlebot3_gazebo//models/turtlebot3_autorace_2020/traffic_light/materials/textures/traffic_light.png
[20.405s] -- Installing: /home/mg0220/launch/install/turtlebot3_gazebo/share/turtlebot3_gazebo//models/turtlebot3_autorace_2020/traffic_light/materials/textures/traffic_light_green.png:Zone.Identifier
[20.405s] -- Installing: /home/mg0220/launch/install/turtlebot3_gazebo/share/turtlebot3_gazebo//models/turtlebot3_autorace_2020/traffic_light/materials/textures/traffic_light_yellow.png
[20.406s] -- Installing: /home/mg0220/launch/install/turtlebot3_gazebo/share/turtlebot3_gazebo//models/turtlebot3_autorace_2020/traffic_light/materials/textures/traffic_light_green.png
[20.406s] -- Installing: /home/mg0220/launch/install/turtlebot3_gazebo/share/turtlebot3_gazebo//models/turtlebot3_autorace_2020/traffic_light/materials/textures/traffic_light_yellow.png:Zone.Identifier
[20.406s] -- Installing: /home/mg0220/launch/install/turtlebot3_gazebo/share/turtlebot3_gazebo//models/turtlebot3_autorace_2020/traffic_light/materials/textures/traffic_light.png:Zone.Identifier
[20.406s] -- Installing: /home/mg0220/launch/install/turtlebot3_gazebo/share/turtlebot3_gazebo//models/turtlebot3_autorace_2020/traffic_light/materials/scripts
[20.406s] -- Installing: /home/mg0220/launch/install/turtlebot3_gazebo/share/turtlebot3_gazebo//models/turtlebot3_autorace_2020/traffic_light/materials/scripts/traffic_light.material
[20.406s] -- Installing: /home/mg0220/launch/install/turtlebot3_gazebo/share/turtlebot3_gazebo//models/turtlebot3_autorace_2020/traffic_light/materials/scripts/traffic_light.material:Zone.Identifier
[20.406s] -- Installing: /home/mg0220/launch/install/turtlebot3_gazebo/share/turtlebot3_gazebo//models/turtlebot3_autorace_2020/traffic_light/model.config:Zone.Identifier
[20.406s] -- Installing: /home/mg0220/launch/install/turtlebot3_gazebo/share/turtlebot3_gazebo//models/turtlebot3_autorace_2020/traffic_light/model.sdf
[20.406s] -- Installing: /home/mg0220/launch/install/turtlebot3_gazebo/share/turtlebot3_gazebo//models/turtlebot3_autorace_2020/traffic_light/model.config
[20.406s] -- Installing: /home/mg0220/launch/install/turtlebot3_gazebo/share/turtlebot3_gazebo//models/turtlebot3_autorace_2020/traffic_light/model.sdf:Zone.Identifier
[20.407s] -- Installing: /home/mg0220/launch/install/turtlebot3_gazebo/share/turtlebot3_gazebo//models/turtlebot3_autorace_2020/traffic_right
[20.407s] -- Installing: /home/mg0220/launch/install/turtlebot3_gazebo/share/turtlebot3_gazebo//models/turtlebot3_autorace_2020/traffic_right/materials
[20.407s] -- Installing: /home/mg0220/launch/install/turtlebot3_gazebo/share/turtlebot3_gazebo//models/turtlebot3_autorace_2020/traffic_right/materials/textures
[20.407s] -- Installing: /home/mg0220/launch/install/turtlebot3_gazebo/share/turtlebot3_gazebo//models/turtlebot3_autorace_2020/traffic_right/materials/textures/traffic_right.png:Zone.Identifier
[20.407s] -- Installing: /home/mg0220/launch/install/turtlebot3_gazebo/share/turtlebot3_gazebo//models/turtlebot3_autorace_2020/traffic_right/materials/textures/traffic_right.png
[20.407s] -- Installing: /home/mg0220/launch/install/turtlebot3_gazebo/share/turtlebot3_gazebo//models/turtlebot3_autorace_2020/traffic_right/materials/scripts
[20.407s] -- Installing: /home/mg0220/launch/install/turtlebot3_gazebo/share/turtlebot3_gazebo//models/turtlebot3_autorace_2020/traffic_right/materials/scripts/traffic_right.material:Zone.Identifier
[20.407s] -- Installing: /home/mg0220/launch/install/turtlebot3_gazebo/share/turtlebot3_gazebo//models/turtlebot3_autorace_2020/traffic_right/materials/scripts/traffic_right.material
[20.407s] -- Installing: /home/mg0220/launch/install/turtlebot3_gazebo/share/turtlebot3_gazebo//models/turtlebot3_autorace_2020/traffic_right/model.config:Zone.Identifier
[20.407s] -- Installing: /home/mg0220/launch/install/turtlebot3_gazebo/share/turtlebot3_gazebo//models/turtlebot3_autorace_2020/traffic_right/model.sdf
[20.407s] -- Installing: /home/mg0220/launch/install/turtlebot3_gazebo/share/turtlebot3_gazebo//models/turtlebot3_autorace_2020/traffic_right/model.config
[20.407s] -- Installing: /home/mg0220/launch/install/turtlebot3_gazebo/share/turtlebot3_gazebo//models/turtlebot3_autorace_2020/traffic_right/model.sdf:Zone.Identifier
[20.408s] -- Installing: /home/mg0220/launch/install/turtlebot3_gazebo/share/turtlebot3_gazebo//models/turtlebot3_autorace_2020/traffic_construction
[20.408s] -- Installing: /home/mg0220/launch/install/turtlebot3_gazebo/share/turtlebot3_gazebo//models/turtlebot3_autorace_2020/traffic_construction/materials
[20.408s] -- Installing: /home/mg0220/launch/install/turtlebot3_gazebo/share/turtlebot3_gazebo//models/turtlebot3_autorace_2020/traffic_construction/materials/textures
[20.408s] -- Installing: /home/mg0220/launch/install/turtlebot3_gazebo/share/turtlebot3_gazebo//models/turtlebot3_autorace_2020/traffic_construction/materials/textures/traffic_construction.png:Zone.Identifier
[20.408s] -- Installing: /home/mg0220/launch/install/turtlebot3_gazebo/share/turtlebot3_gazebo//models/turtlebot3_autorace_2020/traffic_construction/materials/textures/traffic_construction.png
[20.408s] -- Installing: /home/mg0220/launch/install/turtlebot3_gazebo/share/turtlebot3_gazebo//models/turtlebot3_autorace_2020/traffic_construction/materials/scripts
[20.408s] -- Installing: /home/mg0220/launch/install/turtlebot3_gazebo/share/turtlebot3_gazebo//models/turtlebot3_autorace_2020/traffic_construction/materials/scripts/traffic_construction.material:Zone.Identifier
[20.408s] -- Installing: /home/mg0220/launch/install/turtlebot3_gazebo/share/turtlebot3_gazebo//models/turtlebot3_autorace_2020/traffic_construction/materials/scripts/traffic_construction.material
[20.408s] -- Installing: /home/mg0220/launch/install/turtlebot3_gazebo/share/turtlebot3_gazebo//models/turtlebot3_autorace_2020/traffic_construction/model.config:Zone.Identifier
[20.408s] -- Installing: /home/mg0220/launch/install/turtlebot3_gazebo/share/turtlebot3_gazebo//models/turtlebot3_autorace_2020/traffic_construction/model.sdf
[20.408s] -- Installing: /home/mg0220/launch/install/turtlebot3_gazebo/share/turtlebot3_gazebo//models/turtlebot3_autorace_2020/traffic_construction/model.config
[20.408s] -- Installing: /home/mg0220/launch/install/turtlebot3_gazebo/share/turtlebot3_gazebo//models/turtlebot3_autorace_2020/traffic_construction/model.sdf:Zone.Identifier
[20.409s] -- Installing: /home/mg0220/launch/install/turtlebot3_gazebo/share/turtlebot3_gazebo//models/turtlebot3_autorace_2020/traffic_stop
[20.409s] -- Installing: /home/mg0220/launch/install/turtlebot3_gazebo/share/turtlebot3_gazebo//models/turtlebot3_autorace_2020/traffic_stop/materials
[20.409s] -- Installing: /home/mg0220/launch/install/turtlebot3_gazebo/share/turtlebot3_gazebo//models/turtlebot3_autorace_2020/traffic_stop/materials/textures
[20.409s] -- Installing: /home/mg0220/launch/install/turtlebot3_gazebo/share/turtlebot3_gazebo//models/turtlebot3_autorace_2020/traffic_stop/materials/textures/traffic_stop.png
[20.409s] -- Installing: /home/mg0220/launch/install/turtlebot3_gazebo/share/turtlebot3_gazebo//models/turtlebot3_autorace_2020/traffic_stop/materials/textures/traffic_stop.png:Zone.Identifier
[20.409s] -- Installing: /home/mg0220/launch/install/turtlebot3_gazebo/share/turtlebot3_gazebo//models/turtlebot3_autorace_2020/traffic_stop/materials/scripts
[20.409s] -- Installing: /home/mg0220/launch/install/turtlebot3_gazebo/share/turtlebot3_gazebo//models/turtlebot3_autorace_2020/traffic_stop/materials/scripts/traffic_stop.material
[20.409s] -- Installing: /home/mg0220/launch/install/turtlebot3_gazebo/share/turtlebot3_gazebo//models/turtlebot3_autorace_2020/traffic_stop/materials/scripts/traffic_stop.material:Zone.Identifier
[20.409s] -- Installing: /home/mg0220/launch/install/turtlebot3_gazebo/share/turtlebot3_gazebo//models/turtlebot3_autorace_2020/traffic_stop/model.config:Zone.Identifier
[20.409s] -- Installing: /home/mg0220/launch/install/turtlebot3_gazebo/share/turtlebot3_gazebo//models/turtlebot3_autorace_2020/traffic_stop/model.sdf
[20.409s] -- Installing: /home/mg0220/launch/install/turtlebot3_gazebo/share/turtlebot3_gazebo//models/turtlebot3_autorace_2020/traffic_stop/model.config
[20.410s] -- Installing: /home/mg0220/launch/install/turtlebot3_gazebo/share/turtlebot3_gazebo//models/turtlebot3_autorace_2020/traffic_stop/model.sdf:Zone.Identifier
[20.410s] -- Installing: /home/mg0220/launch/install/turtlebot3_gazebo/share/turtlebot3_gazebo//models/turtlebot3_autorace_2020/course
[20.410s] -- Installing: /home/mg0220/launch/install/turtlebot3_gazebo/share/turtlebot3_gazebo//models/turtlebot3_autorace_2020/course/materials
[20.410s] -- Installing: /home/mg0220/launch/install/turtlebot3_gazebo/share/turtlebot3_gazebo//models/turtlebot3_autorace_2020/course/materials/textures
[20.410s] -- Installing: /home/mg0220/launch/install/turtlebot3_gazebo/share/turtlebot3_gazebo//models/turtlebot3_autorace_2020/course/materials/textures/course.png:Zone.Identifier
[20.410s] -- Installing: /home/mg0220/launch/install/turtlebot3_gazebo/share/turtlebot3_gazebo//models/turtlebot3_autorace_2020/course/materials/textures/course.png
[20.410s] -- Installing: /home/mg0220/launch/install/turtlebot3_gazebo/share/turtlebot3_gazebo//models/turtlebot3_autorace_2020/course/materials/scripts
[20.410s] -- Installing: /home/mg0220/launch/install/turtlebot3_gazebo/share/turtlebot3_gazebo//models/turtlebot3_autorace_2020/course/materials/scripts/course.material
[20.410s] -- Installing: /home/mg0220/launch/install/turtlebot3_gazebo/share/turtlebot3_gazebo//models/turtlebot3_autorace_2020/course/materials/scripts/course.material:Zone.Identifier
[20.410s] -- Installing: /home/mg0220/launch/install/turtlebot3_gazebo/share/turtlebot3_gazebo//models/turtlebot3_autorace_2020/course/model.config:Zone.Identifier
[20.410s] -- Installing: /home/mg0220/launch/install/turtlebot3_gazebo/share/turtlebot3_gazebo//models/turtlebot3_autorace_2020/course/model.sdf
[20.410s] -- Installing: /home/mg0220/launch/install/turtlebot3_gazebo/share/turtlebot3_gazebo//models/turtlebot3_autorace_2020/course/model.config
[20.411s] -- Installing: /home/mg0220/launch/install/turtlebot3_gazebo/share/turtlebot3_gazebo//models/turtlebot3_autorace_2020/course/model.sdf:Zone.Identifier
[20.411s] -- Installing: /home/mg0220/launch/install/turtlebot3_gazebo/share/turtlebot3_gazebo//models/turtlebot3_autorace_2020/traffic_noentry
[20.411s] -- Installing: /home/mg0220/launch/install/turtlebot3_gazebo/share/turtlebot3_gazebo//models/turtlebot3_autorace_2020/traffic_noentry/materials
[20.411s] -- Installing: /home/mg0220/launch/install/turtlebot3_gazebo/share/turtlebot3_gazebo//models/turtlebot3_autorace_2020/traffic_noentry/materials/textures
[20.411s] -- Installing: /home/mg0220/launch/install/turtlebot3_gazebo/share/turtlebot3_gazebo//models/turtlebot3_autorace_2020/traffic_noentry/materials/textures/traffic_noentry.png:Zone.Identifier
[20.411s] -- Installing: /home/mg0220/launch/install/turtlebot3_gazebo/share/turtlebot3_gazebo//models/turtlebot3_autorace_2020/traffic_noentry/materials/textures/traffic_noentry.png
[20.411s] -- Installing: /home/mg0220/launch/install/turtlebot3_gazebo/share/turtlebot3_gazebo//models/turtlebot3_autorace_2020/traffic_noentry/materials/scripts
[20.412s] -- Installing: /home/mg0220/launch/install/turtlebot3_gazebo/share/turtlebot3_gazebo//models/turtlebot3_autorace_2020/traffic_noentry/materials/scripts/traffic_noentry.material
[20.412s] -- Installing: /home/mg0220/launch/install/turtlebot3_gazebo/share/turtlebot3_gazebo//models/turtlebot3_autorace_2020/traffic_noentry/materials/scripts/traffic_noentry.material:Zone.Identifier
[20.412s] -- Installing: /home/mg0220/launch/install/turtlebot3_gazebo/share/turtlebot3_gazebo//models/turtlebot3_autorace_2020/traffic_noentry/model.config:Zone.Identifier
[20.412s] -- Installing: /home/mg0220/launch/install/turtlebot3_gazebo/share/turtlebot3_gazebo//models/turtlebot3_autorace_2020/traffic_noentry/model.sdf
[20.412s] -- Installing: /home/mg0220/launch/install/turtlebot3_gazebo/share/turtlebot3_gazebo//models/turtlebot3_autorace_2020/traffic_noentry/model.config
[20.412s] -- Installing: /home/mg0220/launch/install/turtlebot3_gazebo/share/turtlebot3_gazebo//models/turtlebot3_autorace_2020/traffic_noentry/model.sdf:Zone.Identifier
[20.412s] -- Installing: /home/mg0220/launch/install/turtlebot3_gazebo/share/turtlebot3_gazebo//models/turtlebot3_autorace_2020/traffic_left
[20.412s] -- Installing: /home/mg0220/launch/install/turtlebot3_gazebo/share/turtlebot3_gazebo//models/turtlebot3_autorace_2020/traffic_left/materials
[20.412s] -- Installing: /home/mg0220/launch/install/turtlebot3_gazebo/share/turtlebot3_gazebo//models/turtlebot3_autorace_2020/traffic_left/materials/textures
[20.412s] -- Installing: /home/mg0220/launch/install/turtlebot3_gazebo/share/turtlebot3_gazebo//models/turtlebot3_autorace_2020/traffic_left/materials/textures/traffic_left.png:Zone.Identifier
[20.413s] -- Installing: /home/mg0220/launch/install/turtlebot3_gazebo/share/turtlebot3_gazebo//models/turtlebot3_autorace_2020/traffic_left/materials/textures/traffic_left.png
[20.413s] -- Installing: /home/mg0220/launch/install/turtlebot3_gazebo/share/turtlebot3_gazebo//models/turtlebot3_autorace_2020/traffic_left/materials/scripts
[20.413s] -- Installing: /home/mg0220/launch/install/turtlebot3_gazebo/share/turtlebot3_gazebo//models/turtlebot3_autorace_2020/traffic_left/materials/scripts/traffic_is_left.material:Zone.Identifier
[20.413s] -- Installing: /home/mg0220/launch/install/turtlebot3_gazebo/share/turtlebot3_gazebo//models/turtlebot3_autorace_2020/traffic_left/materials/scripts/traffic_is_left.material
[20.413s] -- Installing: /home/mg0220/launch/install/turtlebot3_gazebo/share/turtlebot3_gazebo//models/turtlebot3_autorace_2020/traffic_left/model.config:Zone.Identifier
[20.413s] -- Installing: /home/mg0220/launch/install/turtlebot3_gazebo/share/turtlebot3_gazebo//models/turtlebot3_autorace_2020/traffic_left/model.sdf
[20.413s] -- Installing: /home/mg0220/launch/install/turtlebot3_gazebo/share/turtlebot3_gazebo//models/turtlebot3_autorace_2020/traffic_left/model.config
[20.413s] -- Installing: /home/mg0220/launch/install/turtlebot3_gazebo/share/turtlebot3_gazebo//models/turtlebot3_autorace_2020/traffic_left/model.sdf:Zone.Identifier
[20.413s] -- Installing: /home/mg0220/launch/install/turtlebot3_gazebo/share/turtlebot3_gazebo//models/turtlebot3_waffle
[20.413s] -- Installing: /home/mg0220/launch/install/turtlebot3_gazebo/share/turtlebot3_gazebo//models/turtlebot3_waffle/model-1_4.sdf
[20.413s] -- Installing: /home/mg0220/launch/install/turtlebot3_gazebo/share/turtlebot3_gazebo//models/turtlebot3_waffle/model.config:Zone.Identifier
[20.414s] -- Installing: /home/mg0220/launch/install/turtlebot3_gazebo/share/turtlebot3_gazebo//models/turtlebot3_waffle/model.sdf
[20.414s] -- Installing: /home/mg0220/launch/install/turtlebot3_gazebo/share/turtlebot3_gazebo//models/turtlebot3_waffle/model-1_4.sdf:Zone.Identifier
[20.414s] -- Installing: /home/mg0220/launch/install/turtlebot3_gazebo/share/turtlebot3_gazebo//models/turtlebot3_waffle/model.config
[20.414s] -- Installing: /home/mg0220/launch/install/turtlebot3_gazebo/share/turtlebot3_gazebo//models/turtlebot3_waffle/model.sdf:Zone.Identifier
[20.414s] -- Installing: /home/mg0220/launch/install/turtlebot3_gazebo/share/turtlebot3_gazebo//models/turtlebot3_burger
[20.414s] -- Installing: /home/mg0220/launch/install/turtlebot3_gazebo/share/turtlebot3_gazebo//models/turtlebot3_burger/model-1_4.sdf
[20.414s] -- Installing: /home/mg0220/launch/install/turtlebot3_gazebo/share/turtlebot3_gazebo//models/turtlebot3_burger/model.config:Zone.Identifier
[20.414s] -- Installing: /home/mg0220/launch/install/turtlebot3_gazebo/share/turtlebot3_gazebo//models/turtlebot3_burger/model.sdf
[20.414s] -- Installing: /home/mg0220/launch/install/turtlebot3_gazebo/share/turtlebot3_gazebo//models/turtlebot3_burger/model-1_4.sdf:Zone.Identifier
[20.414s] -- Installing: /home/mg0220/launch/install/turtlebot3_gazebo/share/turtlebot3_gazebo//models/turtlebot3_burger/model.config
[20.414s] -- Installing: /home/mg0220/launch/install/turtlebot3_gazebo/share/turtlebot3_gazebo//models/turtlebot3_burger/model.sdf:Zone.Identifier
[20.414s] -- Installing: /home/mg0220/launch/install/turtlebot3_gazebo/share/turtlebot3_gazebo//models/turtlebot3_house
[20.415s] -- Installing: /home/mg0220/launch/install/turtlebot3_gazebo/share/turtlebot3_gazebo//models/turtlebot3_house/model.config:Zone.Identifier
[20.415s] -- Installing: /home/mg0220/launch/install/turtlebot3_gazebo/share/turtlebot3_gazebo//models/turtlebot3_house/model.sdf
[20.415s] -- Installing: /home/mg0220/launch/install/turtlebot3_gazebo/share/turtlebot3_gazebo//models/turtlebot3_house/model.config
[20.415s] -- Installing: /home/mg0220/launch/install/turtlebot3_gazebo/share/turtlebot3_gazebo//models/turtlebot3_house/model.sdf:Zone.Identifier
[20.415s] -- Installing: /home/mg0220/launch/install/turtlebot3_gazebo/share/turtlebot3_gazebo//rviz
[20.415s] -- Installing: /home/mg0220/launch/install/turtlebot3_gazebo/share/turtlebot3_gazebo//rviz/tb3_gazebo.rviz:Zone.Identifier
[20.415s] -- Installing: /home/mg0220/launch/install/turtlebot3_gazebo/share/turtlebot3_gazebo//rviz/tb3_gazebo.rviz
[20.415s] -- Installing: /home/mg0220/launch/install/turtlebot3_gazebo/share/turtlebot3_gazebo//urdf
[20.415s] -- Installing: /home/mg0220/launch/install/turtlebot3_gazebo/share/turtlebot3_gazebo//urdf/turtlebot3_burger.urdf
[20.415s] -- Installing: /home/mg0220/launch/install/turtlebot3_gazebo/share/turtlebot3_gazebo//urdf/turtlebot3_burger_cam.urdf:Zone.Identifier
[20.415s] -- Installing: /home/mg0220/launch/install/turtlebot3_gazebo/share/turtlebot3_gazebo//urdf/common_properties.urdf
[20.415s] -- Installing: /home/mg0220/launch/install/turtlebot3_gazebo/share/turtlebot3_gazebo//urdf/turtlebot3_waffle_pi.urdf
[20.415s] -- Installing: /home/mg0220/launch/install/turtlebot3_gazebo/share/turtlebot3_gazebo//urdf/turtlebot3_burger_cam.urdf
[20.415s] -- Installing: /home/mg0220/launch/install/turtlebot3_gazebo/share/turtlebot3_gazebo//urdf/turtlebot3_waffle_pi.urdf:Zone.Identifier
[20.415s] -- Installing: /home/mg0220/launch/install/turtlebot3_gazebo/share/turtlebot3_gazebo//urdf/turtlebot3_waffle.urdf
[20.415s] -- Installing: /home/mg0220/launch/install/turtlebot3_gazebo/share/turtlebot3_gazebo//urdf/turtlebot3_burger.urdf:Zone.Identifier
[20.415s] -- Installing: /home/mg0220/launch/install/turtlebot3_gazebo/share/turtlebot3_gazebo//urdf/common_properties.urdf:Zone.Identifier
[20.415s] -- Installing: /home/mg0220/launch/install/turtlebot3_gazebo/share/turtlebot3_gazebo//urdf/turtlebot3_waffle.urdf:Zone.Identifier
[20.416s] -- Installing: /home/mg0220/launch/install/turtlebot3_gazebo/share/turtlebot3_gazebo//worlds
[20.416s] -- Installing: /home/mg0220/launch/install/turtlebot3_gazebo/share/turtlebot3_gazebo//worlds/turtlebot3_autorace_2020.world
[20.416s] -- Installing: /home/mg0220/launch/install/turtlebot3_gazebo/share/turtlebot3_gazebo//worlds/turtlebot3_dqn_stage4.world:Zone.Identifier
[20.416s] -- Installing: /home/mg0220/launch/install/turtlebot3_gazebo/share/turtlebot3_gazebo//worlds/turtlebot3_house.world:Zone.Identifier
[20.416s] -- Installing: /home/mg0220/launch/install/turtlebot3_gazebo/share/turtlebot3_gazebo//worlds/empty_world.world:Zone.Identifier
[20.416s] -- Installing: /home/mg0220/launch/install/turtlebot3_gazebo/share/turtlebot3_gazebo//worlds/turtlebot3_dqn_stage1.world
[20.416s] -- Installing: /home/mg0220/launch/install/turtlebot3_gazebo/share/turtlebot3_gazebo//worlds/turtlebot3_maze3.world:Zone.Identifier
[20.416s] -- Installing: /home/mg0220/launch/install/turtlebot3_gazebo/share/turtlebot3_gazebo//worlds/turtlebot3_world.world:Zone.Identifier
[20.416s] -- Installing: /home/mg0220/launch/install/turtlebot3_gazebo/share/turtlebot3_gazebo//worlds/turtlebot3_dqn_stage2.world
[20.416s] -- Installing: /home/mg0220/launch/install/turtlebot3_gazebo/share/turtlebot3_gazebo//worlds/empty_world.world
[20.416s] -- Installing: /home/mg0220/launch/install/turtlebot3_gazebo/share/turtlebot3_gazebo//worlds/turtlebot3_house.world
[20.416s] -- Installing: /home/mg0220/launch/install/turtlebot3_gazebo/share/turtlebot3_gazebo//worlds/turtlebot3_dqn_stage4.world
[20.417s] -- Installing: /home/mg0220/launch/install/turtlebot3_gazebo/share/turtlebot3_gazebo//worlds/turtlebot3_world.world
[20.417s] -- Installing: /home/mg0220/launch/install/turtlebot3_gazebo/share/turtlebot3_gazebo//worlds/turtlebot3_maze3.world
[20.417s] -- Installing: /home/mg0220/launch/install/turtlebot3_gazebo/share/turtlebot3_gazebo//worlds/turtlebot3_dqn_stage1.world:Zone.Identifier
[20.417s] -- Installing: /home/mg0220/launch/install/turtlebot3_gazebo/share/turtlebot3_gazebo//worlds/turtlebot3_autorace_2020.world:Zone.Identifier
[20.417s] -- Installing: /home/mg0220/launch/install/turtlebot3_gazebo/share/turtlebot3_gazebo//worlds/turtlebot3_dqn_stage3.world:Zone.Identifier
[20.417s] -- Installing: /home/mg0220/launch/install/turtlebot3_gazebo/share/turtlebot3_gazebo//worlds/turtlebot3_dqn_stage3.world
[20.417s] -- Installing: /home/mg0220/launch/install/turtlebot3_gazebo/share/turtlebot3_gazebo//worlds/turtlebot3_dqn_stage2.world:Zone.Identifier
[20.418s] -- Installing: /home/mg0220/launch/install/turtlebot3_gazebo/include/
[20.418s] -- Installing: /home/mg0220/launch/install/turtlebot3_gazebo/include//turtlebot3_gazebo
[20.418s] -- Installing: /home/mg0220/launch/install/turtlebot3_gazebo/include//turtlebot3_gazebo/obstacle1.hpp:Zone.Identifier
[20.418s] -- Installing: /home/mg0220/launch/install/turtlebot3_gazebo/include//turtlebot3_gazebo/traffic_light_plugin.hpp
[20.418s] -- Installing: /home/mg0220/launch/install/turtlebot3_gazebo/include//turtlebot3_gazebo/traffic_light_plugin.hpp:Zone.Identifier
[20.418s] -- Installing: /home/mg0220/launch/install/turtlebot3_gazebo/include//turtlebot3_gazebo/obstacles.hpp:Zone.Identifier
[20.419s] -- Installing: /home/mg0220/launch/install/turtlebot3_gazebo/include//turtlebot3_gazebo/traffic_bar_plugin.hpp
[20.419s] -- Installing: /home/mg0220/launch/install/turtlebot3_gazebo/include//turtlebot3_gazebo/obstacle1.hpp
[20.419s] -- Installing: /home/mg0220/launch/install/turtlebot3_gazebo/include//turtlebot3_gazebo/obstacle2.hpp:Zone.Identifier
[20.420s] -- Installing: /home/mg0220/launch/install/turtlebot3_gazebo/include//turtlebot3_gazebo/obstacle2.hpp
[20.420s] -- Installing: /home/mg0220/launch/install/turtlebot3_gazebo/include//turtlebot3_gazebo/traffic_bar_plugin.hpp:Zone.Identifier
[20.420s] -- Installing: /home/mg0220/launch/install/turtlebot3_gazebo/include//turtlebot3_gazebo/turtlebot3_drive.hpp:Zone.Identifier
[20.420s] -- Installing: /home/mg0220/launch/install/turtlebot3_gazebo/include//turtlebot3_gazebo/turtlebot3_drive.hpp
[20.420s] -- Installing: /home/mg0220/launch/install/turtlebot3_gazebo/include//turtlebot3_gazebo/obstacles.hpp
[20.420s] -- Installing: /home/mg0220/launch/install/turtlebot3_gazebo/share/ament_index/resource_index/package_run_dependencies/turtlebot3_gazebo
[20.420s] -- Installing: /home/mg0220/launch/install/turtlebot3_gazebo/share/ament_index/resource_index/parent_prefix_path/turtlebot3_gazebo
[20.420s] -- Installing: /home/mg0220/launch/install/turtlebot3_gazebo/share/turtlebot3_gazebo/environment/ament_prefix_path.sh
[20.420s] -- Installing: /home/mg0220/launch/install/turtlebot3_gazebo/share/turtlebot3_gazebo/environment/ament_prefix_path.dsv
[20.420s] -- Installing: /home/mg0220/launch/install/turtlebot3_gazebo/share/turtlebot3_gazebo/environment/path.sh
[20.420s] -- Installing: /home/mg0220/launch/install/turtlebot3_gazebo/share/turtlebot3_gazebo/environment/path.dsv
[20.421s] -- Installing: /home/mg0220/launch/install/turtlebot3_gazebo/share/turtlebot3_gazebo/local_setup.bash
[20.421s] -- Installing: /home/mg0220/launch/install/turtlebot3_gazebo/share/turtlebot3_gazebo/local_setup.sh
[20.421s] -- Installing: /home/mg0220/launch/install/turtlebot3_gazebo/share/turtlebot3_gazebo/local_setup.zsh
[20.421s] -- Installing: /home/mg0220/launch/install/turtlebot3_gazebo/share/turtlebot3_gazebo/local_setup.dsv
[20.421s] -- Installing: /home/mg0220/launch/install/turtlebot3_gazebo/share/turtlebot3_gazebo/package.dsv
[20.421s] -- Installing: /home/mg0220/launch/install/turtlebot3_gazebo/share/ament_index/resource_index/packages/turtlebot3_gazebo
[20.421s] -- Installing: /home/mg0220/launch/install/turtlebot3_gazebo/share/turtlebot3_gazebo/cmake/ament_cmake_export_include_directories-extras.cmake
[20.421s] -- Installing: /home/mg0220/launch/install/turtlebot3_gazebo/share/turtlebot3_gazebo/cmake/ament_cmake_export_dependencies-extras.cmake
[20.421s] -- Installing: /home/mg0220/launch/install/turtlebot3_gazebo/share/turtlebot3_gazebo/cmake/turtlebot3_gazeboConfig.cmake
[20.421s] -- Installing: /home/mg0220/launch/install/turtlebot3_gazebo/share/turtlebot3_gazebo/cmake/turtlebot3_gazeboConfig-version.cmake
[20.421s] -- Installing: /home/mg0220/launch/install/turtlebot3_gazebo/share/turtlebot3_gazebo/package.xml
[20.422s] Invoked command in '/home/mg0220/launch/build/turtlebot3_gazebo' returned '0': CMAKE_PREFIX_PATH=${CMAKE_PREFIX_PATH}:/home/mg0220/launch/install/dwb_pkg:/opt/ros/humble /usr/bin/cmake --install /home/mg0220/launch/build/turtlebot3_gazebo
