[0.464s] Invoking command in '/home/mg0220/launch/src/dwb_pkg': PYTHONPATH=/home/mg0220/launch/build/dwb_pkg/prefix_override:/usr/lib/python3/dist-packages/colcon_core/task/python/colcon_distutils_commands:/home/mg0220/launch/install/dwb_pkg/lib/python3.10/site-packages:${PYTHONPATH} /usr/bin/python3 -W ignore:setup.py install is deprecated -W ignore:easy_install command is deprecated setup.py egg_info --egg-base ../../build/dwb_pkg build --build-base /home/mg0220/launch/build/dwb_pkg/build install --record /home/mg0220/launch/build/dwb_pkg/install.log --single-version-externally-managed install_data
[0.611s] running egg_info
[0.612s] writing ../../build/dwb_pkg/dwb_pkg.egg-info/PKG-INFO
[0.612s] writing dependency_links to ../../build/dwb_pkg/dwb_pkg.egg-info/dependency_links.txt
[0.612s] writing entry points to ../../build/dwb_pkg/dwb_pkg.egg-info/entry_points.txt
[0.613s] writing requirements to ../../build/dwb_pkg/dwb_pkg.egg-info/requires.txt
[0.613s] writing top-level names to ../../build/dwb_pkg/dwb_pkg.egg-info/top_level.txt
[0.614s] reading manifest file '../../build/dwb_pkg/dwb_pkg.egg-info/SOURCES.txt'
[0.615s] writing manifest file '../../build/dwb_pkg/dwb_pkg.egg-info/SOURCES.txt'
[0.616s] running build
[0.616s] running build_py
[0.616s] copying dwb_pkg/obstacle.py -> /home/mg0220/launch/build/dwb_pkg/build/lib/dwb_pkg
[0.616s] running install
[0.616s] running install_lib
[0.617s] copying /home/mg0220/launch/build/dwb_pkg/build/lib/dwb_pkg/obstacle.py -> /home/mg0220/launch/install/dwb_pkg/lib/python3.10/site-packages/dwb_pkg
[0.618s] byte-compiling /home/mg0220/launch/install/dwb_pkg/lib/python3.10/site-packages/dwb_pkg/obstacle.py to obstacle.cpython-310.pyc
[0.619s] running install_data
[0.619s] running install_egg_info
[0.620s] removing '/home/mg0220/launch/install/dwb_pkg/lib/python3.10/site-packages/dwb_pkg-0.0.0-py3.10.egg-info' (and everything under it)
[0.621s] Copying ../../build/dwb_pkg/dwb_pkg.egg-info to /home/mg0220/launch/install/dwb_pkg/lib/python3.10/site-packages/dwb_pkg-0.0.0-py3.10.egg-info
[0.621s] running install_scripts
[0.634s] Installing obstacle script to /home/mg0220/launch/install/dwb_pkg/lib/dwb_pkg
[0.635s] Installing pure script to /home/mg0220/launch/install/dwb_pkg/lib/dwb_pkg
[0.635s] writing list of installed files to '/home/mg0220/launch/build/dwb_pkg/install.log'
[0.649s] Invoked command in '/home/mg0220/launch/src/dwb_pkg' returned '0': PYTHONPATH=/home/mg0220/launch/build/dwb_pkg/prefix_override:/usr/lib/python3/dist-packages/colcon_core/task/python/colcon_distutils_commands:/home/mg0220/launch/install/dwb_pkg/lib/python3.10/site-packages:${PYTHONPATH} /usr/bin/python3 -W ignore:setup.py install is deprecated -W ignore:easy_install command is deprecated setup.py egg_info --egg-base ../../build/dwb_pkg build --build-base /home/mg0220/launch/build/dwb_pkg/build install --record /home/mg0220/launch/build/dwb_pkg/install.log --single-version-externally-managed install_data
