[0.013s] Invoking command in '/home/mg0220/launch/build/turtlebot3_manipulation_gazebo': CMAKE_PREFIX_PATH=${CMAKE_PREFIX_PATH}:/home/mg0220/launch/install/dwb_pkg:/opt/ros/humble /usr/bin/cmake --build /home/mg0220/launch/build/turtlebot3_manipulation_gazebo -- -j20 -l20
[0.194s] Invoked command in '/home/mg0220/launch/build/turtlebot3_manipulation_gazebo' returned '0': CMAKE_PREFIX_PATH=${CMAKE_PREFIX_PATH}:/home/mg0220/launch/install/dwb_pkg:/opt/ros/humble /usr/bin/cmake --build /home/mg0220/launch/build/turtlebot3_manipulation_gazebo -- -j20 -l20
[0.201s] Invoking command in '/home/mg0220/launch/build/turtlebot3_manipulation_gazebo': CMAKE_PREFIX_PATH=${CMAKE_PREFIX_PATH}:/home/mg0220/launch/install/dwb_pkg:/opt/ros/humble /usr/bin/cmake --install /home/mg0220/launch/build/turtlebot3_manipulation_gazebo
[0.206s] -- Install configuration: ""
[0.206s] -- Up-to-date: /home/mg0220/launch/install/turtlebot3_manipulation_gazebo/share/turtlebot3_manipulation_gazebo/config
[0.207s] -- Up-to-date: /home/mg0220/launch/install/turtlebot3_manipulation_gazebo/share/turtlebot3_manipulation_gazebo/config/gazebo_controller_manager.yaml:Zone.Identifier
[0.208s] -- Up-to-date: /home/mg0220/launch/install/turtlebot3_manipulation_gazebo/share/turtlebot3_manipulation_gazebo/config/gazebo_controller_manager.yaml
[0.208s] -- Up-to-date: /home/mg0220/launch/install/turtlebot3_manipulation_gazebo/share/turtlebot3_manipulation_gazebo/config/hardware_controller_manager.yaml
[0.209s] -- Up-to-date: /home/mg0220/launch/install/turtlebot3_manipulation_gazebo/share/turtlebot3_manipulation_gazebo/config/hardware_controller_manager.yaml:Zone.Identifier
[0.209s] -- Up-to-date: /home/mg0220/launch/install/turtlebot3_manipulation_gazebo/share/turtlebot3_manipulation_gazebo/gazebo
[0.209s] -- Up-to-date: /home/mg0220/launch/install/turtlebot3_manipulation_gazebo/share/turtlebot3_manipulation_gazebo/gazebo/materials.xacro:Zone.Identifier
[0.210s] -- Up-to-date: /home/mg0220/launch/install/turtlebot3_manipulation_gazebo/share/turtlebot3_manipulation_gazebo/gazebo/open_manipulator_x.gazebo.xacro
[0.210s] -- Up-to-date: /home/mg0220/launch/install/turtlebot3_manipulation_gazebo/share/turtlebot3_manipulation_gazebo/gazebo/turtlebot3_waffle_pi.gazebo.xacro
[0.210s] -- Up-to-date: /home/mg0220/launch/install/turtlebot3_manipulation_gazebo/share/turtlebot3_manipulation_gazebo/gazebo/open_manipulator_x.gazebo.xacro:Zone.Identifier
[0.210s] -- Up-to-date: /home/mg0220/launch/install/turtlebot3_manipulation_gazebo/share/turtlebot3_manipulation_gazebo/gazebo/turtlebot3_waffle_pi.gazebo.xacro:Zone.Identifier
[0.210s] -- Up-to-date: /home/mg0220/launch/install/turtlebot3_manipulation_gazebo/share/turtlebot3_manipulation_gazebo/gazebo/materials.xacro
[0.211s] -- Up-to-date: /home/mg0220/launch/install/turtlebot3_manipulation_gazebo/share/turtlebot3_manipulation_gazebo/launch
[0.211s] -- Up-to-date: /home/mg0220/launch/install/turtlebot3_manipulation_gazebo/share/turtlebot3_manipulation_gazebo/launch/base.launch.py:Zone.Identifier
[0.211s] -- Up-to-date: /home/mg0220/launch/install/turtlebot3_manipulation_gazebo/share/turtlebot3_manipulation_gazebo/launch/turtlebot3_home_service_challenge.launch.py
[0.211s] -- Up-to-date: /home/mg0220/launch/install/turtlebot3_manipulation_gazebo/share/turtlebot3_manipulation_gazebo/launch/fake.launch.py
[0.211s] -- Up-to-date: /home/mg0220/launch/install/turtlebot3_manipulation_gazebo/share/turtlebot3_manipulation_gazebo/launch/gazebo.launch.py:Zone.Identifier
[0.211s] -- Up-to-date: /home/mg0220/launch/install/turtlebot3_manipulation_gazebo/share/turtlebot3_manipulation_gazebo/launch/base.launch.py
[0.211s] -- Up-to-date: /home/mg0220/launch/install/turtlebot3_manipulation_gazebo/share/turtlebot3_manipulation_gazebo/launch/turtlebot3_home_service_challenge.launch.py:Zone.Identifier
[0.211s] -- Up-to-date: /home/mg0220/launch/install/turtlebot3_manipulation_gazebo/share/turtlebot3_manipulation_gazebo/launch/gazebo.launch.py
[0.211s] -- Up-to-date: /home/mg0220/launch/install/turtlebot3_manipulation_gazebo/share/turtlebot3_manipulation_gazebo/launch/fake.launch.py:Zone.Identifier
[0.212s] -- Up-to-date: /home/mg0220/launch/install/turtlebot3_manipulation_gazebo/share/turtlebot3_manipulation_gazebo/ros2_control
[0.212s] -- Up-to-date: /home/mg0220/launch/install/turtlebot3_manipulation_gazebo/share/turtlebot3_manipulation_gazebo/ros2_control/turtlebot3_manipulation_system.ros2_control.xacro:Zone.Identifier
[0.212s] -- Up-to-date: /home/mg0220/launch/install/turtlebot3_manipulation_gazebo/share/turtlebot3_manipulation_gazebo/ros2_control/turtlebot3_manipulation_system.ros2_control.xacro
[0.212s] -- Up-to-date: /home/mg0220/launch/install/turtlebot3_manipulation_gazebo/share/turtlebot3_manipulation_gazebo/rviz
[0.212s] -- Up-to-date: /home/mg0220/launch/install/turtlebot3_manipulation_gazebo/share/turtlebot3_manipulation_gazebo/rviz/turtlebot3_manipulation.rviz
[0.212s] -- Up-to-date: /home/mg0220/launch/install/turtlebot3_manipulation_gazebo/share/turtlebot3_manipulation_gazebo/rviz/turtlebot3_manipulation.rviz:Zone.Identifier
[0.212s] -- Up-to-date: /home/mg0220/launch/install/turtlebot3_manipulation_gazebo/share/turtlebot3_manipulation_gazebo/urdf
[0.212s] -- Up-to-date: /home/mg0220/launch/install/turtlebot3_manipulation_gazebo/share/turtlebot3_manipulation_gazebo/urdf/open_manipulator_x.urdf.xacro:Zone.Identifier
[0.212s] -- Up-to-date: /home/mg0220/launch/install/turtlebot3_manipulation_gazebo/share/turtlebot3_manipulation_gazebo/urdf/turtlebot3_waffle_pi.urdf.xacro:Zone.Identifier
[0.212s] -- Up-to-date: /home/mg0220/launch/install/turtlebot3_manipulation_gazebo/share/turtlebot3_manipulation_gazebo/urdf/open_manipulator_x.urdf.xacro
[0.212s] -- Up-to-date: /home/mg0220/launch/install/turtlebot3_manipulation_gazebo/share/turtlebot3_manipulation_gazebo/urdf/turtlebot3_waffle_pi.urdf.xacro
[0.212s] -- Up-to-date: /home/mg0220/launch/install/turtlebot3_manipulation_gazebo/share/turtlebot3_manipulation_gazebo/urdf/turtlebot3_manipulation.urdf.xacro
[0.213s] -- Up-to-date: /home/mg0220/launch/install/turtlebot3_manipulation_gazebo/share/turtlebot3_manipulation_gazebo/urdf/turtlebot3_manipulation.urdf.xacro:Zone.Identifier
[0.213s] -- Up-to-date: /home/mg0220/launch/install/turtlebot3_manipulation_gazebo/share/turtlebot3_manipulation_gazebo/worlds
[0.213s] -- Up-to-date: /home/mg0220/launch/install/turtlebot3_manipulation_gazebo/share/turtlebot3_manipulation_gazebo/worlds/turtlebot3_home_service_challenge.world
[0.213s] -- Up-to-date: /home/mg0220/launch/install/turtlebot3_manipulation_gazebo/share/turtlebot3_manipulation_gazebo/worlds/turtlebot3_home_service_challenge.world:Zone.Identifier
[0.213s] -- Up-to-date: /home/mg0220/launch/install/turtlebot3_manipulation_gazebo/share/turtlebot3_manipulation_gazebo/models
[0.213s] -- Up-to-date: /home/mg0220/launch/install/turtlebot3_manipulation_gazebo/share/turtlebot3_manipulation_gazebo/models/turtlebot3_home_service_challenge
[0.213s] -- Up-to-date: /home/mg0220/launch/install/turtlebot3_manipulation_gazebo/share/turtlebot3_manipulation_gazebo/models/turtlebot3_home_service_challenge/marker2
[0.213s] -- Up-to-date: /home/mg0220/launch/install/turtlebot3_manipulation_gazebo/share/turtlebot3_manipulation_gazebo/models/turtlebot3_home_service_challenge/marker2/model-1_4.sdf
[0.213s] -- Up-to-date: /home/mg0220/launch/install/turtlebot3_manipulation_gazebo/share/turtlebot3_manipulation_gazebo/models/turtlebot3_home_service_challenge/marker2/model-1_5.sdf
[0.213s] -- Up-to-date: /home/mg0220/launch/install/turtlebot3_manipulation_gazebo/share/turtlebot3_manipulation_gazebo/models/turtlebot3_home_service_challenge/marker2/materials
[0.213s] -- Up-to-date: /home/mg0220/launch/install/turtlebot3_manipulation_gazebo/share/turtlebot3_manipulation_gazebo/models/turtlebot3_home_service_challenge/marker2/materials/textures
[0.213s] -- Up-to-date: /home/mg0220/launch/install/turtlebot3_manipulation_gazebo/share/turtlebot3_manipulation_gazebo/models/turtlebot3_home_service_challenge/marker2/materials/textures/Marker2.png:Zone.Identifier
[0.214s] -- Up-to-date: /home/mg0220/launch/install/turtlebot3_manipulation_gazebo/share/turtlebot3_manipulation_gazebo/models/turtlebot3_home_service_challenge/marker2/materials/textures/Marker2.png
[0.214s] -- Up-to-date: /home/mg0220/launch/install/turtlebot3_manipulation_gazebo/share/turtlebot3_manipulation_gazebo/models/turtlebot3_home_service_challenge/marker2/meshes
[0.214s] -- Up-to-date: /home/mg0220/launch/install/turtlebot3_manipulation_gazebo/share/turtlebot3_manipulation_gazebo/models/turtlebot3_home_service_challenge/marker2/meshes/Marker2.dae
[0.214s] -- Up-to-date: /home/mg0220/launch/install/turtlebot3_manipulation_gazebo/share/turtlebot3_manipulation_gazebo/models/turtlebot3_home_service_challenge/marker2/meshes/Marker2.dae:Zone.Identifier
[0.214s] -- Up-to-date: /home/mg0220/launch/install/turtlebot3_manipulation_gazebo/share/turtlebot3_manipulation_gazebo/models/turtlebot3_home_service_challenge/marker2/model.config:Zone.Identifier
[0.214s] -- Up-to-date: /home/mg0220/launch/install/turtlebot3_manipulation_gazebo/share/turtlebot3_manipulation_gazebo/models/turtlebot3_home_service_challenge/marker2/model-1_5.sdf:Zone.Identifier
[0.214s] -- Up-to-date: /home/mg0220/launch/install/turtlebot3_manipulation_gazebo/share/turtlebot3_manipulation_gazebo/models/turtlebot3_home_service_challenge/marker2/model.sdf
[0.214s] -- Up-to-date: /home/mg0220/launch/install/turtlebot3_manipulation_gazebo/share/turtlebot3_manipulation_gazebo/models/turtlebot3_home_service_challenge/marker2/model-1_4.sdf:Zone.Identifier
[0.214s] -- Up-to-date: /home/mg0220/launch/install/turtlebot3_manipulation_gazebo/share/turtlebot3_manipulation_gazebo/models/turtlebot3_home_service_challenge/marker2/model.config
[0.214s] -- Up-to-date: /home/mg0220/launch/install/turtlebot3_manipulation_gazebo/share/turtlebot3_manipulation_gazebo/models/turtlebot3_home_service_challenge/marker2/model.sdf:Zone.Identifier
[0.214s] -- Up-to-date: /home/mg0220/launch/install/turtlebot3_manipulation_gazebo/share/turtlebot3_manipulation_gazebo/models/turtlebot3_home_service_challenge/marker0
[0.214s] -- Up-to-date: /home/mg0220/launch/install/turtlebot3_manipulation_gazebo/share/turtlebot3_manipulation_gazebo/models/turtlebot3_home_service_challenge/marker0/model-1_4.sdf
[0.215s] -- Up-to-date: /home/mg0220/launch/install/turtlebot3_manipulation_gazebo/share/turtlebot3_manipulation_gazebo/models/turtlebot3_home_service_challenge/marker0/model-1_5.sdf
[0.215s] -- Up-to-date: /home/mg0220/launch/install/turtlebot3_manipulation_gazebo/share/turtlebot3_manipulation_gazebo/models/turtlebot3_home_service_challenge/marker0/materials
[0.215s] -- Up-to-date: /home/mg0220/launch/install/turtlebot3_manipulation_gazebo/share/turtlebot3_manipulation_gazebo/models/turtlebot3_home_service_challenge/marker0/materials/textures
[0.215s] -- Up-to-date: /home/mg0220/launch/install/turtlebot3_manipulation_gazebo/share/turtlebot3_manipulation_gazebo/models/turtlebot3_home_service_challenge/marker0/materials/textures/Marker0.png
[0.215s] -- Up-to-date: /home/mg0220/launch/install/turtlebot3_manipulation_gazebo/share/turtlebot3_manipulation_gazebo/models/turtlebot3_home_service_challenge/marker0/materials/textures/Marker0.png:Zone.Identifier
[0.215s] -- Up-to-date: /home/mg0220/launch/install/turtlebot3_manipulation_gazebo/share/turtlebot3_manipulation_gazebo/models/turtlebot3_home_service_challenge/marker0/meshes
[0.215s] -- Up-to-date: /home/mg0220/launch/install/turtlebot3_manipulation_gazebo/share/turtlebot3_manipulation_gazebo/models/turtlebot3_home_service_challenge/marker0/meshes/Marker0.dae
[0.215s] -- Up-to-date: /home/mg0220/launch/install/turtlebot3_manipulation_gazebo/share/turtlebot3_manipulation_gazebo/models/turtlebot3_home_service_challenge/marker0/meshes/Marker0.dae:Zone.Identifier
[0.215s] -- Up-to-date: /home/mg0220/launch/install/turtlebot3_manipulation_gazebo/share/turtlebot3_manipulation_gazebo/models/turtlebot3_home_service_challenge/marker0/model.config:Zone.Identifier
[0.215s] -- Up-to-date: /home/mg0220/launch/install/turtlebot3_manipulation_gazebo/share/turtlebot3_manipulation_gazebo/models/turtlebot3_home_service_challenge/marker0/model-1_5.sdf:Zone.Identifier
[0.215s] -- Up-to-date: /home/mg0220/launch/install/turtlebot3_manipulation_gazebo/share/turtlebot3_manipulation_gazebo/models/turtlebot3_home_service_challenge/marker0/model.sdf
[0.215s] -- Up-to-date: /home/mg0220/launch/install/turtlebot3_manipulation_gazebo/share/turtlebot3_manipulation_gazebo/models/turtlebot3_home_service_challenge/marker0/model-1_4.sdf:Zone.Identifier
[0.216s] -- Up-to-date: /home/mg0220/launch/install/turtlebot3_manipulation_gazebo/share/turtlebot3_manipulation_gazebo/models/turtlebot3_home_service_challenge/marker0/model.config
[0.216s] -- Up-to-date: /home/mg0220/launch/install/turtlebot3_manipulation_gazebo/share/turtlebot3_manipulation_gazebo/models/turtlebot3_home_service_challenge/marker0/model.sdf:Zone.Identifier
[0.216s] -- Up-to-date: /home/mg0220/launch/install/turtlebot3_manipulation_gazebo/share/turtlebot3_manipulation_gazebo/models/turtlebot3_home_service_challenge/marker8
[0.223s] -- Up-to-date: /home/mg0220/launch/install/turtlebot3_manipulation_gazebo/share/turtlebot3_manipulation_gazebo/models/turtlebot3_home_service_challenge/marker8/model-1_4.sdf
[0.223s] -- Up-to-date: /home/mg0220/launch/install/turtlebot3_manipulation_gazebo/share/turtlebot3_manipulation_gazebo/models/turtlebot3_home_service_challenge/marker8/model-1_5.sdf
[0.223s] -- Up-to-date: /home/mg0220/launch/install/turtlebot3_manipulation_gazebo/share/turtlebot3_manipulation_gazebo/models/turtlebot3_home_service_challenge/marker8/materials
[0.223s] -- Up-to-date: /home/mg0220/launch/install/turtlebot3_manipulation_gazebo/share/turtlebot3_manipulation_gazebo/models/turtlebot3_home_service_challenge/marker8/materials/textures
[0.223s] -- Up-to-date: /home/mg0220/launch/install/turtlebot3_manipulation_gazebo/share/turtlebot3_manipulation_gazebo/models/turtlebot3_home_service_challenge/marker8/materials/textures/Marker8.png
[0.223s] -- Up-to-date: /home/mg0220/launch/install/turtlebot3_manipulation_gazebo/share/turtlebot3_manipulation_gazebo/models/turtlebot3_home_service_challenge/marker8/materials/textures/Marker8.png:Zone.Identifier
[0.223s] -- Up-to-date: /home/mg0220/launch/install/turtlebot3_manipulation_gazebo/share/turtlebot3_manipulation_gazebo/models/turtlebot3_home_service_challenge/marker8/meshes
[0.223s] -- Up-to-date: /home/mg0220/launch/install/turtlebot3_manipulation_gazebo/share/turtlebot3_manipulation_gazebo/models/turtlebot3_home_service_challenge/marker8/meshes/Marker8.dae:Zone.Identifier
[0.223s] -- Up-to-date: /home/mg0220/launch/install/turtlebot3_manipulation_gazebo/share/turtlebot3_manipulation_gazebo/models/turtlebot3_home_service_challenge/marker8/meshes/Marker8.dae
[0.223s] -- Up-to-date: /home/mg0220/launch/install/turtlebot3_manipulation_gazebo/share/turtlebot3_manipulation_gazebo/models/turtlebot3_home_service_challenge/marker8/model.config:Zone.Identifier
[0.224s] -- Up-to-date: /home/mg0220/launch/install/turtlebot3_manipulation_gazebo/share/turtlebot3_manipulation_gazebo/models/turtlebot3_home_service_challenge/marker8/model-1_5.sdf:Zone.Identifier
[0.224s] -- Up-to-date: /home/mg0220/launch/install/turtlebot3_manipulation_gazebo/share/turtlebot3_manipulation_gazebo/models/turtlebot3_home_service_challenge/marker8/model.sdf
[0.224s] -- Up-to-date: /home/mg0220/launch/install/turtlebot3_manipulation_gazebo/share/turtlebot3_manipulation_gazebo/models/turtlebot3_home_service_challenge/marker8/model-1_4.sdf:Zone.Identifier
[0.224s] -- Up-to-date: /home/mg0220/launch/install/turtlebot3_manipulation_gazebo/share/turtlebot3_manipulation_gazebo/models/turtlebot3_home_service_challenge/marker8/model.config
[0.224s] -- Up-to-date: /home/mg0220/launch/install/turtlebot3_manipulation_gazebo/share/turtlebot3_manipulation_gazebo/models/turtlebot3_home_service_challenge/marker8/model.sdf:Zone.Identifier
[0.224s] -- Up-to-date: /home/mg0220/launch/install/turtlebot3_manipulation_gazebo/share/turtlebot3_manipulation_gazebo/models/turtlebot3_home_service_challenge/marker6
[0.224s] -- Up-to-date: /home/mg0220/launch/install/turtlebot3_manipulation_gazebo/share/turtlebot3_manipulation_gazebo/models/turtlebot3_home_service_challenge/marker6/model-1_4.sdf
[0.224s] -- Up-to-date: /home/mg0220/launch/install/turtlebot3_manipulation_gazebo/share/turtlebot3_manipulation_gazebo/models/turtlebot3_home_service_challenge/marker6/model-1_5.sdf
[0.224s] -- Up-to-date: /home/mg0220/launch/install/turtlebot3_manipulation_gazebo/share/turtlebot3_manipulation_gazebo/models/turtlebot3_home_service_challenge/marker6/materials
[0.225s] -- Up-to-date: /home/mg0220/launch/install/turtlebot3_manipulation_gazebo/share/turtlebot3_manipulation_gazebo/models/turtlebot3_home_service_challenge/marker6/materials/textures
[0.225s] -- Up-to-date: /home/mg0220/launch/install/turtlebot3_manipulation_gazebo/share/turtlebot3_manipulation_gazebo/models/turtlebot3_home_service_challenge/marker6/materials/textures/Marker6.png
[0.225s] -- Up-to-date: /home/mg0220/launch/install/turtlebot3_manipulation_gazebo/share/turtlebot3_manipulation_gazebo/models/turtlebot3_home_service_challenge/marker6/materials/textures/Marker6.png:Zone.Identifier
[0.225s] -- Up-to-date: /home/mg0220/launch/install/turtlebot3_manipulation_gazebo/share/turtlebot3_manipulation_gazebo/models/turtlebot3_home_service_challenge/marker6/meshes
[0.225s] -- Up-to-date: /home/mg0220/launch/install/turtlebot3_manipulation_gazebo/share/turtlebot3_manipulation_gazebo/models/turtlebot3_home_service_challenge/marker6/meshes/Marker6.dae:Zone.Identifier
[0.225s] -- Up-to-date: /home/mg0220/launch/install/turtlebot3_manipulation_gazebo/share/turtlebot3_manipulation_gazebo/models/turtlebot3_home_service_challenge/marker6/meshes/Marker6.dae
[0.225s] -- Up-to-date: /home/mg0220/launch/install/turtlebot3_manipulation_gazebo/share/turtlebot3_manipulation_gazebo/models/turtlebot3_home_service_challenge/marker6/model.config:Zone.Identifier
[0.225s] -- Up-to-date: /home/mg0220/launch/install/turtlebot3_manipulation_gazebo/share/turtlebot3_manipulation_gazebo/models/turtlebot3_home_service_challenge/marker6/model-1_5.sdf:Zone.Identifier
[0.225s] -- Up-to-date: /home/mg0220/launch/install/turtlebot3_manipulation_gazebo/share/turtlebot3_manipulation_gazebo/models/turtlebot3_home_service_challenge/marker6/model.sdf
[0.225s] -- Up-to-date: /home/mg0220/launch/install/turtlebot3_manipulation_gazebo/share/turtlebot3_manipulation_gazebo/models/turtlebot3_home_service_challenge/marker6/model-1_4.sdf:Zone.Identifier
[0.225s] -- Up-to-date: /home/mg0220/launch/install/turtlebot3_manipulation_gazebo/share/turtlebot3_manipulation_gazebo/models/turtlebot3_home_service_challenge/marker6/model.config
[0.225s] -- Up-to-date: /home/mg0220/launch/install/turtlebot3_manipulation_gazebo/share/turtlebot3_manipulation_gazebo/models/turtlebot3_home_service_challenge/marker6/model.sdf:Zone.Identifier
[0.226s] -- Up-to-date: /home/mg0220/launch/install/turtlebot3_manipulation_gazebo/share/turtlebot3_manipulation_gazebo/models/turtlebot3_home_service_challenge/marker5
[0.226s] -- Up-to-date: /home/mg0220/launch/install/turtlebot3_manipulation_gazebo/share/turtlebot3_manipulation_gazebo/models/turtlebot3_home_service_challenge/marker5/model-1_4.sdf
[0.226s] -- Up-to-date: /home/mg0220/launch/install/turtlebot3_manipulation_gazebo/share/turtlebot3_manipulation_gazebo/models/turtlebot3_home_service_challenge/marker5/model-1_5.sdf
[0.226s] -- Up-to-date: /home/mg0220/launch/install/turtlebot3_manipulation_gazebo/share/turtlebot3_manipulation_gazebo/models/turtlebot3_home_service_challenge/marker5/materials
[0.226s] -- Up-to-date: /home/mg0220/launch/install/turtlebot3_manipulation_gazebo/share/turtlebot3_manipulation_gazebo/models/turtlebot3_home_service_challenge/marker5/materials/textures
[0.226s] -- Up-to-date: /home/mg0220/launch/install/turtlebot3_manipulation_gazebo/share/turtlebot3_manipulation_gazebo/models/turtlebot3_home_service_challenge/marker5/materials/textures/Marker5.png:Zone.Identifier
[0.226s] -- Up-to-date: /home/mg0220/launch/install/turtlebot3_manipulation_gazebo/share/turtlebot3_manipulation_gazebo/models/turtlebot3_home_service_challenge/marker5/materials/textures/Marker5.png
[0.226s] -- Up-to-date: /home/mg0220/launch/install/turtlebot3_manipulation_gazebo/share/turtlebot3_manipulation_gazebo/models/turtlebot3_home_service_challenge/marker5/meshes
[0.227s] -- Up-to-date: /home/mg0220/launch/install/turtlebot3_manipulation_gazebo/share/turtlebot3_manipulation_gazebo/models/turtlebot3_home_service_challenge/marker5/meshes/Marker5.dae:Zone.Identifier
[0.227s] -- Up-to-date: /home/mg0220/launch/install/turtlebot3_manipulation_gazebo/share/turtlebot3_manipulation_gazebo/models/turtlebot3_home_service_challenge/marker5/meshes/Marker5.dae
[0.227s] -- Up-to-date: /home/mg0220/launch/install/turtlebot3_manipulation_gazebo/share/turtlebot3_manipulation_gazebo/models/turtlebot3_home_service_challenge/marker5/model.config:Zone.Identifier
[0.227s] -- Up-to-date: /home/mg0220/launch/install/turtlebot3_manipulation_gazebo/share/turtlebot3_manipulation_gazebo/models/turtlebot3_home_service_challenge/marker5/model-1_5.sdf:Zone.Identifier
[0.227s] -- Up-to-date: /home/mg0220/launch/install/turtlebot3_manipulation_gazebo/share/turtlebot3_manipulation_gazebo/models/turtlebot3_home_service_challenge/marker5/model.sdf
[0.227s] -- Up-to-date: /home/mg0220/launch/install/turtlebot3_manipulation_gazebo/share/turtlebot3_manipulation_gazebo/models/turtlebot3_home_service_challenge/marker5/model-1_4.sdf:Zone.Identifier
[0.227s] -- Up-to-date: /home/mg0220/launch/install/turtlebot3_manipulation_gazebo/share/turtlebot3_manipulation_gazebo/models/turtlebot3_home_service_challenge/marker5/model.config
[0.227s] -- Up-to-date: /home/mg0220/launch/install/turtlebot3_manipulation_gazebo/share/turtlebot3_manipulation_gazebo/models/turtlebot3_home_service_challenge/marker5/model.sdf:Zone.Identifier
[0.227s] -- Up-to-date: /home/mg0220/launch/install/turtlebot3_manipulation_gazebo/share/turtlebot3_manipulation_gazebo/models/turtlebot3_home_service_challenge/marker4
[0.227s] -- Up-to-date: /home/mg0220/launch/install/turtlebot3_manipulation_gazebo/share/turtlebot3_manipulation_gazebo/models/turtlebot3_home_service_challenge/marker4/model-1_4.sdf
[0.227s] -- Up-to-date: /home/mg0220/launch/install/turtlebot3_manipulation_gazebo/share/turtlebot3_manipulation_gazebo/models/turtlebot3_home_service_challenge/marker4/model-1_5.sdf
[0.228s] -- Up-to-date: /home/mg0220/launch/install/turtlebot3_manipulation_gazebo/share/turtlebot3_manipulation_gazebo/models/turtlebot3_home_service_challenge/marker4/materials
[0.228s] -- Up-to-date: /home/mg0220/launch/install/turtlebot3_manipulation_gazebo/share/turtlebot3_manipulation_gazebo/models/turtlebot3_home_service_challenge/marker4/materials/textures
[0.228s] -- Up-to-date: /home/mg0220/launch/install/turtlebot3_manipulation_gazebo/share/turtlebot3_manipulation_gazebo/models/turtlebot3_home_service_challenge/marker4/materials/textures/Marker4.png:Zone.Identifier
[0.228s] -- Up-to-date: /home/mg0220/launch/install/turtlebot3_manipulation_gazebo/share/turtlebot3_manipulation_gazebo/models/turtlebot3_home_service_challenge/marker4/materials/textures/Marker4.png
[0.228s] -- Up-to-date: /home/mg0220/launch/install/turtlebot3_manipulation_gazebo/share/turtlebot3_manipulation_gazebo/models/turtlebot3_home_service_challenge/marker4/meshes
[0.228s] -- Up-to-date: /home/mg0220/launch/install/turtlebot3_manipulation_gazebo/share/turtlebot3_manipulation_gazebo/models/turtlebot3_home_service_challenge/marker4/meshes/Marker4.dae
[0.228s] -- Up-to-date: /home/mg0220/launch/install/turtlebot3_manipulation_gazebo/share/turtlebot3_manipulation_gazebo/models/turtlebot3_home_service_challenge/marker4/meshes/Marker4.dae:Zone.Identifier
[0.228s] -- Up-to-date: /home/mg0220/launch/install/turtlebot3_manipulation_gazebo/share/turtlebot3_manipulation_gazebo/models/turtlebot3_home_service_challenge/marker4/model.config:Zone.Identifier
[0.228s] -- Up-to-date: /home/mg0220/launch/install/turtlebot3_manipulation_gazebo/share/turtlebot3_manipulation_gazebo/models/turtlebot3_home_service_challenge/marker4/model-1_5.sdf:Zone.Identifier
[0.228s] -- Up-to-date: /home/mg0220/launch/install/turtlebot3_manipulation_gazebo/share/turtlebot3_manipulation_gazebo/models/turtlebot3_home_service_challenge/marker4/model.sdf
[0.229s] -- Up-to-date: /home/mg0220/launch/install/turtlebot3_manipulation_gazebo/share/turtlebot3_manipulation_gazebo/models/turtlebot3_home_service_challenge/marker4/model-1_4.sdf:Zone.Identifier
[0.229s] -- Up-to-date: /home/mg0220/launch/install/turtlebot3_manipulation_gazebo/share/turtlebot3_manipulation_gazebo/models/turtlebot3_home_service_challenge/marker4/model.config
[0.229s] -- Up-to-date: /home/mg0220/launch/install/turtlebot3_manipulation_gazebo/share/turtlebot3_manipulation_gazebo/models/turtlebot3_home_service_challenge/marker4/model.sdf:Zone.Identifier
[0.229s] -- Up-to-date: /home/mg0220/launch/install/turtlebot3_manipulation_gazebo/share/turtlebot3_manipulation_gazebo/models/turtlebot3_home_service_challenge/marker9
[0.229s] -- Up-to-date: /home/mg0220/launch/install/turtlebot3_manipulation_gazebo/share/turtlebot3_manipulation_gazebo/models/turtlebot3_home_service_challenge/marker9/model-1_4.sdf
[0.229s] -- Up-to-date: /home/mg0220/launch/install/turtlebot3_manipulation_gazebo/share/turtlebot3_manipulation_gazebo/models/turtlebot3_home_service_challenge/marker9/model-1_5.sdf
[0.229s] -- Up-to-date: /home/mg0220/launch/install/turtlebot3_manipulation_gazebo/share/turtlebot3_manipulation_gazebo/models/turtlebot3_home_service_challenge/marker9/materials
[0.229s] -- Up-to-date: /home/mg0220/launch/install/turtlebot3_manipulation_gazebo/share/turtlebot3_manipulation_gazebo/models/turtlebot3_home_service_challenge/marker9/materials/textures
[0.229s] -- Up-to-date: /home/mg0220/launch/install/turtlebot3_manipulation_gazebo/share/turtlebot3_manipulation_gazebo/models/turtlebot3_home_service_challenge/marker9/materials/textures/Marker9.png:Zone.Identifier
[0.229s] -- Up-to-date: /home/mg0220/launch/install/turtlebot3_manipulation_gazebo/share/turtlebot3_manipulation_gazebo/models/turtlebot3_home_service_challenge/marker9/materials/textures/Marker9.png
[0.229s] -- Up-to-date: /home/mg0220/launch/install/turtlebot3_manipulation_gazebo/share/turtlebot3_manipulation_gazebo/models/turtlebot3_home_service_challenge/marker9/meshes
[0.230s] -- Up-to-date: /home/mg0220/launch/install/turtlebot3_manipulation_gazebo/share/turtlebot3_manipulation_gazebo/models/turtlebot3_home_service_challenge/marker9/meshes/Marker9.dae:Zone.Identifier
[0.230s] -- Up-to-date: /home/mg0220/launch/install/turtlebot3_manipulation_gazebo/share/turtlebot3_manipulation_gazebo/models/turtlebot3_home_service_challenge/marker9/meshes/Marker9.dae
[0.230s] -- Up-to-date: /home/mg0220/launch/install/turtlebot3_manipulation_gazebo/share/turtlebot3_manipulation_gazebo/models/turtlebot3_home_service_challenge/marker9/model.config:Zone.Identifier
[0.230s] -- Up-to-date: /home/mg0220/launch/install/turtlebot3_manipulation_gazebo/share/turtlebot3_manipulation_gazebo/models/turtlebot3_home_service_challenge/marker9/model-1_5.sdf:Zone.Identifier
[0.230s] -- Up-to-date: /home/mg0220/launch/install/turtlebot3_manipulation_gazebo/share/turtlebot3_manipulation_gazebo/models/turtlebot3_home_service_challenge/marker9/model.sdf
[0.230s] -- Up-to-date: /home/mg0220/launch/install/turtlebot3_manipulation_gazebo/share/turtlebot3_manipulation_gazebo/models/turtlebot3_home_service_challenge/marker9/model-1_4.sdf:Zone.Identifier
[0.230s] -- Up-to-date: /home/mg0220/launch/install/turtlebot3_manipulation_gazebo/share/turtlebot3_manipulation_gazebo/models/turtlebot3_home_service_challenge/marker9/model.config
[0.230s] -- Up-to-date: /home/mg0220/launch/install/turtlebot3_manipulation_gazebo/share/turtlebot3_manipulation_gazebo/models/turtlebot3_home_service_challenge/marker9/model.sdf:Zone.Identifier
[0.230s] -- Up-to-date: /home/mg0220/launch/install/turtlebot3_manipulation_gazebo/share/turtlebot3_manipulation_gazebo/models/turtlebot3_home_service_challenge/marker3
[0.230s] -- Up-to-date: /home/mg0220/launch/install/turtlebot3_manipulation_gazebo/share/turtlebot3_manipulation_gazebo/models/turtlebot3_home_service_challenge/marker3/model-1_4.sdf
[0.230s] -- Up-to-date: /home/mg0220/launch/install/turtlebot3_manipulation_gazebo/share/turtlebot3_manipulation_gazebo/models/turtlebot3_home_service_challenge/marker3/model-1_5.sdf
[0.230s] -- Up-to-date: /home/mg0220/launch/install/turtlebot3_manipulation_gazebo/share/turtlebot3_manipulation_gazebo/models/turtlebot3_home_service_challenge/marker3/materials
[0.231s] -- Up-to-date: /home/mg0220/launch/install/turtlebot3_manipulation_gazebo/share/turtlebot3_manipulation_gazebo/models/turtlebot3_home_service_challenge/marker3/materials/textures
[0.231s] -- Up-to-date: /home/mg0220/launch/install/turtlebot3_manipulation_gazebo/share/turtlebot3_manipulation_gazebo/models/turtlebot3_home_service_challenge/marker3/materials/textures/Marker3.png:Zone.Identifier
[0.231s] -- Up-to-date: /home/mg0220/launch/install/turtlebot3_manipulation_gazebo/share/turtlebot3_manipulation_gazebo/models/turtlebot3_home_service_challenge/marker3/materials/textures/Marker3.png
[0.231s] -- Up-to-date: /home/mg0220/launch/install/turtlebot3_manipulation_gazebo/share/turtlebot3_manipulation_gazebo/models/turtlebot3_home_service_challenge/marker3/meshes
[0.231s] -- Up-to-date: /home/mg0220/launch/install/turtlebot3_manipulation_gazebo/share/turtlebot3_manipulation_gazebo/models/turtlebot3_home_service_challenge/marker3/meshes/Marker3.dae:Zone.Identifier
[0.231s] -- Up-to-date: /home/mg0220/launch/install/turtlebot3_manipulation_gazebo/share/turtlebot3_manipulation_gazebo/models/turtlebot3_home_service_challenge/marker3/meshes/Marker3.dae
[0.231s] -- Up-to-date: /home/mg0220/launch/install/turtlebot3_manipulation_gazebo/share/turtlebot3_manipulation_gazebo/models/turtlebot3_home_service_challenge/marker3/model.config:Zone.Identifier
[0.231s] -- Up-to-date: /home/mg0220/launch/install/turtlebot3_manipulation_gazebo/share/turtlebot3_manipulation_gazebo/models/turtlebot3_home_service_challenge/marker3/model-1_5.sdf:Zone.Identifier
[0.231s] -- Up-to-date: /home/mg0220/launch/install/turtlebot3_manipulation_gazebo/share/turtlebot3_manipulation_gazebo/models/turtlebot3_home_service_challenge/marker3/model.sdf
[0.231s] -- Up-to-date: /home/mg0220/launch/install/turtlebot3_manipulation_gazebo/share/turtlebot3_manipulation_gazebo/models/turtlebot3_home_service_challenge/marker3/model-1_4.sdf:Zone.Identifier
[0.232s] -- Up-to-date: /home/mg0220/launch/install/turtlebot3_manipulation_gazebo/share/turtlebot3_manipulation_gazebo/models/turtlebot3_home_service_challenge/marker3/model.config
[0.232s] -- Up-to-date: /home/mg0220/launch/install/turtlebot3_manipulation_gazebo/share/turtlebot3_manipulation_gazebo/models/turtlebot3_home_service_challenge/marker3/model.sdf:Zone.Identifier
[0.232s] -- Up-to-date: /home/mg0220/launch/install/turtlebot3_manipulation_gazebo/share/turtlebot3_manipulation_gazebo/models/turtlebot3_home_service_challenge/marker1
[0.232s] -- Up-to-date: /home/mg0220/launch/install/turtlebot3_manipulation_gazebo/share/turtlebot3_manipulation_gazebo/models/turtlebot3_home_service_challenge/marker1/model-1_4.sdf
[0.232s] -- Up-to-date: /home/mg0220/launch/install/turtlebot3_manipulation_gazebo/share/turtlebot3_manipulation_gazebo/models/turtlebot3_home_service_challenge/marker1/model-1_5.sdf
[0.232s] -- Up-to-date: /home/mg0220/launch/install/turtlebot3_manipulation_gazebo/share/turtlebot3_manipulation_gazebo/models/turtlebot3_home_service_challenge/marker1/materials
[0.232s] -- Up-to-date: /home/mg0220/launch/install/turtlebot3_manipulation_gazebo/share/turtlebot3_manipulation_gazebo/models/turtlebot3_home_service_challenge/marker1/materials/textures
[0.232s] -- Up-to-date: /home/mg0220/launch/install/turtlebot3_manipulation_gazebo/share/turtlebot3_manipulation_gazebo/models/turtlebot3_home_service_challenge/marker1/materials/textures/Marker1.png:Zone.Identifier
[0.232s] -- Up-to-date: /home/mg0220/launch/install/turtlebot3_manipulation_gazebo/share/turtlebot3_manipulation_gazebo/models/turtlebot3_home_service_challenge/marker1/materials/textures/Marker1.png
[0.232s] -- Up-to-date: /home/mg0220/launch/install/turtlebot3_manipulation_gazebo/share/turtlebot3_manipulation_gazebo/models/turtlebot3_home_service_challenge/marker1/meshes
[0.232s] -- Up-to-date: /home/mg0220/launch/install/turtlebot3_manipulation_gazebo/share/turtlebot3_manipulation_gazebo/models/turtlebot3_home_service_challenge/marker1/meshes/Marker1.dae
[0.233s] -- Up-to-date: /home/mg0220/launch/install/turtlebot3_manipulation_gazebo/share/turtlebot3_manipulation_gazebo/models/turtlebot3_home_service_challenge/marker1/meshes/Marker1.dae:Zone.Identifier
[0.233s] -- Up-to-date: /home/mg0220/launch/install/turtlebot3_manipulation_gazebo/share/turtlebot3_manipulation_gazebo/models/turtlebot3_home_service_challenge/marker1/model.config:Zone.Identifier
[0.233s] -- Up-to-date: /home/mg0220/launch/install/turtlebot3_manipulation_gazebo/share/turtlebot3_manipulation_gazebo/models/turtlebot3_home_service_challenge/marker1/model-1_5.sdf:Zone.Identifier
[0.233s] -- Up-to-date: /home/mg0220/launch/install/turtlebot3_manipulation_gazebo/share/turtlebot3_manipulation_gazebo/models/turtlebot3_home_service_challenge/marker1/model.sdf
[0.233s] -- Up-to-date: /home/mg0220/launch/install/turtlebot3_manipulation_gazebo/share/turtlebot3_manipulation_gazebo/models/turtlebot3_home_service_challenge/marker1/model-1_4.sdf:Zone.Identifier
[0.233s] -- Up-to-date: /home/mg0220/launch/install/turtlebot3_manipulation_gazebo/share/turtlebot3_manipulation_gazebo/models/turtlebot3_home_service_challenge/marker1/model.config
[0.233s] -- Up-to-date: /home/mg0220/launch/install/turtlebot3_manipulation_gazebo/share/turtlebot3_manipulation_gazebo/models/turtlebot3_home_service_challenge/marker1/model.sdf:Zone.Identifier
[0.233s] -- Up-to-date: /home/mg0220/launch/install/turtlebot3_manipulation_gazebo/share/turtlebot3_manipulation_gazebo/models/turtlebot3_home_service_challenge/marker7
[0.233s] -- Up-to-date: /home/mg0220/launch/install/turtlebot3_manipulation_gazebo/share/turtlebot3_manipulation_gazebo/models/turtlebot3_home_service_challenge/marker7/model-1_4.sdf
[0.233s] -- Up-to-date: /home/mg0220/launch/install/turtlebot3_manipulation_gazebo/share/turtlebot3_manipulation_gazebo/models/turtlebot3_home_service_challenge/marker7/model-1_5.sdf
[0.233s] -- Up-to-date: /home/mg0220/launch/install/turtlebot3_manipulation_gazebo/share/turtlebot3_manipulation_gazebo/models/turtlebot3_home_service_challenge/marker7/materials
[0.233s] -- Up-to-date: /home/mg0220/launch/install/turtlebot3_manipulation_gazebo/share/turtlebot3_manipulation_gazebo/models/turtlebot3_home_service_challenge/marker7/materials/textures
[0.234s] -- Up-to-date: /home/mg0220/launch/install/turtlebot3_manipulation_gazebo/share/turtlebot3_manipulation_gazebo/models/turtlebot3_home_service_challenge/marker7/materials/textures/Marker7.png
[0.234s] -- Up-to-date: /home/mg0220/launch/install/turtlebot3_manipulation_gazebo/share/turtlebot3_manipulation_gazebo/models/turtlebot3_home_service_challenge/marker7/materials/textures/Marker7.png:Zone.Identifier
[0.234s] -- Up-to-date: /home/mg0220/launch/install/turtlebot3_manipulation_gazebo/share/turtlebot3_manipulation_gazebo/models/turtlebot3_home_service_challenge/marker7/meshes
[0.234s] -- Up-to-date: /home/mg0220/launch/install/turtlebot3_manipulation_gazebo/share/turtlebot3_manipulation_gazebo/models/turtlebot3_home_service_challenge/marker7/meshes/Marker7.dae
[0.234s] -- Up-to-date: /home/mg0220/launch/install/turtlebot3_manipulation_gazebo/share/turtlebot3_manipulation_gazebo/models/turtlebot3_home_service_challenge/marker7/meshes/Marker7.dae:Zone.Identifier
[0.234s] -- Up-to-date: /home/mg0220/launch/install/turtlebot3_manipulation_gazebo/share/turtlebot3_manipulation_gazebo/models/turtlebot3_home_service_challenge/marker7/model.config:Zone.Identifier
[0.234s] -- Up-to-date: /home/mg0220/launch/install/turtlebot3_manipulation_gazebo/share/turtlebot3_manipulation_gazebo/models/turtlebot3_home_service_challenge/marker7/model-1_5.sdf:Zone.Identifier
[0.234s] -- Up-to-date: /home/mg0220/launch/install/turtlebot3_manipulation_gazebo/share/turtlebot3_manipulation_gazebo/models/turtlebot3_home_service_challenge/marker7/model.sdf
[0.234s] -- Up-to-date: /home/mg0220/launch/install/turtlebot3_manipulation_gazebo/share/turtlebot3_manipulation_gazebo/models/turtlebot3_home_service_challenge/marker7/model-1_4.sdf:Zone.Identifier
[0.234s] -- Up-to-date: /home/mg0220/launch/install/turtlebot3_manipulation_gazebo/share/turtlebot3_manipulation_gazebo/models/turtlebot3_home_service_challenge/marker7/model.config
[0.234s] -- Up-to-date: /home/mg0220/launch/install/turtlebot3_manipulation_gazebo/share/turtlebot3_manipulation_gazebo/models/turtlebot3_home_service_challenge/marker7/model.sdf:Zone.Identifier
[0.234s] -- Up-to-date: /home/mg0220/launch/install/turtlebot3_manipulation_gazebo/share/turtlebot3_manipulation_gazebo/meshes
[0.235s] -- Up-to-date: /home/mg0220/launch/install/turtlebot3_manipulation_gazebo/share/turtlebot3_manipulation_gazebo/meshes/open_manipulator_x
[0.235s] -- Up-to-date: /home/mg0220/launch/install/turtlebot3_manipulation_gazebo/share/turtlebot3_manipulation_gazebo/meshes/open_manipulator_x/gripper_right_palm.stl
[0.235s] -- Up-to-date: /home/mg0220/launch/install/turtlebot3_manipulation_gazebo/share/turtlebot3_manipulation_gazebo/meshes/open_manipulator_x/link4.stl:Zone.Identifier
[0.235s] -- Up-to-date: /home/mg0220/launch/install/turtlebot3_manipulation_gazebo/share/turtlebot3_manipulation_gazebo/meshes/open_manipulator_x/link4.stl
[0.235s] -- Up-to-date: /home/mg0220/launch/install/turtlebot3_manipulation_gazebo/share/turtlebot3_manipulation_gazebo/meshes/open_manipulator_x/link1.stl
[0.235s] -- Up-to-date: /home/mg0220/launch/install/turtlebot3_manipulation_gazebo/share/turtlebot3_manipulation_gazebo/meshes/open_manipulator_x/gripper_right_palm.stl:Zone.Identifier
[0.235s] -- Up-to-date: /home/mg0220/launch/install/turtlebot3_manipulation_gazebo/share/turtlebot3_manipulation_gazebo/meshes/open_manipulator_x/gripper_left_palm.stl
[0.235s] -- Up-to-date: /home/mg0220/launch/install/turtlebot3_manipulation_gazebo/share/turtlebot3_manipulation_gazebo/meshes/open_manipulator_x/link1.stl:Zone.Identifier
[0.235s] -- Up-to-date: /home/mg0220/launch/install/turtlebot3_manipulation_gazebo/share/turtlebot3_manipulation_gazebo/meshes/open_manipulator_x/link2.stl:Zone.Identifier
[0.235s] -- Up-to-date: /home/mg0220/launch/install/turtlebot3_manipulation_gazebo/share/turtlebot3_manipulation_gazebo/meshes/open_manipulator_x/link3.stl
[0.235s] -- Up-to-date: /home/mg0220/launch/install/turtlebot3_manipulation_gazebo/share/turtlebot3_manipulation_gazebo/meshes/open_manipulator_x/link3.stl:Zone.Identifier
[0.235s] -- Up-to-date: /home/mg0220/launch/install/turtlebot3_manipulation_gazebo/share/turtlebot3_manipulation_gazebo/meshes/open_manipulator_x/gripper_left_palm.stl:Zone.Identifier
[0.236s] -- Up-to-date: /home/mg0220/launch/install/turtlebot3_manipulation_gazebo/share/turtlebot3_manipulation_gazebo/meshes/open_manipulator_x/link5.stl:Zone.Identifier
[0.236s] -- Up-to-date: /home/mg0220/launch/install/turtlebot3_manipulation_gazebo/share/turtlebot3_manipulation_gazebo/meshes/open_manipulator_x/link5.stl
[0.236s] -- Up-to-date: /home/mg0220/launch/install/turtlebot3_manipulation_gazebo/share/turtlebot3_manipulation_gazebo/meshes/open_manipulator_x/link2.stl
[0.236s] -- Up-to-date: /home/mg0220/launch/install/turtlebot3_manipulation_gazebo/share/turtlebot3_manipulation_gazebo/meshes/turtlebot3_waffle_pi
[0.236s] -- Up-to-date: /home/mg0220/launch/install/turtlebot3_manipulation_gazebo/share/turtlebot3_manipulation_gazebo/meshes/turtlebot3_waffle_pi/ladar.stl:Zone.Identifier
[0.236s] -- Up-to-date: /home/mg0220/launch/install/turtlebot3_manipulation_gazebo/share/turtlebot3_manipulation_gazebo/meshes/turtlebot3_waffle_pi/ladar.stl
[0.236s] -- Up-to-date: /home/mg0220/launch/install/turtlebot3_manipulation_gazebo/share/turtlebot3_manipulation_gazebo/meshes/turtlebot3_waffle_pi/base.stl
[0.237s] -- Up-to-date: /home/mg0220/launch/install/turtlebot3_manipulation_gazebo/share/turtlebot3_manipulation_gazebo/meshes/turtlebot3_waffle_pi/left_tire.stl
[0.237s] -- Up-to-date: /home/mg0220/launch/install/turtlebot3_manipulation_gazebo/share/turtlebot3_manipulation_gazebo/meshes/turtlebot3_waffle_pi/right_tire.stl:Zone.Identifier
[0.237s] -- Up-to-date: /home/mg0220/launch/install/turtlebot3_manipulation_gazebo/share/turtlebot3_manipulation_gazebo/meshes/turtlebot3_waffle_pi/left_tire.stl:Zone.Identifier
[0.237s] -- Up-to-date: /home/mg0220/launch/install/turtlebot3_manipulation_gazebo/share/turtlebot3_manipulation_gazebo/meshes/turtlebot3_waffle_pi/right_tire.stl
[0.237s] -- Up-to-date: /home/mg0220/launch/install/turtlebot3_manipulation_gazebo/share/turtlebot3_manipulation_gazebo/meshes/turtlebot3_waffle_pi/base.stl:Zone.Identifier
[0.237s] -- Up-to-date: /home/mg0220/launch/install/turtlebot3_manipulation_gazebo/share/ament_index/resource_index/package_run_dependencies/turtlebot3_manipulation_gazebo
[0.237s] -- Up-to-date: /home/mg0220/launch/install/turtlebot3_manipulation_gazebo/share/ament_index/resource_index/parent_prefix_path/turtlebot3_manipulation_gazebo
[0.237s] -- Up-to-date: /home/mg0220/launch/install/turtlebot3_manipulation_gazebo/share/turtlebot3_manipulation_gazebo/environment/ament_prefix_path.sh
[0.237s] -- Up-to-date: /home/mg0220/launch/install/turtlebot3_manipulation_gazebo/share/turtlebot3_manipulation_gazebo/environment/ament_prefix_path.dsv
[0.237s] -- Up-to-date: /home/mg0220/launch/install/turtlebot3_manipulation_gazebo/share/turtlebot3_manipulation_gazebo/environment/path.sh
[0.237s] -- Up-to-date: /home/mg0220/launch/install/turtlebot3_manipulation_gazebo/share/turtlebot3_manipulation_gazebo/environment/path.dsv
[0.237s] -- Up-to-date: /home/mg0220/launch/install/turtlebot3_manipulation_gazebo/share/turtlebot3_manipulation_gazebo/local_setup.bash
[0.238s] -- Up-to-date: /home/mg0220/launch/install/turtlebot3_manipulation_gazebo/share/turtlebot3_manipulation_gazebo/local_setup.sh
[0.238s] -- Up-to-date: /home/mg0220/launch/install/turtlebot3_manipulation_gazebo/share/turtlebot3_manipulation_gazebo/local_setup.zsh
[0.238s] -- Up-to-date: /home/mg0220/launch/install/turtlebot3_manipulation_gazebo/share/turtlebot3_manipulation_gazebo/local_setup.dsv
[0.238s] -- Installing: /home/mg0220/launch/install/turtlebot3_manipulation_gazebo/share/turtlebot3_manipulation_gazebo/package.dsv
[0.238s] -- Up-to-date: /home/mg0220/launch/install/turtlebot3_manipulation_gazebo/share/ament_index/resource_index/packages/turtlebot3_manipulation_gazebo
[0.238s] -- Up-to-date: /home/mg0220/launch/install/turtlebot3_manipulation_gazebo/share/turtlebot3_manipulation_gazebo/cmake/turtlebot3_manipulation_gazeboConfig.cmake
[0.238s] -- Up-to-date: /home/mg0220/launch/install/turtlebot3_manipulation_gazebo/share/turtlebot3_manipulation_gazebo/cmake/turtlebot3_manipulation_gazeboConfig-version.cmake
[0.238s] -- Up-to-date: /home/mg0220/launch/install/turtlebot3_manipulation_gazebo/share/turtlebot3_manipulation_gazebo/package.xml
[0.280s] Invoked command in '/home/mg0220/launch/build/turtlebot3_manipulation_gazebo' returned '0': CMAKE_PREFIX_PATH=${CMAKE_PREFIX_PATH}:/home/mg0220/launch/install/dwb_pkg:/opt/ros/humble /usr/bin/cmake --install /home/mg0220/launch/build/turtlebot3_manipulation_gazebo
