[0.147s] DEBUG:colcon:Command line arguments: ['/usr/bin/colcon', 'build']
[0.147s] DEBUG:colcon:Parsed command line arguments: Namespace(log_base=None, log_level=None, verb_name='build', build_base='build', install_base='install', merge_install=False, symlink_install=False, test_result_base=None, continue_on_error=False, executor='parallel', parallel_workers=20, event_handlers=None, ignore_user_meta=False, metas=['./colcon.meta'], base_paths=['.'], packages_ignore=None, packages_ignore_regex=None, paths=None, packages_up_to=None, packages_up_to_regex=None, packages_above=None, packages_above_and_dependencies=None, packages_above_depth=None, packages_select_by_dep=None, packages_skip_by_dep=None, packages_skip_up_to=None, packages_select_build_failed=False, packages_skip_build_finished=False, packages_select_test_failures=False, packages_skip_test_passed=False, packages_select=None, packages_skip=None, packages_select_regex=None, packages_skip_regex=None, packages_start=None, packages_end=None, allow_overriding=[], cmake_args=None, cmake_target=None, cmake_target_skip_unavailable=False, cmake_clean_cache=False, cmake_clean_first=False, cmake_force_configure=False, ament_cmake_args=None, catkin_cmake_args=None, catkin_skip_building_tests=False, mixin_files=None, mixin=None, verb_parser=<colcon_mixin.mixin.mixin_argument.MixinArgumentDecorator object at 0x79aa8c024d00>, verb_extension=<colcon_core.verb.build.BuildVerb object at 0x79aa8c0246a0>, main=<bound method BuildVerb.main of <colcon_core.verb.build.BuildVerb object at 0x79aa8c0246a0>>, mixin_verb=('build',))
[0.253s] Level 1:colcon.colcon_core.package_discovery:discover_packages(colcon_meta) check parameters
[0.253s] Level 1:colcon.colcon_core.package_discovery:discover_packages(recursive) check parameters
[0.253s] Level 1:colcon.colcon_core.package_discovery:discover_packages(ignore) check parameters
[0.253s] Level 1:colcon.colcon_core.package_discovery:discover_packages(path) check parameters
[0.253s] Level 1:colcon.colcon_core.package_discovery:discover_packages(colcon_meta) discover
[0.253s] Level 1:colcon.colcon_core.package_discovery:discover_packages(recursive) discover
[0.253s] INFO:colcon.colcon_core.package_discovery:Crawling recursively for packages in '/home/mg0220/launch'
[0.253s] Level 1:colcon.colcon_core.package_identification:_identify(.) by extensions ['ignore', 'ignore_ament_install']
[0.253s] Level 1:colcon.colcon_core.package_identification:_identify(.) by extension 'ignore'
[0.253s] Level 1:colcon.colcon_core.package_identification:_identify(.) by extension 'ignore_ament_install'
[0.253s] Level 1:colcon.colcon_core.package_identification:_identify(.) by extensions ['colcon_pkg']
[0.253s] Level 1:colcon.colcon_core.package_identification:_identify(.) by extension 'colcon_pkg'
[0.253s] Level 1:colcon.colcon_core.package_identification:_identify(.) by extensions ['colcon_meta']
[0.253s] Level 1:colcon.colcon_core.package_identification:_identify(.) by extension 'colcon_meta'
[0.253s] Level 1:colcon.colcon_core.package_identification:_identify(.) by extensions ['ros']
[0.253s] Level 1:colcon.colcon_core.package_identification:_identify(.) by extension 'ros'
[0.273s] Level 1:colcon.colcon_core.package_identification:_identify(.) by extensions ['cmake', 'python']
[0.274s] Level 1:colcon.colcon_core.package_identification:_identify(.) by extension 'cmake'
[0.274s] Level 1:colcon.colcon_core.package_identification:_identify(.) by extension 'python'
[0.274s] Level 1:colcon.colcon_core.package_identification:_identify(.) by extensions ['python_setup_py']
[0.274s] Level 1:colcon.colcon_core.package_identification:_identify(.) by extension 'python_setup_py'
[0.274s] Level 1:colcon.colcon_core.package_identification:_identify(build) by extensions ['ignore', 'ignore_ament_install']
[0.274s] Level 1:colcon.colcon_core.package_identification:_identify(build) by extension 'ignore'
[0.274s] Level 1:colcon.colcon_core.package_identification:_identify(build) ignored
[0.274s] Level 1:colcon.colcon_core.package_identification:_identify(install) by extensions ['ignore', 'ignore_ament_install']
[0.274s] Level 1:colcon.colcon_core.package_identification:_identify(install) by extension 'ignore'
[0.274s] Level 1:colcon.colcon_core.package_identification:_identify(install) ignored
[0.274s] Level 1:colcon.colcon_core.package_identification:_identify(log) by extensions ['ignore', 'ignore_ament_install']
[0.274s] Level 1:colcon.colcon_core.package_identification:_identify(log) by extension 'ignore'
[0.274s] Level 1:colcon.colcon_core.package_identification:_identify(log) ignored
[0.274s] Level 1:colcon.colcon_core.package_identification:_identify(src) by extensions ['ignore', 'ignore_ament_install']
[0.274s] Level 1:colcon.colcon_core.package_identification:_identify(src) by extension 'ignore'
[0.274s] Level 1:colcon.colcon_core.package_identification:_identify(src) by extension 'ignore_ament_install'
[0.274s] Level 1:colcon.colcon_core.package_identification:_identify(src) by extensions ['colcon_pkg']
[0.274s] Level 1:colcon.colcon_core.package_identification:_identify(src) by extension 'colcon_pkg'
[0.274s] Level 1:colcon.colcon_core.package_identification:_identify(src) by extensions ['colcon_meta']
[0.274s] Level 1:colcon.colcon_core.package_identification:_identify(src) by extension 'colcon_meta'
[0.274s] Level 1:colcon.colcon_core.package_identification:_identify(src) by extensions ['ros']
[0.274s] Level 1:colcon.colcon_core.package_identification:_identify(src) by extension 'ros'
[0.274s] Level 1:colcon.colcon_core.package_identification:_identify(src) by extensions ['cmake', 'python']
[0.274s] Level 1:colcon.colcon_core.package_identification:_identify(src) by extension 'cmake'
[0.274s] Level 1:colcon.colcon_core.package_identification:_identify(src) by extension 'python'
[0.274s] Level 1:colcon.colcon_core.package_identification:_identify(src) by extensions ['python_setup_py']
[0.274s] Level 1:colcon.colcon_core.package_identification:_identify(src) by extension 'python_setup_py'
[0.274s] Level 1:colcon.colcon_core.package_identification:_identify(src/dwb_pkg) by extensions ['ignore', 'ignore_ament_install']
[0.274s] Level 1:colcon.colcon_core.package_identification:_identify(src/dwb_pkg) by extension 'ignore'
[0.274s] Level 1:colcon.colcon_core.package_identification:_identify(src/dwb_pkg) by extension 'ignore_ament_install'
[0.274s] Level 1:colcon.colcon_core.package_identification:_identify(src/dwb_pkg) by extensions ['colcon_pkg']
[0.274s] Level 1:colcon.colcon_core.package_identification:_identify(src/dwb_pkg) by extension 'colcon_pkg'
[0.274s] Level 1:colcon.colcon_core.package_identification:_identify(src/dwb_pkg) by extensions ['colcon_meta']
[0.274s] Level 1:colcon.colcon_core.package_identification:_identify(src/dwb_pkg) by extension 'colcon_meta'
[0.274s] Level 1:colcon.colcon_core.package_identification:_identify(src/dwb_pkg) by extensions ['ros']
[0.274s] Level 1:colcon.colcon_core.package_identification:_identify(src/dwb_pkg) by extension 'ros'
[0.276s] DEBUG:colcon.colcon_core.package_identification:Package 'src/dwb_pkg' with type 'ros.ament_python' and name 'dwb_pkg'
[0.276s] Level 1:colcon.colcon_core.package_identification:_identify(turtlebot3_simulations) by extensions ['ignore', 'ignore_ament_install']
[0.276s] Level 1:colcon.colcon_core.package_identification:_identify(turtlebot3_simulations) by extension 'ignore'
[0.276s] Level 1:colcon.colcon_core.package_identification:_identify(turtlebot3_simulations) by extension 'ignore_ament_install'
[0.276s] Level 1:colcon.colcon_core.package_identification:_identify(turtlebot3_simulations) by extensions ['colcon_pkg']
[0.276s] Level 1:colcon.colcon_core.package_identification:_identify(turtlebot3_simulations) by extension 'colcon_pkg'
[0.276s] Level 1:colcon.colcon_core.package_identification:_identify(turtlebot3_simulations) by extensions ['colcon_meta']
[0.276s] Level 1:colcon.colcon_core.package_identification:_identify(turtlebot3_simulations) by extension 'colcon_meta'
[0.276s] Level 1:colcon.colcon_core.package_identification:_identify(turtlebot3_simulations) by extensions ['ros']
[0.276s] Level 1:colcon.colcon_core.package_identification:_identify(turtlebot3_simulations) by extension 'ros'
[0.276s] Level 1:colcon.colcon_core.package_identification:_identify(turtlebot3_simulations) by extensions ['cmake', 'python']
[0.276s] Level 1:colcon.colcon_core.package_identification:_identify(turtlebot3_simulations) by extension 'cmake'
[0.276s] Level 1:colcon.colcon_core.package_identification:_identify(turtlebot3_simulations) by extension 'python'
[0.276s] Level 1:colcon.colcon_core.package_identification:_identify(turtlebot3_simulations) by extensions ['python_setup_py']
[0.276s] Level 1:colcon.colcon_core.package_identification:_identify(turtlebot3_simulations) by extension 'python_setup_py'
[0.276s] Level 1:colcon.colcon_core.package_identification:_identify(turtlebot3_simulations/turtlebot3_fake_node) by extensions ['ignore', 'ignore_ament_install']
[0.276s] Level 1:colcon.colcon_core.package_identification:_identify(turtlebot3_simulations/turtlebot3_fake_node) by extension 'ignore'
[0.276s] Level 1:colcon.colcon_core.package_identification:_identify(turtlebot3_simulations/turtlebot3_fake_node) by extension 'ignore_ament_install'
[0.276s] Level 1:colcon.colcon_core.package_identification:_identify(turtlebot3_simulations/turtlebot3_fake_node) by extensions ['colcon_pkg']
[0.276s] Level 1:colcon.colcon_core.package_identification:_identify(turtlebot3_simulations/turtlebot3_fake_node) by extension 'colcon_pkg'
[0.276s] Level 1:colcon.colcon_core.package_identification:_identify(turtlebot3_simulations/turtlebot3_fake_node) by extensions ['colcon_meta']
[0.276s] Level 1:colcon.colcon_core.package_identification:_identify(turtlebot3_simulations/turtlebot3_fake_node) by extension 'colcon_meta'
[0.276s] Level 1:colcon.colcon_core.package_identification:_identify(turtlebot3_simulations/turtlebot3_fake_node) by extensions ['ros']
[0.276s] Level 1:colcon.colcon_core.package_identification:_identify(turtlebot3_simulations/turtlebot3_fake_node) by extension 'ros'
[0.277s] DEBUG:colcon.colcon_core.package_identification:Package 'turtlebot3_simulations/turtlebot3_fake_node' with type 'ros.ament_cmake' and name 'turtlebot3_fake_node'
[0.277s] Level 1:colcon.colcon_core.package_identification:_identify(turtlebot3_simulations/turtlebot3_gazebo) by extensions ['ignore', 'ignore_ament_install']
[0.277s] Level 1:colcon.colcon_core.package_identification:_identify(turtlebot3_simulations/turtlebot3_gazebo) by extension 'ignore'
[0.277s] Level 1:colcon.colcon_core.package_identification:_identify(turtlebot3_simulations/turtlebot3_gazebo) by extension 'ignore_ament_install'
[0.277s] Level 1:colcon.colcon_core.package_identification:_identify(turtlebot3_simulations/turtlebot3_gazebo) by extensions ['colcon_pkg']
[0.277s] Level 1:colcon.colcon_core.package_identification:_identify(turtlebot3_simulations/turtlebot3_gazebo) by extension 'colcon_pkg'
[0.277s] Level 1:colcon.colcon_core.package_identification:_identify(turtlebot3_simulations/turtlebot3_gazebo) by extensions ['colcon_meta']
[0.277s] Level 1:colcon.colcon_core.package_identification:_identify(turtlebot3_simulations/turtlebot3_gazebo) by extension 'colcon_meta'
[0.277s] Level 1:colcon.colcon_core.package_identification:_identify(turtlebot3_simulations/turtlebot3_gazebo) by extensions ['ros']
[0.277s] Level 1:colcon.colcon_core.package_identification:_identify(turtlebot3_simulations/turtlebot3_gazebo) by extension 'ros'
[0.278s] DEBUG:colcon.colcon_core.package_identification:Package 'turtlebot3_simulations/turtlebot3_gazebo' with type 'ros.ament_cmake' and name 'turtlebot3_gazebo'
[0.278s] Level 1:colcon.colcon_core.package_identification:_identify(turtlebot3_simulations/turtlebot3_manipulation_gazebo) by extensions ['ignore', 'ignore_ament_install']
[0.278s] Level 1:colcon.colcon_core.package_identification:_identify(turtlebot3_simulations/turtlebot3_manipulation_gazebo) by extension 'ignore'
[0.278s] Level 1:colcon.colcon_core.package_identification:_identify(turtlebot3_simulations/turtlebot3_manipulation_gazebo) by extension 'ignore_ament_install'
[0.278s] Level 1:colcon.colcon_core.package_identification:_identify(turtlebot3_simulations/turtlebot3_manipulation_gazebo) by extensions ['colcon_pkg']
[0.278s] Level 1:colcon.colcon_core.package_identification:_identify(turtlebot3_simulations/turtlebot3_manipulation_gazebo) by extension 'colcon_pkg'
[0.278s] Level 1:colcon.colcon_core.package_identification:_identify(turtlebot3_simulations/turtlebot3_manipulation_gazebo) by extensions ['colcon_meta']
[0.278s] Level 1:colcon.colcon_core.package_identification:_identify(turtlebot3_simulations/turtlebot3_manipulation_gazebo) by extension 'colcon_meta'
[0.278s] Level 1:colcon.colcon_core.package_identification:_identify(turtlebot3_simulations/turtlebot3_manipulation_gazebo) by extensions ['ros']
[0.278s] Level 1:colcon.colcon_core.package_identification:_identify(turtlebot3_simulations/turtlebot3_manipulation_gazebo) by extension 'ros'
[0.279s] DEBUG:colcon.colcon_core.package_identification:Package 'turtlebot3_simulations/turtlebot3_manipulation_gazebo' with type 'ros.ament_cmake' and name 'turtlebot3_manipulation_gazebo'
[0.279s] Level 1:colcon.colcon_core.package_identification:_identify(turtlebot3_simulations/turtlebot3_simulations) by extensions ['ignore', 'ignore_ament_install']
[0.279s] Level 1:colcon.colcon_core.package_identification:_identify(turtlebot3_simulations/turtlebot3_simulations) by extension 'ignore'
[0.279s] Level 1:colcon.colcon_core.package_identification:_identify(turtlebot3_simulations/turtlebot3_simulations) by extension 'ignore_ament_install'
[0.279s] Level 1:colcon.colcon_core.package_identification:_identify(turtlebot3_simulations/turtlebot3_simulations) by extensions ['colcon_pkg']
[0.279s] Level 1:colcon.colcon_core.package_identification:_identify(turtlebot3_simulations/turtlebot3_simulations) by extension 'colcon_pkg'
[0.279s] Level 1:colcon.colcon_core.package_identification:_identify(turtlebot3_simulations/turtlebot3_simulations) by extensions ['colcon_meta']
[0.279s] Level 1:colcon.colcon_core.package_identification:_identify(turtlebot3_simulations/turtlebot3_simulations) by extension 'colcon_meta'
[0.279s] Level 1:colcon.colcon_core.package_identification:_identify(turtlebot3_simulations/turtlebot3_simulations) by extensions ['ros']
[0.279s] Level 1:colcon.colcon_core.package_identification:_identify(turtlebot3_simulations/turtlebot3_simulations) by extension 'ros'
[0.279s] DEBUG:colcon.colcon_core.package_identification:Package 'turtlebot3_simulations/turtlebot3_simulations' with type 'ros.ament_cmake' and name 'turtlebot3_simulations'
[0.279s] Level 1:colcon.colcon_core.package_discovery:discover_packages(recursive) using defaults
[0.279s] Level 1:colcon.colcon_core.package_discovery:discover_packages(ignore) discover
[0.279s] Level 1:colcon.colcon_core.package_discovery:discover_packages(ignore) using defaults
[0.279s] Level 1:colcon.colcon_core.package_discovery:discover_packages(path) discover
[0.279s] Level 1:colcon.colcon_core.package_discovery:discover_packages(path) using defaults
[0.291s] Level 1:colcon.colcon_core.package_discovery:discover_packages(prefix_path) check parameters
[0.291s] Level 1:colcon.colcon_core.package_discovery:discover_packages(prefix_path) discover
[0.292s] DEBUG:colcon.colcon_installed_package_information.package_discovery:Found 5 installed packages in /home/mg0220/launch/install
[0.293s] DEBUG:colcon.colcon_installed_package_information.package_discovery:Found 4 installed packages in /home/mg0220/turtlebot3_ws/install
[0.294s] DEBUG:colcon.colcon_installed_package_information.package_discovery:Found 445 installed packages in /opt/ros/humble
[0.295s] Level 1:colcon.colcon_core.package_discovery:discover_packages(prefix_path) using defaults
[0.322s] Level 5:colcon.colcon_core.verb:set package 'dwb_pkg' build argument 'cmake_args' from command line to 'None'
[0.323s] Level 5:colcon.colcon_core.verb:set package 'dwb_pkg' build argument 'cmake_target' from command line to 'None'
[0.323s] Level 5:colcon.colcon_core.verb:set package 'dwb_pkg' build argument 'cmake_target_skip_unavailable' from command line to 'False'
[0.323s] Level 5:colcon.colcon_core.verb:set package 'dwb_pkg' build argument 'cmake_clean_cache' from command line to 'False'
[0.323s] Level 5:colcon.colcon_core.verb:set package 'dwb_pkg' build argument 'cmake_clean_first' from command line to 'False'
[0.323s] Level 5:colcon.colcon_core.verb:set package 'dwb_pkg' build argument 'cmake_force_configure' from command line to 'False'
[0.323s] Level 5:colcon.colcon_core.verb:set package 'dwb_pkg' build argument 'ament_cmake_args' from command line to 'None'
[0.323s] Level 5:colcon.colcon_core.verb:set package 'dwb_pkg' build argument 'catkin_cmake_args' from command line to 'None'
[0.323s] Level 5:colcon.colcon_core.verb:set package 'dwb_pkg' build argument 'catkin_skip_building_tests' from command line to 'False'
[0.323s] DEBUG:colcon.colcon_core.verb:Building package 'dwb_pkg' with the following arguments: {'ament_cmake_args': None, 'build_base': '/home/mg0220/launch/build/dwb_pkg', 'catkin_cmake_args': None, 'catkin_skip_building_tests': False, 'cmake_args': None, 'cmake_clean_cache': False, 'cmake_clean_first': False, 'cmake_force_configure': False, 'cmake_target': None, 'cmake_target_skip_unavailable': False, 'install_base': '/home/mg0220/launch/install/dwb_pkg', 'merge_install': False, 'path': '/home/mg0220/launch/src/dwb_pkg', 'symlink_install': False, 'test_result_base': None}
[0.323s] Level 5:colcon.colcon_core.verb:set package 'turtlebot3_fake_node' build argument 'cmake_args' from command line to 'None'
[0.323s] Level 5:colcon.colcon_core.verb:set package 'turtlebot3_fake_node' build argument 'cmake_target' from command line to 'None'
[0.323s] Level 5:colcon.colcon_core.verb:set package 'turtlebot3_fake_node' build argument 'cmake_target_skip_unavailable' from command line to 'False'
[0.323s] Level 5:colcon.colcon_core.verb:set package 'turtlebot3_fake_node' build argument 'cmake_clean_cache' from command line to 'False'
[0.323s] Level 5:colcon.colcon_core.verb:set package 'turtlebot3_fake_node' build argument 'cmake_clean_first' from command line to 'False'
[0.323s] Level 5:colcon.colcon_core.verb:set package 'turtlebot3_fake_node' build argument 'cmake_force_configure' from command line to 'False'
[0.323s] Level 5:colcon.colcon_core.verb:set package 'turtlebot3_fake_node' build argument 'ament_cmake_args' from command line to 'None'
[0.323s] Level 5:colcon.colcon_core.verb:set package 'turtlebot3_fake_node' build argument 'catkin_cmake_args' from command line to 'None'
[0.323s] Level 5:colcon.colcon_core.verb:set package 'turtlebot3_fake_node' build argument 'catkin_skip_building_tests' from command line to 'False'
[0.323s] DEBUG:colcon.colcon_core.verb:Building package 'turtlebot3_fake_node' with the following arguments: {'ament_cmake_args': None, 'build_base': '/home/mg0220/launch/build/turtlebot3_fake_node', 'catkin_cmake_args': None, 'catkin_skip_building_tests': False, 'cmake_args': None, 'cmake_clean_cache': False, 'cmake_clean_first': False, 'cmake_force_configure': False, 'cmake_target': None, 'cmake_target_skip_unavailable': False, 'install_base': '/home/mg0220/launch/install/turtlebot3_fake_node', 'merge_install': False, 'path': '/home/mg0220/launch/turtlebot3_simulations/turtlebot3_fake_node', 'symlink_install': False, 'test_result_base': None}
[0.323s] Level 5:colcon.colcon_core.verb:set package 'turtlebot3_gazebo' build argument 'cmake_args' from command line to 'None'
[0.323s] Level 5:colcon.colcon_core.verb:set package 'turtlebot3_gazebo' build argument 'cmake_target' from command line to 'None'
[0.323s] Level 5:colcon.colcon_core.verb:set package 'turtlebot3_gazebo' build argument 'cmake_target_skip_unavailable' from command line to 'False'
[0.323s] Level 5:colcon.colcon_core.verb:set package 'turtlebot3_gazebo' build argument 'cmake_clean_cache' from command line to 'False'
[0.323s] Level 5:colcon.colcon_core.verb:set package 'turtlebot3_gazebo' build argument 'cmake_clean_first' from command line to 'False'
[0.323s] Level 5:colcon.colcon_core.verb:set package 'turtlebot3_gazebo' build argument 'cmake_force_configure' from command line to 'False'
[0.323s] Level 5:colcon.colcon_core.verb:set package 'turtlebot3_gazebo' build argument 'ament_cmake_args' from command line to 'None'
[0.323s] Level 5:colcon.colcon_core.verb:set package 'turtlebot3_gazebo' build argument 'catkin_cmake_args' from command line to 'None'
[0.323s] Level 5:colcon.colcon_core.verb:set package 'turtlebot3_gazebo' build argument 'catkin_skip_building_tests' from command line to 'False'
[0.323s] DEBUG:colcon.colcon_core.verb:Building package 'turtlebot3_gazebo' with the following arguments: {'ament_cmake_args': None, 'build_base': '/home/mg0220/launch/build/turtlebot3_gazebo', 'catkin_cmake_args': None, 'catkin_skip_building_tests': False, 'cmake_args': None, 'cmake_clean_cache': False, 'cmake_clean_first': False, 'cmake_force_configure': False, 'cmake_target': None, 'cmake_target_skip_unavailable': False, 'install_base': '/home/mg0220/launch/install/turtlebot3_gazebo', 'merge_install': False, 'path': '/home/mg0220/launch/turtlebot3_simulations/turtlebot3_gazebo', 'symlink_install': False, 'test_result_base': None}
[0.323s] Level 5:colcon.colcon_core.verb:set package 'turtlebot3_manipulation_gazebo' build argument 'cmake_args' from command line to 'None'
[0.323s] Level 5:colcon.colcon_core.verb:set package 'turtlebot3_manipulation_gazebo' build argument 'cmake_target' from command line to 'None'
[0.323s] Level 5:colcon.colcon_core.verb:set package 'turtlebot3_manipulation_gazebo' build argument 'cmake_target_skip_unavailable' from command line to 'False'
[0.323s] Level 5:colcon.colcon_core.verb:set package 'turtlebot3_manipulation_gazebo' build argument 'cmake_clean_cache' from command line to 'False'
[0.323s] Level 5:colcon.colcon_core.verb:set package 'turtlebot3_manipulation_gazebo' build argument 'cmake_clean_first' from command line to 'False'
[0.323s] Level 5:colcon.colcon_core.verb:set package 'turtlebot3_manipulation_gazebo' build argument 'cmake_force_configure' from command line to 'False'
[0.323s] Level 5:colcon.colcon_core.verb:set package 'turtlebot3_manipulation_gazebo' build argument 'ament_cmake_args' from command line to 'None'
[0.323s] Level 5:colcon.colcon_core.verb:set package 'turtlebot3_manipulation_gazebo' build argument 'catkin_cmake_args' from command line to 'None'
[0.323s] Level 5:colcon.colcon_core.verb:set package 'turtlebot3_manipulation_gazebo' build argument 'catkin_skip_building_tests' from command line to 'False'
[0.323s] DEBUG:colcon.colcon_core.verb:Building package 'turtlebot3_manipulation_gazebo' with the following arguments: {'ament_cmake_args': None, 'build_base': '/home/mg0220/launch/build/turtlebot3_manipulation_gazebo', 'catkin_cmake_args': None, 'catkin_skip_building_tests': False, 'cmake_args': None, 'cmake_clean_cache': False, 'cmake_clean_first': False, 'cmake_force_configure': False, 'cmake_target': None, 'cmake_target_skip_unavailable': False, 'install_base': '/home/mg0220/launch/install/turtlebot3_manipulation_gazebo', 'merge_install': False, 'path': '/home/mg0220/launch/turtlebot3_simulations/turtlebot3_manipulation_gazebo', 'symlink_install': False, 'test_result_base': None}
[0.324s] Level 5:colcon.colcon_core.verb:set package 'turtlebot3_simulations' build argument 'cmake_args' from command line to 'None'
[0.324s] Level 5:colcon.colcon_core.verb:set package 'turtlebot3_simulations' build argument 'cmake_target' from command line to 'None'
[0.324s] Level 5:colcon.colcon_core.verb:set package 'turtlebot3_simulations' build argument 'cmake_target_skip_unavailable' from command line to 'False'
[0.324s] Level 5:colcon.colcon_core.verb:set package 'turtlebot3_simulations' build argument 'cmake_clean_cache' from command line to 'False'
[0.324s] Level 5:colcon.colcon_core.verb:set package 'turtlebot3_simulations' build argument 'cmake_clean_first' from command line to 'False'
[0.324s] Level 5:colcon.colcon_core.verb:set package 'turtlebot3_simulations' build argument 'cmake_force_configure' from command line to 'False'
[0.324s] Level 5:colcon.colcon_core.verb:set package 'turtlebot3_simulations' build argument 'ament_cmake_args' from command line to 'None'
[0.324s] Level 5:colcon.colcon_core.verb:set package 'turtlebot3_simulations' build argument 'catkin_cmake_args' from command line to 'None'
[0.324s] Level 5:colcon.colcon_core.verb:set package 'turtlebot3_simulations' build argument 'catkin_skip_building_tests' from command line to 'False'
[0.324s] DEBUG:colcon.colcon_core.verb:Building package 'turtlebot3_simulations' with the following arguments: {'ament_cmake_args': None, 'build_base': '/home/mg0220/launch/build/turtlebot3_simulations', 'catkin_cmake_args': None, 'catkin_skip_building_tests': False, 'cmake_args': None, 'cmake_clean_cache': False, 'cmake_clean_first': False, 'cmake_force_configure': False, 'cmake_target': None, 'cmake_target_skip_unavailable': False, 'install_base': '/home/mg0220/launch/install/turtlebot3_simulations', 'merge_install': False, 'path': '/home/mg0220/launch/turtlebot3_simulations/turtlebot3_simulations', 'symlink_install': False, 'test_result_base': None}
[0.324s] INFO:colcon.colcon_core.executor:Executing jobs using 'parallel' executor
[0.324s] DEBUG:colcon.colcon_parallel_executor.executor.parallel:run_until_complete
[0.325s] INFO:colcon.colcon_ros.task.ament_cmake.build:Building ROS package in '/home/mg0220/launch/turtlebot3_simulations/turtlebot3_fake_node' with build type 'ament_cmake'
[0.325s] INFO:colcon.colcon_cmake.task.cmake.build:Building CMake package in '/home/mg0220/launch/turtlebot3_simulations/turtlebot3_fake_node'
[0.327s] INFO:colcon.colcon_core.plugin_system:Skipping extension 'colcon_core.shell.bat': Not used on non-Windows systems
[0.327s] INFO:colcon.colcon_core.shell:Skip shell extension 'powershell' for command environment: Not usable outside of PowerShell
[0.327s] DEBUG:colcon.colcon_core.shell:Skip shell extension 'dsv' for command environment
[0.329s] INFO:colcon.colcon_ros.task.ament_cmake.build:Building ROS package in '/home/mg0220/launch/turtlebot3_simulations/turtlebot3_gazebo' with build type 'ament_cmake'
[0.330s] INFO:colcon.colcon_cmake.task.cmake.build:Building CMake package in '/home/mg0220/launch/turtlebot3_simulations/turtlebot3_gazebo'
[0.330s] INFO:colcon.colcon_core.shell:Skip shell extension 'powershell' for command environment: Not usable outside of PowerShell
[0.330s] DEBUG:colcon.colcon_core.shell:Skip shell extension 'dsv' for command environment
[0.333s] INFO:colcon.colcon_ros.task.ament_cmake.build:Building ROS package in '/home/mg0220/launch/turtlebot3_simulations/turtlebot3_manipulation_gazebo' with build type 'ament_cmake'
[0.333s] INFO:colcon.colcon_cmake.task.cmake.build:Building CMake package in '/home/mg0220/launch/turtlebot3_simulations/turtlebot3_manipulation_gazebo'
[0.333s] INFO:colcon.colcon_core.shell:Skip shell extension 'powershell' for command environment: Not usable outside of PowerShell
[0.333s] DEBUG:colcon.colcon_core.shell:Skip shell extension 'dsv' for command environment
[0.335s] INFO:colcon.colcon_ros.task.ament_python.build:Building ROS package in '/home/mg0220/launch/src/dwb_pkg' with build type 'ament_python'
[0.335s] Level 1:colcon.colcon_core.shell:create_environment_hook('dwb_pkg', 'ament_prefix_path')
[0.335s] INFO:colcon.colcon_core.shell:Creating environment hook '/home/mg0220/launch/install/dwb_pkg/share/dwb_pkg/hook/ament_prefix_path.ps1'
[0.336s] INFO:colcon.colcon_core.shell:Creating environment descriptor '/home/mg0220/launch/install/dwb_pkg/share/dwb_pkg/hook/ament_prefix_path.dsv'
[0.336s] INFO:colcon.colcon_core.shell:Creating environment hook '/home/mg0220/launch/install/dwb_pkg/share/dwb_pkg/hook/ament_prefix_path.sh'
[0.337s] INFO:colcon.colcon_core.shell:Skip shell extension 'powershell' for command environment: Not usable outside of PowerShell
[0.337s] DEBUG:colcon.colcon_core.shell:Skip shell extension 'dsv' for command environment
[0.343s] DEBUG:colcon.colcon_core.event_handler.log_command:Invoking command in '/home/mg0220/launch/build/turtlebot3_fake_node': CMAKE_PREFIX_PATH=${CMAKE_PREFIX_PATH}:/home/mg0220/launch/install/dwb_pkg:/opt/ros/humble /usr/bin/cmake --build /home/mg0220/launch/build/turtlebot3_fake_node -- -j20 -l20
[0.345s] DEBUG:colcon.colcon_core.event_handler.log_command:Invoking command in '/home/mg0220/launch/build/turtlebot3_gazebo': CMAKE_PREFIX_PATH=${CMAKE_PREFIX_PATH}:/home/mg0220/launch/install/dwb_pkg:/opt/ros/humble /usr/bin/cmake --build /home/mg0220/launch/build/turtlebot3_gazebo -- -j20 -l20
[0.347s] DEBUG:colcon.colcon_core.event_handler.log_command:Invoking command in '/home/mg0220/launch/build/turtlebot3_manipulation_gazebo': CMAKE_PREFIX_PATH=${CMAKE_PREFIX_PATH}:/home/mg0220/launch/install/dwb_pkg:/opt/ros/humble /usr/bin/cmake --build /home/mg0220/launch/build/turtlebot3_manipulation_gazebo -- -j20 -l20
[0.519s] INFO:colcon.colcon_core.task.python.build:Building Python package in '/home/mg0220/launch/src/dwb_pkg'
[0.519s] INFO:colcon.colcon_core.shell:Skip shell extension 'powershell' for command environment: Not usable outside of PowerShell
[0.519s] DEBUG:colcon.colcon_core.shell:Skip shell extension 'dsv' for command environment
[0.523s] DEBUG:colcon.colcon_core.event_handler.log_command:Invoked command in '/home/mg0220/launch/build/turtlebot3_manipulation_gazebo' returned '0': CMAKE_PREFIX_PATH=${CMAKE_PREFIX_PATH}:/home/mg0220/launch/install/dwb_pkg:/opt/ros/humble /usr/bin/cmake --build /home/mg0220/launch/build/turtlebot3_manipulation_gazebo -- -j20 -l20
[0.529s] DEBUG:colcon.colcon_core.event_handler.log_command:Invoking command in '/home/mg0220/launch/build/turtlebot3_manipulation_gazebo': CMAKE_PREFIX_PATH=${CMAKE_PREFIX_PATH}:/home/mg0220/launch/install/dwb_pkg:/opt/ros/humble /usr/bin/cmake --install /home/mg0220/launch/build/turtlebot3_manipulation_gazebo
[0.530s] DEBUG:colcon.colcon_core.event_handler.log_command:Invoked command in '/home/mg0220/launch/build/turtlebot3_fake_node' returned '0': CMAKE_PREFIX_PATH=${CMAKE_PREFIX_PATH}:/home/mg0220/launch/install/dwb_pkg:/opt/ros/humble /usr/bin/cmake --build /home/mg0220/launch/build/turtlebot3_fake_node -- -j20 -l20
[0.531s] DEBUG:colcon.colcon_core.event_handler.log_command:Invoking command in '/home/mg0220/launch/build/turtlebot3_fake_node': CMAKE_PREFIX_PATH=${CMAKE_PREFIX_PATH}:/home/mg0220/launch/install/dwb_pkg:/opt/ros/humble /usr/bin/cmake --install /home/mg0220/launch/build/turtlebot3_fake_node
[0.531s] DEBUG:colcon.colcon_core.event_handler.log_command:Invoked command in '/home/mg0220/launch/build/turtlebot3_gazebo' returned '0': CMAKE_PREFIX_PATH=${CMAKE_PREFIX_PATH}:/home/mg0220/launch/install/dwb_pkg:/opt/ros/humble /usr/bin/cmake --build /home/mg0220/launch/build/turtlebot3_gazebo -- -j20 -l20
[0.533s] DEBUG:colcon.colcon_core.event_handler.log_command:Invoking command in '/home/mg0220/launch/build/turtlebot3_gazebo': CMAKE_PREFIX_PATH=${CMAKE_PREFIX_PATH}:/home/mg0220/launch/install/dwb_pkg:/opt/ros/humble /usr/bin/cmake --install /home/mg0220/launch/build/turtlebot3_gazebo
[0.543s] Level 1:colcon.colcon_core.environment:create_environment_scripts_only(turtlebot3_fake_node)
[0.584s] DEBUG:colcon.colcon_core.event_handler.log_command:Invoked command in '/home/mg0220/launch/build/turtlebot3_fake_node' returned '0': CMAKE_PREFIX_PATH=${CMAKE_PREFIX_PATH}:/home/mg0220/launch/install/dwb_pkg:/opt/ros/humble /usr/bin/cmake --install /home/mg0220/launch/build/turtlebot3_fake_node
[0.595s] Level 1:colcon.colcon_core.environment:checking '/home/mg0220/launch/install/turtlebot3_fake_node' for CMake module files
[0.595s] Level 1:colcon.colcon_core.environment:checking '/home/mg0220/launch/install/turtlebot3_fake_node' for CMake config files
[0.596s] Level 1:colcon.colcon_core.shell:create_environment_hook('turtlebot3_fake_node', 'cmake_prefix_path')
[0.596s] INFO:colcon.colcon_core.shell:Creating environment hook '/home/mg0220/launch/install/turtlebot3_fake_node/share/turtlebot3_fake_node/hook/cmake_prefix_path.ps1'
[0.596s] INFO:colcon.colcon_core.shell:Creating environment descriptor '/home/mg0220/launch/install/turtlebot3_fake_node/share/turtlebot3_fake_node/hook/cmake_prefix_path.dsv'
[0.596s] INFO:colcon.colcon_core.shell:Creating environment hook '/home/mg0220/launch/install/turtlebot3_fake_node/share/turtlebot3_fake_node/hook/cmake_prefix_path.sh'
[0.597s] Level 1:colcon.colcon_core.environment:checking '/home/mg0220/launch/install/turtlebot3_fake_node/lib'
[0.597s] Level 1:colcon.colcon_core.environment:checking '/home/mg0220/launch/install/turtlebot3_fake_node/bin'
[0.597s] Level 1:colcon.colcon_core.environment:checking '/home/mg0220/launch/install/turtlebot3_fake_node/lib/pkgconfig/turtlebot3_fake_node.pc'
[0.597s] Level 1:colcon.colcon_core.environment:checking '/home/mg0220/launch/install/turtlebot3_fake_node/lib/python3.10/site-packages'
[0.597s] Level 1:colcon.colcon_core.environment:checking '/home/mg0220/launch/install/turtlebot3_fake_node/bin'
[0.597s] INFO:colcon.colcon_core.shell:Creating package script '/home/mg0220/launch/install/turtlebot3_fake_node/share/turtlebot3_fake_node/package.ps1'
[0.598s] INFO:colcon.colcon_core.shell:Creating package descriptor '/home/mg0220/launch/install/turtlebot3_fake_node/share/turtlebot3_fake_node/package.dsv'
[0.598s] INFO:colcon.colcon_core.shell:Creating package script '/home/mg0220/launch/install/turtlebot3_fake_node/share/turtlebot3_fake_node/package.sh'
[0.598s] INFO:colcon.colcon_core.shell:Creating package script '/home/mg0220/launch/install/turtlebot3_fake_node/share/turtlebot3_fake_node/package.bash'
[0.599s] INFO:colcon.colcon_core.shell:Creating package script '/home/mg0220/launch/install/turtlebot3_fake_node/share/turtlebot3_fake_node/package.zsh'
[0.599s] Level 1:colcon.colcon_core.environment:create_file_with_runtime_dependencies(/home/mg0220/launch/install/turtlebot3_fake_node/share/colcon-core/packages/turtlebot3_fake_node)
[0.599s] Level 1:colcon.colcon_core.environment:create_environment_scripts_only(turtlebot3_fake_node)
[0.600s] Level 1:colcon.colcon_core.environment:checking '/home/mg0220/launch/install/turtlebot3_fake_node' for CMake module files
[0.600s] Level 1:colcon.colcon_core.environment:checking '/home/mg0220/launch/install/turtlebot3_fake_node' for CMake config files
[0.600s] Level 1:colcon.colcon_core.shell:create_environment_hook('turtlebot3_fake_node', 'cmake_prefix_path')
[0.600s] INFO:colcon.colcon_core.shell:Creating environment hook '/home/mg0220/launch/install/turtlebot3_fake_node/share/turtlebot3_fake_node/hook/cmake_prefix_path.ps1'
[0.600s] INFO:colcon.colcon_core.shell:Creating environment descriptor '/home/mg0220/launch/install/turtlebot3_fake_node/share/turtlebot3_fake_node/hook/cmake_prefix_path.dsv'
[0.600s] INFO:colcon.colcon_core.shell:Creating environment hook '/home/mg0220/launch/install/turtlebot3_fake_node/share/turtlebot3_fake_node/hook/cmake_prefix_path.sh'
[0.601s] Level 1:colcon.colcon_core.environment:checking '/home/mg0220/launch/install/turtlebot3_fake_node/lib'
[0.601s] Level 1:colcon.colcon_core.environment:checking '/home/mg0220/launch/install/turtlebot3_fake_node/bin'
[0.601s] Level 1:colcon.colcon_core.environment:checking '/home/mg0220/launch/install/turtlebot3_fake_node/lib/pkgconfig/turtlebot3_fake_node.pc'
[0.601s] Level 1:colcon.colcon_core.environment:checking '/home/mg0220/launch/install/turtlebot3_fake_node/lib/python3.10/site-packages'
[0.601s] Level 1:colcon.colcon_core.environment:checking '/home/mg0220/launch/install/turtlebot3_fake_node/bin'
[0.601s] INFO:colcon.colcon_core.shell:Creating package script '/home/mg0220/launch/install/turtlebot3_fake_node/share/turtlebot3_fake_node/package.ps1'
[0.601s] INFO:colcon.colcon_core.shell:Creating package descriptor '/home/mg0220/launch/install/turtlebot3_fake_node/share/turtlebot3_fake_node/package.dsv'
[0.602s] INFO:colcon.colcon_core.shell:Creating package script '/home/mg0220/launch/install/turtlebot3_fake_node/share/turtlebot3_fake_node/package.sh'
[0.602s] INFO:colcon.colcon_core.shell:Creating package script '/home/mg0220/launch/install/turtlebot3_fake_node/share/turtlebot3_fake_node/package.bash'
[0.602s] INFO:colcon.colcon_core.shell:Creating package script '/home/mg0220/launch/install/turtlebot3_fake_node/share/turtlebot3_fake_node/package.zsh'
[0.602s] Level 1:colcon.colcon_core.environment:create_file_with_runtime_dependencies(/home/mg0220/launch/install/turtlebot3_fake_node/share/colcon-core/packages/turtlebot3_fake_node)
[0.603s] Level 1:colcon.colcon_core.environment:create_environment_scripts_only(turtlebot3_manipulation_gazebo)
[0.603s] Level 1:colcon.colcon_core.environment:checking '/home/mg0220/launch/install/turtlebot3_manipulation_gazebo' for CMake module files
[0.604s] DEBUG:colcon.colcon_core.event_handler.log_command:Invoked command in '/home/mg0220/launch/build/turtlebot3_manipulation_gazebo' returned '0': CMAKE_PREFIX_PATH=${CMAKE_PREFIX_PATH}:/home/mg0220/launch/install/dwb_pkg:/opt/ros/humble /usr/bin/cmake --install /home/mg0220/launch/build/turtlebot3_manipulation_gazebo
[0.604s] Level 1:colcon.colcon_core.environment:checking '/home/mg0220/launch/install/turtlebot3_manipulation_gazebo' for CMake config files
[0.605s] Level 1:colcon.colcon_core.shell:create_environment_hook('turtlebot3_manipulation_gazebo', 'cmake_prefix_path')
[0.605s] INFO:colcon.colcon_core.shell:Creating environment hook '/home/mg0220/launch/install/turtlebot3_manipulation_gazebo/share/turtlebot3_manipulation_gazebo/hook/cmake_prefix_path.ps1'
[0.605s] INFO:colcon.colcon_core.shell:Creating environment descriptor '/home/mg0220/launch/install/turtlebot3_manipulation_gazebo/share/turtlebot3_manipulation_gazebo/hook/cmake_prefix_path.dsv'
[0.605s] INFO:colcon.colcon_core.shell:Creating environment hook '/home/mg0220/launch/install/turtlebot3_manipulation_gazebo/share/turtlebot3_manipulation_gazebo/hook/cmake_prefix_path.sh'
[0.606s] Level 1:colcon.colcon_core.environment:checking '/home/mg0220/launch/install/turtlebot3_manipulation_gazebo/bin'
[0.606s] Level 1:colcon.colcon_core.environment:checking '/home/mg0220/launch/install/turtlebot3_manipulation_gazebo/lib/pkgconfig/turtlebot3_manipulation_gazebo.pc'
[0.606s] Level 1:colcon.colcon_core.environment:checking '/home/mg0220/launch/install/turtlebot3_manipulation_gazebo/lib/python3.10/site-packages'
[0.606s] Level 1:colcon.colcon_core.environment:checking '/home/mg0220/launch/install/turtlebot3_manipulation_gazebo/bin'
[0.606s] INFO:colcon.colcon_core.shell:Creating package script '/home/mg0220/launch/install/turtlebot3_manipulation_gazebo/share/turtlebot3_manipulation_gazebo/package.ps1'
[0.606s] INFO:colcon.colcon_core.shell:Creating package descriptor '/home/mg0220/launch/install/turtlebot3_manipulation_gazebo/share/turtlebot3_manipulation_gazebo/package.dsv'
[0.607s] INFO:colcon.colcon_core.shell:Creating package script '/home/mg0220/launch/install/turtlebot3_manipulation_gazebo/share/turtlebot3_manipulation_gazebo/package.sh'
[0.607s] INFO:colcon.colcon_core.shell:Creating package script '/home/mg0220/launch/install/turtlebot3_manipulation_gazebo/share/turtlebot3_manipulation_gazebo/package.bash'
[0.607s] INFO:colcon.colcon_core.shell:Creating package script '/home/mg0220/launch/install/turtlebot3_manipulation_gazebo/share/turtlebot3_manipulation_gazebo/package.zsh'
[0.607s] Level 1:colcon.colcon_core.environment:create_file_with_runtime_dependencies(/home/mg0220/launch/install/turtlebot3_manipulation_gazebo/share/colcon-core/packages/turtlebot3_manipulation_gazebo)
[0.607s] Level 1:colcon.colcon_core.environment:create_environment_scripts_only(turtlebot3_manipulation_gazebo)
[0.608s] Level 1:colcon.colcon_core.environment:checking '/home/mg0220/launch/install/turtlebot3_manipulation_gazebo' for CMake module files
[0.608s] Level 1:colcon.colcon_core.environment:checking '/home/mg0220/launch/install/turtlebot3_manipulation_gazebo' for CMake config files
[0.608s] Level 1:colcon.colcon_core.shell:create_environment_hook('turtlebot3_manipulation_gazebo', 'cmake_prefix_path')
[0.608s] INFO:colcon.colcon_core.shell:Creating environment hook '/home/mg0220/launch/install/turtlebot3_manipulation_gazebo/share/turtlebot3_manipulation_gazebo/hook/cmake_prefix_path.ps1'
[0.609s] INFO:colcon.colcon_core.shell:Creating environment descriptor '/home/mg0220/launch/install/turtlebot3_manipulation_gazebo/share/turtlebot3_manipulation_gazebo/hook/cmake_prefix_path.dsv'
[0.609s] INFO:colcon.colcon_core.shell:Creating environment hook '/home/mg0220/launch/install/turtlebot3_manipulation_gazebo/share/turtlebot3_manipulation_gazebo/hook/cmake_prefix_path.sh'
[0.609s] Level 1:colcon.colcon_core.environment:checking '/home/mg0220/launch/install/turtlebot3_manipulation_gazebo/bin'
[0.609s] Level 1:colcon.colcon_core.environment:checking '/home/mg0220/launch/install/turtlebot3_manipulation_gazebo/lib/pkgconfig/turtlebot3_manipulation_gazebo.pc'
[0.609s] Level 1:colcon.colcon_core.environment:checking '/home/mg0220/launch/install/turtlebot3_manipulation_gazebo/lib/python3.10/site-packages'
[0.609s] Level 1:colcon.colcon_core.environment:checking '/home/mg0220/launch/install/turtlebot3_manipulation_gazebo/bin'
[0.610s] INFO:colcon.colcon_core.shell:Creating package script '/home/mg0220/launch/install/turtlebot3_manipulation_gazebo/share/turtlebot3_manipulation_gazebo/package.ps1'
[0.610s] INFO:colcon.colcon_core.shell:Creating package descriptor '/home/mg0220/launch/install/turtlebot3_manipulation_gazebo/share/turtlebot3_manipulation_gazebo/package.dsv'
[0.610s] INFO:colcon.colcon_core.shell:Creating package script '/home/mg0220/launch/install/turtlebot3_manipulation_gazebo/share/turtlebot3_manipulation_gazebo/package.sh'
[0.610s] INFO:colcon.colcon_core.shell:Creating package script '/home/mg0220/launch/install/turtlebot3_manipulation_gazebo/share/turtlebot3_manipulation_gazebo/package.bash'
[0.610s] INFO:colcon.colcon_core.shell:Creating package script '/home/mg0220/launch/install/turtlebot3_manipulation_gazebo/share/turtlebot3_manipulation_gazebo/package.zsh'
[0.611s] Level 1:colcon.colcon_core.environment:create_file_with_runtime_dependencies(/home/mg0220/launch/install/turtlebot3_manipulation_gazebo/share/colcon-core/packages/turtlebot3_manipulation_gazebo)
[0.611s] Level 1:colcon.colcon_core.environment:create_environment_scripts_only(turtlebot3_gazebo)
[0.611s] Level 1:colcon.colcon_core.environment:checking '/home/mg0220/launch/install/turtlebot3_gazebo' for CMake module files
[0.612s] DEBUG:colcon.colcon_core.event_handler.log_command:Invoked command in '/home/mg0220/launch/build/turtlebot3_gazebo' returned '0': CMAKE_PREFIX_PATH=${CMAKE_PREFIX_PATH}:/home/mg0220/launch/install/dwb_pkg:/opt/ros/humble /usr/bin/cmake --install /home/mg0220/launch/build/turtlebot3_gazebo
[0.612s] Level 1:colcon.colcon_core.environment:checking '/home/mg0220/launch/install/turtlebot3_gazebo' for CMake config files
[0.613s] Level 1:colcon.colcon_core.shell:create_environment_hook('turtlebot3_gazebo', 'cmake_prefix_path')
[0.613s] INFO:colcon.colcon_core.shell:Creating environment hook '/home/mg0220/launch/install/turtlebot3_gazebo/share/turtlebot3_gazebo/hook/cmake_prefix_path.ps1'
[0.613s] INFO:colcon.colcon_core.shell:Creating environment descriptor '/home/mg0220/launch/install/turtlebot3_gazebo/share/turtlebot3_gazebo/hook/cmake_prefix_path.dsv'
[0.614s] INFO:colcon.colcon_core.shell:Creating environment hook '/home/mg0220/launch/install/turtlebot3_gazebo/share/turtlebot3_gazebo/hook/cmake_prefix_path.sh'
[0.614s] Level 1:colcon.colcon_core.environment:checking '/home/mg0220/launch/install/turtlebot3_gazebo/lib'
[0.614s] Level 1:colcon.colcon_core.environment:checking '/home/mg0220/launch/install/turtlebot3_gazebo/bin'
[0.614s] Level 1:colcon.colcon_core.environment:checking '/home/mg0220/launch/install/turtlebot3_gazebo/lib/pkgconfig/turtlebot3_gazebo.pc'
[0.614s] Level 1:colcon.colcon_core.environment:checking '/home/mg0220/launch/install/turtlebot3_gazebo/lib/python3.10/site-packages'
[0.614s] Level 1:colcon.colcon_core.environment:checking '/home/mg0220/launch/install/turtlebot3_gazebo/bin'
[0.615s] INFO:colcon.colcon_core.shell:Creating package script '/home/mg0220/launch/install/turtlebot3_gazebo/share/turtlebot3_gazebo/package.ps1'
[0.615s] INFO:colcon.colcon_core.shell:Creating package descriptor '/home/mg0220/launch/install/turtlebot3_gazebo/share/turtlebot3_gazebo/package.dsv'
[0.615s] INFO:colcon.colcon_core.shell:Creating package script '/home/mg0220/launch/install/turtlebot3_gazebo/share/turtlebot3_gazebo/package.sh'
[0.615s] INFO:colcon.colcon_core.shell:Creating package script '/home/mg0220/launch/install/turtlebot3_gazebo/share/turtlebot3_gazebo/package.bash'
[0.615s] INFO:colcon.colcon_core.shell:Creating package script '/home/mg0220/launch/install/turtlebot3_gazebo/share/turtlebot3_gazebo/package.zsh'
[0.616s] Level 1:colcon.colcon_core.environment:create_file_with_runtime_dependencies(/home/mg0220/launch/install/turtlebot3_gazebo/share/colcon-core/packages/turtlebot3_gazebo)
[0.616s] Level 1:colcon.colcon_core.environment:create_environment_scripts_only(turtlebot3_gazebo)
[0.616s] Level 1:colcon.colcon_core.environment:checking '/home/mg0220/launch/install/turtlebot3_gazebo' for CMake module files
[0.616s] Level 1:colcon.colcon_core.environment:checking '/home/mg0220/launch/install/turtlebot3_gazebo' for CMake config files
[0.617s] Level 1:colcon.colcon_core.shell:create_environment_hook('turtlebot3_gazebo', 'cmake_prefix_path')
[0.617s] INFO:colcon.colcon_core.shell:Creating environment hook '/home/mg0220/launch/install/turtlebot3_gazebo/share/turtlebot3_gazebo/hook/cmake_prefix_path.ps1'
[0.617s] INFO:colcon.colcon_core.shell:Creating environment descriptor '/home/mg0220/launch/install/turtlebot3_gazebo/share/turtlebot3_gazebo/hook/cmake_prefix_path.dsv'
[0.618s] INFO:colcon.colcon_core.shell:Creating environment hook '/home/mg0220/launch/install/turtlebot3_gazebo/share/turtlebot3_gazebo/hook/cmake_prefix_path.sh'
[0.618s] Level 1:colcon.colcon_core.environment:checking '/home/mg0220/launch/install/turtlebot3_gazebo/lib'
[0.618s] Level 1:colcon.colcon_core.environment:checking '/home/mg0220/launch/install/turtlebot3_gazebo/bin'
[0.618s] Level 1:colcon.colcon_core.environment:checking '/home/mg0220/launch/install/turtlebot3_gazebo/lib/pkgconfig/turtlebot3_gazebo.pc'
[0.618s] Level 1:colcon.colcon_core.environment:checking '/home/mg0220/launch/install/turtlebot3_gazebo/lib/python3.10/site-packages'
[0.618s] Level 1:colcon.colcon_core.environment:checking '/home/mg0220/launch/install/turtlebot3_gazebo/bin'
[0.619s] INFO:colcon.colcon_core.shell:Creating package script '/home/mg0220/launch/install/turtlebot3_gazebo/share/turtlebot3_gazebo/package.ps1'
[0.619s] INFO:colcon.colcon_core.shell:Creating package descriptor '/home/mg0220/launch/install/turtlebot3_gazebo/share/turtlebot3_gazebo/package.dsv'
[0.619s] INFO:colcon.colcon_core.shell:Creating package script '/home/mg0220/launch/install/turtlebot3_gazebo/share/turtlebot3_gazebo/package.sh'
[0.619s] INFO:colcon.colcon_core.shell:Creating package script '/home/mg0220/launch/install/turtlebot3_gazebo/share/turtlebot3_gazebo/package.bash'
[0.619s] INFO:colcon.colcon_core.shell:Creating package script '/home/mg0220/launch/install/turtlebot3_gazebo/share/turtlebot3_gazebo/package.zsh'
[0.620s] Level 1:colcon.colcon_core.environment:create_file_with_runtime_dependencies(/home/mg0220/launch/install/turtlebot3_gazebo/share/colcon-core/packages/turtlebot3_gazebo)
[0.620s] INFO:colcon.colcon_ros.task.ament_cmake.build:Building ROS package in '/home/mg0220/launch/turtlebot3_simulations/turtlebot3_simulations' with build type 'ament_cmake'
[0.620s] INFO:colcon.colcon_cmake.task.cmake.build:Building CMake package in '/home/mg0220/launch/turtlebot3_simulations/turtlebot3_simulations'
[0.620s] INFO:colcon.colcon_core.shell:Skip shell extension 'powershell' for command environment: Not usable outside of PowerShell
[0.620s] DEBUG:colcon.colcon_core.shell:Skip shell extension 'dsv' for command environment
[0.679s] DEBUG:colcon.colcon_core.event_handler.log_command:Invoking command in '/home/mg0220/launch/build/turtlebot3_simulations': CMAKE_PREFIX_PATH=/home/mg0220/launch/install/turtlebot3_manipulation_gazebo:/home/mg0220/launch/install/turtlebot3_gazebo:/home/mg0220/launch/install/turtlebot3_fake_node:/home/mg0220/launch/install/turtlebot3_simulations:/home/mg0220/turtlebot3_ws/install/turtlebot3_simulations:/home/mg0220/turtlebot3_ws/install/turtlebot3_manipulation_gazebo:/home/mg0220/turtlebot3_ws/install/turtlebot3_gazebo:/home/mg0220/turtlebot3_ws/install/turtlebot3_fake_node:/home/mg0220/launch/install/dwb_pkg:/opt/ros/humble /usr/bin/cmake --build /home/mg0220/launch/build/turtlebot3_simulations -- -j20 -l20
[0.700s] DEBUG:colcon.colcon_core.event_handler.log_command:Invoked command in '/home/mg0220/launch/build/turtlebot3_simulations' returned '0': CMAKE_PREFIX_PATH=/home/mg0220/launch/install/turtlebot3_manipulation_gazebo:/home/mg0220/launch/install/turtlebot3_gazebo:/home/mg0220/launch/install/turtlebot3_fake_node:/home/mg0220/launch/install/turtlebot3_simulations:/home/mg0220/turtlebot3_ws/install/turtlebot3_simulations:/home/mg0220/turtlebot3_ws/install/turtlebot3_manipulation_gazebo:/home/mg0220/turtlebot3_ws/install/turtlebot3_gazebo:/home/mg0220/turtlebot3_ws/install/turtlebot3_fake_node:/home/mg0220/launch/install/dwb_pkg:/opt/ros/humble /usr/bin/cmake --build /home/mg0220/launch/build/turtlebot3_simulations -- -j20 -l20
[0.700s] DEBUG:colcon.colcon_core.event_handler.log_command:Invoking command in '/home/mg0220/launch/build/turtlebot3_simulations': CMAKE_PREFIX_PATH=/home/mg0220/launch/install/turtlebot3_manipulation_gazebo:/home/mg0220/launch/install/turtlebot3_gazebo:/home/mg0220/launch/install/turtlebot3_fake_node:/home/mg0220/launch/install/turtlebot3_simulations:/home/mg0220/turtlebot3_ws/install/turtlebot3_simulations:/home/mg0220/turtlebot3_ws/install/turtlebot3_manipulation_gazebo:/home/mg0220/turtlebot3_ws/install/turtlebot3_gazebo:/home/mg0220/turtlebot3_ws/install/turtlebot3_fake_node:/home/mg0220/launch/install/dwb_pkg:/opt/ros/humble /usr/bin/cmake --install /home/mg0220/launch/build/turtlebot3_simulations
[0.706s] Level 1:colcon.colcon_core.environment:create_environment_scripts_only(turtlebot3_simulations)
[0.706s] Level 1:colcon.colcon_core.environment:checking '/home/mg0220/launch/install/turtlebot3_simulations' for CMake module files
[0.707s] DEBUG:colcon.colcon_core.event_handler.log_command:Invoked command in '/home/mg0220/launch/build/turtlebot3_simulations' returned '0': CMAKE_PREFIX_PATH=/home/mg0220/launch/install/turtlebot3_manipulation_gazebo:/home/mg0220/launch/install/turtlebot3_gazebo:/home/mg0220/launch/install/turtlebot3_fake_node:/home/mg0220/launch/install/turtlebot3_simulations:/home/mg0220/turtlebot3_ws/install/turtlebot3_simulations:/home/mg0220/turtlebot3_ws/install/turtlebot3_manipulation_gazebo:/home/mg0220/turtlebot3_ws/install/turtlebot3_gazebo:/home/mg0220/turtlebot3_ws/install/turtlebot3_fake_node:/home/mg0220/launch/install/dwb_pkg:/opt/ros/humble /usr/bin/cmake --install /home/mg0220/launch/build/turtlebot3_simulations
[0.707s] Level 1:colcon.colcon_core.environment:checking '/home/mg0220/launch/install/turtlebot3_simulations' for CMake config files
[0.707s] Level 1:colcon.colcon_core.shell:create_environment_hook('turtlebot3_simulations', 'cmake_prefix_path')
[0.707s] INFO:colcon.colcon_core.shell:Creating environment hook '/home/mg0220/launch/install/turtlebot3_simulations/share/turtlebot3_simulations/hook/cmake_prefix_path.ps1'
[0.707s] INFO:colcon.colcon_core.shell:Creating environment descriptor '/home/mg0220/launch/install/turtlebot3_simulations/share/turtlebot3_simulations/hook/cmake_prefix_path.dsv'
[0.708s] INFO:colcon.colcon_core.shell:Creating environment hook '/home/mg0220/launch/install/turtlebot3_simulations/share/turtlebot3_simulations/hook/cmake_prefix_path.sh'
[0.708s] Level 1:colcon.colcon_core.environment:checking '/home/mg0220/launch/install/turtlebot3_simulations/bin'
[0.708s] Level 1:colcon.colcon_core.environment:checking '/home/mg0220/launch/install/turtlebot3_simulations/lib/pkgconfig/turtlebot3_simulations.pc'
[0.708s] Level 1:colcon.colcon_core.environment:checking '/home/mg0220/launch/install/turtlebot3_simulations/lib/python3.10/site-packages'
[0.708s] Level 1:colcon.colcon_core.environment:checking '/home/mg0220/launch/install/turtlebot3_simulations/bin'
[0.708s] INFO:colcon.colcon_core.shell:Creating package script '/home/mg0220/launch/install/turtlebot3_simulations/share/turtlebot3_simulations/package.ps1'
[0.709s] INFO:colcon.colcon_core.shell:Creating package descriptor '/home/mg0220/launch/install/turtlebot3_simulations/share/turtlebot3_simulations/package.dsv'
[0.709s] INFO:colcon.colcon_core.shell:Creating package script '/home/mg0220/launch/install/turtlebot3_simulations/share/turtlebot3_simulations/package.sh'
[0.709s] INFO:colcon.colcon_core.shell:Creating package script '/home/mg0220/launch/install/turtlebot3_simulations/share/turtlebot3_simulations/package.bash'
[0.709s] INFO:colcon.colcon_core.shell:Creating package script '/home/mg0220/launch/install/turtlebot3_simulations/share/turtlebot3_simulations/package.zsh'
[0.709s] Level 1:colcon.colcon_core.environment:create_file_with_runtime_dependencies(/home/mg0220/launch/install/turtlebot3_simulations/share/colcon-core/packages/turtlebot3_simulations)
[0.710s] Level 1:colcon.colcon_core.environment:create_environment_scripts_only(turtlebot3_simulations)
[0.710s] Level 1:colcon.colcon_core.environment:checking '/home/mg0220/launch/install/turtlebot3_simulations' for CMake module files
[0.710s] Level 1:colcon.colcon_core.environment:checking '/home/mg0220/launch/install/turtlebot3_simulations' for CMake config files
[0.710s] Level 1:colcon.colcon_core.shell:create_environment_hook('turtlebot3_simulations', 'cmake_prefix_path')
[0.710s] INFO:colcon.colcon_core.shell:Creating environment hook '/home/mg0220/launch/install/turtlebot3_simulations/share/turtlebot3_simulations/hook/cmake_prefix_path.ps1'
[0.710s] INFO:colcon.colcon_core.shell:Creating environment descriptor '/home/mg0220/launch/install/turtlebot3_simulations/share/turtlebot3_simulations/hook/cmake_prefix_path.dsv'
[0.711s] INFO:colcon.colcon_core.shell:Creating environment hook '/home/mg0220/launch/install/turtlebot3_simulations/share/turtlebot3_simulations/hook/cmake_prefix_path.sh'
[0.711s] Level 1:colcon.colcon_core.environment:checking '/home/mg0220/launch/install/turtlebot3_simulations/bin'
[0.711s] Level 1:colcon.colcon_core.environment:checking '/home/mg0220/launch/install/turtlebot3_simulations/lib/pkgconfig/turtlebot3_simulations.pc'
[0.711s] Level 1:colcon.colcon_core.environment:checking '/home/mg0220/launch/install/turtlebot3_simulations/lib/python3.10/site-packages'
[0.711s] Level 1:colcon.colcon_core.environment:checking '/home/mg0220/launch/install/turtlebot3_simulations/bin'
[0.712s] INFO:colcon.colcon_core.shell:Creating package script '/home/mg0220/launch/install/turtlebot3_simulations/share/turtlebot3_simulations/package.ps1'
[0.712s] INFO:colcon.colcon_core.shell:Creating package descriptor '/home/mg0220/launch/install/turtlebot3_simulations/share/turtlebot3_simulations/package.dsv'
[0.712s] INFO:colcon.colcon_core.shell:Creating package script '/home/mg0220/launch/install/turtlebot3_simulations/share/turtlebot3_simulations/package.sh'
[0.713s] INFO:colcon.colcon_core.shell:Creating package script '/home/mg0220/launch/install/turtlebot3_simulations/share/turtlebot3_simulations/package.bash'
[0.713s] INFO:colcon.colcon_core.shell:Creating package script '/home/mg0220/launch/install/turtlebot3_simulations/share/turtlebot3_simulations/package.zsh'
[0.713s] Level 1:colcon.colcon_core.environment:create_file_with_runtime_dependencies(/home/mg0220/launch/install/turtlebot3_simulations/share/colcon-core/packages/turtlebot3_simulations)
[0.761s] DEBUG:colcon.colcon_core.event_handler.log_command:Invoking command in '/home/mg0220/launch/src/dwb_pkg': PYTHONPATH=/home/mg0220/launch/build/dwb_pkg/prefix_override:/usr/lib/python3/dist-packages/colcon_core/task/python/colcon_distutils_commands:/home/mg0220/launch/install/dwb_pkg/lib/python3.10/site-packages:${PYTHONPATH} /usr/bin/python3 -W ignore:setup.py install is deprecated -W ignore:easy_install command is deprecated setup.py egg_info --egg-base ../../build/dwb_pkg build --build-base /home/mg0220/launch/build/dwb_pkg/build install --record /home/mg0220/launch/build/dwb_pkg/install.log --single-version-externally-managed install_data
[0.941s] Level 1:colcon.colcon_core.environment:checking '/home/mg0220/launch/install/dwb_pkg' for CMake module files
[0.941s] DEBUG:colcon.colcon_core.event_handler.log_command:Invoked command in '/home/mg0220/launch/src/dwb_pkg' returned '0': PYTHONPATH=/home/mg0220/launch/build/dwb_pkg/prefix_override:/usr/lib/python3/dist-packages/colcon_core/task/python/colcon_distutils_commands:/home/mg0220/launch/install/dwb_pkg/lib/python3.10/site-packages:${PYTHONPATH} /usr/bin/python3 -W ignore:setup.py install is deprecated -W ignore:easy_install command is deprecated setup.py egg_info --egg-base ../../build/dwb_pkg build --build-base /home/mg0220/launch/build/dwb_pkg/build install --record /home/mg0220/launch/build/dwb_pkg/install.log --single-version-externally-managed install_data
[0.941s] Level 1:colcon.colcon_core.environment:checking '/home/mg0220/launch/install/dwb_pkg' for CMake config files
[0.941s] Level 1:colcon.colcon_core.environment:checking '/home/mg0220/launch/install/dwb_pkg/lib'
[0.941s] Level 1:colcon.colcon_core.environment:checking '/home/mg0220/launch/install/dwb_pkg/bin'
[0.942s] Level 1:colcon.colcon_core.environment:checking '/home/mg0220/launch/install/dwb_pkg/lib/pkgconfig/dwb_pkg.pc'
[0.942s] Level 1:colcon.colcon_core.environment:checking '/home/mg0220/launch/install/dwb_pkg/lib/python3.10/site-packages'
[0.942s] Level 1:colcon.colcon_core.shell:create_environment_hook('dwb_pkg', 'pythonpath')
[0.942s] INFO:colcon.colcon_core.shell:Creating environment hook '/home/mg0220/launch/install/dwb_pkg/share/dwb_pkg/hook/pythonpath.ps1'
[0.942s] INFO:colcon.colcon_core.shell:Creating environment descriptor '/home/mg0220/launch/install/dwb_pkg/share/dwb_pkg/hook/pythonpath.dsv'
[0.942s] INFO:colcon.colcon_core.shell:Creating environment hook '/home/mg0220/launch/install/dwb_pkg/share/dwb_pkg/hook/pythonpath.sh'
[0.943s] Level 1:colcon.colcon_core.environment:checking '/home/mg0220/launch/install/dwb_pkg/bin'
[0.943s] Level 1:colcon.colcon_core.environment:create_environment_scripts_only(dwb_pkg)
[0.943s] INFO:colcon.colcon_core.shell:Creating package script '/home/mg0220/launch/install/dwb_pkg/share/dwb_pkg/package.ps1'
[0.943s] INFO:colcon.colcon_core.shell:Creating package descriptor '/home/mg0220/launch/install/dwb_pkg/share/dwb_pkg/package.dsv'
[0.944s] INFO:colcon.colcon_core.shell:Creating package script '/home/mg0220/launch/install/dwb_pkg/share/dwb_pkg/package.sh'
[0.944s] INFO:colcon.colcon_core.shell:Creating package script '/home/mg0220/launch/install/dwb_pkg/share/dwb_pkg/package.bash'
[0.944s] INFO:colcon.colcon_core.shell:Creating package script '/home/mg0220/launch/install/dwb_pkg/share/dwb_pkg/package.zsh'
[0.944s] Level 1:colcon.colcon_core.environment:create_file_with_runtime_dependencies(/home/mg0220/launch/install/dwb_pkg/share/colcon-core/packages/dwb_pkg)
[0.944s] DEBUG:colcon.colcon_parallel_executor.executor.parallel:closing loop
[0.945s] DEBUG:colcon.colcon_parallel_executor.executor.parallel:loop closed
[0.945s] DEBUG:colcon.colcon_parallel_executor.executor.parallel:run_until_complete finished with '0'
[0.945s] DEBUG:colcon.colcon_core.event_reactor:joining thread
[0.962s] INFO:colcon.colcon_core.plugin_system:Skipping extension 'colcon_notification.desktop_notification.notify_send': Could not find 'notify-send'
[0.962s] INFO:colcon.colcon_core.plugin_system:Skipping extension 'colcon_notification.desktop_notification.terminal_notifier': Not used on non-Darwin systems
[0.962s] INFO:colcon.colcon_core.plugin_system:Skipping extension 'colcon_notification.desktop_notification.win32': Not used on non-Windows systems
[0.962s] INFO:colcon.colcon_notification.desktop_notification:Sending desktop notification using 'notify2'
[0.962s] DEBUG:colcon.colcon_notification.desktop_notification.notify2:Failed to initialize notify2: org.freedesktop.DBus.Error.FileNotFound: Failed to connect to socket /run/user/1000/bus: No such file or directory
[0.962s] DEBUG:colcon.colcon_core.event_reactor:joined thread
[0.962s] INFO:colcon.colcon_core.shell:Creating prefix script '/home/mg0220/launch/install/local_setup.ps1'
[0.963s] INFO:colcon.colcon_core.shell:Creating prefix util module '/home/mg0220/launch/install/_local_setup_util_ps1.py'
[0.963s] INFO:colcon.colcon_core.shell:Creating prefix chain script '/home/mg0220/launch/install/setup.ps1'
[0.964s] INFO:colcon.colcon_core.shell:Creating prefix script '/home/mg0220/launch/install/local_setup.sh'
[0.964s] INFO:colcon.colcon_core.shell:Creating prefix util module '/home/mg0220/launch/install/_local_setup_util_sh.py'
[0.965s] INFO:colcon.colcon_core.shell:Creating prefix chain script '/home/mg0220/launch/install/setup.sh'
[0.965s] INFO:colcon.colcon_core.shell:Creating prefix script '/home/mg0220/launch/install/local_setup.bash'
[0.966s] INFO:colcon.colcon_core.shell:Creating prefix chain script '/home/mg0220/launch/install/setup.bash'
[0.966s] INFO:colcon.colcon_core.shell:Creating prefix script '/home/mg0220/launch/install/local_setup.zsh'
[0.967s] INFO:colcon.colcon_core.shell:Creating prefix chain script '/home/mg0220/launch/install/setup.zsh'
