[0.018s] Invoking command in '/home/mg0220/launch/build/turtlebot3_fake_node': CMAKE_PREFIX_PATH=${CMAKE_PREFIX_PATH}:/home/mg0220/launch/install/dwb_pkg:/opt/ros/humble /usr/bin/cmake /home/mg0220/launch/turtlebot3_simulations/turtlebot3_fake_node -DCMAKE_INSTALL_PREFIX=/home/mg0220/launch/install/turtlebot3_fake_node
[0.076s] -- The C compiler identification is GNU 11.4.0
[0.289s] -- The CXX compiler identification is GNU 11.4.0
[0.461s] -- Detecting C compiler ABI info
[0.531s] -- Detecting C compiler ABI info - done
[0.536s] -- Check for working C compiler: /usr/bin/cc - skipped
[0.536s] -- Detecting C compile features
[0.536s] -- Detecting C compile features - done
[0.538s] -- Detecting CXX compiler ABI info
[0.613s] -- Detecting CXX compiler ABI info - done
[0.617s] -- Check for working CXX compiler: /usr/bin/c++ - skipped
[0.618s] -- Detecting CXX compile features
[0.618s] -- Detecting CXX compile features - done
[0.620s] -- Found ament_cmake: 1.3.12 (/opt/ros/humble/share/ament_cmake/cmake)
[0.719s] -- Found Python3: /usr/bin/python3 (found version "3.10.12") found components: Interpreter 
[0.780s] -- Found geometry_msgs: 4.9.0 (/opt/ros/humble/share/geometry_msgs/cmake)
[0.845s] -- Found rosidl_generator_c: 3.1.7 (/opt/ros/humble/share/rosidl_generator_c/cmake)
[0.848s] -- Found rosidl_adapter: 3.1.7 (/opt/ros/humble/share/rosidl_adapter/cmake)
[0.854s] -- Found rosidl_generator_cpp: 3.1.7 (/opt/ros/humble/share/rosidl_generator_cpp/cmake)
[0.863s] -- Using all available rosidl_typesupport_c: rosidl_typesupport_fastrtps_c;rosidl_typesupport_introspection_c
[0.874s] -- Using all available rosidl_typesupport_cpp: rosidl_typesupport_fastrtps_cpp;rosidl_typesupport_introspection_cpp
[0.899s] -- Found nav_msgs: 4.9.0 (/opt/ros/humble/share/nav_msgs/cmake)
[0.911s] -- Found rclcpp: 16.0.15 (/opt/ros/humble/share/rclcpp/cmake)
[0.936s] -- Found rmw_implementation_cmake: 6.1.2 (/opt/ros/humble/share/rmw_implementation_cmake/cmake)
[0.938s] -- Found rmw_fastrtps_cpp: 6.2.9 (/opt/ros/humble/share/rmw_fastrtps_cpp/cmake)
[1.416s] -- Found OpenSSL: /usr/lib/x86_64-linux-gnu/libcrypto.so (found version "3.0.2")  
[1.940s] -- Found FastRTPS: /opt/ros/humble/include  
[3.031s] -- Using RMW implementation 'rmw_fastrtps_cpp' as default
[3.037s] -- Looking for pthread.h
[3.103s] -- Looking for pthread.h - found
[3.103s] -- Performing Test CMAKE_HAVE_LIBC_PTHREAD
[3.184s] -- Performing Test CMAKE_HAVE_LIBC_PTHREAD - Success
[3.184s] -- Found Threads: TRUE  
[3.210s] -- Found sensor_msgs: 4.9.0 (/opt/ros/humble/share/sensor_msgs/cmake)
[3.222s] -- Found tf2: 0.25.16 (/opt/ros/humble/share/tf2/cmake)
[3.228s] -- Found tf2_msgs: 0.25.16 (/opt/ros/humble/share/tf2_msgs/cmake)
[3.256s] -- Found turtlebot3_msgs: 2.4.0 (/opt/ros/humble/share/turtlebot3_msgs/cmake)
[3.326s] -- Configuring done
[3.334s] -- Generating done
[3.338s] -- Build files have been written to: /home/mg0220/launch/build/turtlebot3_fake_node
[3.345s] Invoked command in '/home/mg0220/launch/build/turtlebot3_fake_node' returned '0': CMAKE_PREFIX_PATH=${CMAKE_PREFIX_PATH}:/home/mg0220/launch/install/dwb_pkg:/opt/ros/humble /usr/bin/cmake /home/mg0220/launch/turtlebot3_simulations/turtlebot3_fake_node -DCMAKE_INSTALL_PREFIX=/home/mg0220/launch/install/turtlebot3_fake_node
[3.347s] Invoking command in '/home/mg0220/launch/build/turtlebot3_fake_node': CMAKE_PREFIX_PATH=${CMAKE_PREFIX_PATH}:/home/mg0220/launch/install/dwb_pkg:/opt/ros/humble /usr/bin/cmake --build /home/mg0220/launch/build/turtlebot3_fake_node -- -j20 -l20
[3.375s] [ 50%] [32mBuilding CXX object CMakeFiles/turtlebot3_fake_node.dir/src/turtlebot3_fake_node.cpp.o[0m
[9.434s] [100%] [32m[1mLinking CXX executable turtlebot3_fake_node[0m
[9.748s] [100%] Built target turtlebot3_fake_node
[9.760s] Invoked command in '/home/mg0220/launch/build/turtlebot3_fake_node' returned '0': CMAKE_PREFIX_PATH=${CMAKE_PREFIX_PATH}:/home/mg0220/launch/install/dwb_pkg:/opt/ros/humble /usr/bin/cmake --build /home/mg0220/launch/build/turtlebot3_fake_node -- -j20 -l20
[9.761s] Invoking command in '/home/mg0220/launch/build/turtlebot3_fake_node': CMAKE_PREFIX_PATH=${CMAKE_PREFIX_PATH}:/home/mg0220/launch/install/dwb_pkg:/opt/ros/humble /usr/bin/cmake --install /home/mg0220/launch/build/turtlebot3_fake_node
[9.765s] -- Install configuration: ""
[9.766s] -- Installing: /home/mg0220/launch/install/turtlebot3_fake_node/lib/turtlebot3_fake_node/turtlebot3_fake_node
[9.768s] -- Set runtime path of "/home/mg0220/launch/install/turtlebot3_fake_node/lib/turtlebot3_fake_node/turtlebot3_fake_node" to ""
[9.768s] -- Installing: /home/mg0220/launch/install/turtlebot3_fake_node/share/turtlebot3_fake_node/launch
[9.768s] -- Installing: /home/mg0220/launch/install/turtlebot3_fake_node/share/turtlebot3_fake_node/launch/rviz2.launch.py
[9.769s] -- Installing: /home/mg0220/launch/install/turtlebot3_fake_node/share/turtlebot3_fake_node/launch/turtlebot3_fake_node.launch.py
[9.769s] -- Installing: /home/mg0220/launch/install/turtlebot3_fake_node/share/turtlebot3_fake_node/launch/rviz2.launch.py:Zone.Identifier
[9.769s] -- Installing: /home/mg0220/launch/install/turtlebot3_fake_node/share/turtlebot3_fake_node/launch/turtlebot3_fake_node.launch.py:Zone.Identifier
[9.769s] -- Installing: /home/mg0220/launch/install/turtlebot3_fake_node/share/turtlebot3_fake_node/param
[9.769s] -- Installing: /home/mg0220/launch/install/turtlebot3_fake_node/share/turtlebot3_fake_node/param/burger.yaml
[9.769s] -- Installing: /home/mg0220/launch/install/turtlebot3_fake_node/share/turtlebot3_fake_node/param/waffle.yaml:Zone.Identifier
[9.769s] -- Installing: /home/mg0220/launch/install/turtlebot3_fake_node/share/turtlebot3_fake_node/param/burger.yaml:Zone.Identifier
[9.769s] -- Installing: /home/mg0220/launch/install/turtlebot3_fake_node/share/turtlebot3_fake_node/param/waffle_pi.yaml:Zone.Identifier
[9.770s] -- Installing: /home/mg0220/launch/install/turtlebot3_fake_node/share/turtlebot3_fake_node/param/waffle.yaml
[9.770s] -- Installing: /home/mg0220/launch/install/turtlebot3_fake_node/share/turtlebot3_fake_node/param/waffle_pi.yaml
[9.770s] -- Installing: /home/mg0220/launch/install/turtlebot3_fake_node/include/
[9.770s] -- Installing: /home/mg0220/launch/install/turtlebot3_fake_node/include//turtlebot3_fake_node
[9.770s] -- Installing: /home/mg0220/launch/install/turtlebot3_fake_node/include//turtlebot3_fake_node/turtlebot3_fake_node.hpp
[9.770s] -- Installing: /home/mg0220/launch/install/turtlebot3_fake_node/include//turtlebot3_fake_node/turtlebot3_fake_node.hpp:Zone.Identifier
[9.770s] -- Installing: /home/mg0220/launch/install/turtlebot3_fake_node/share/ament_index/resource_index/package_run_dependencies/turtlebot3_fake_node
[9.771s] -- Installing: /home/mg0220/launch/install/turtlebot3_fake_node/share/ament_index/resource_index/parent_prefix_path/turtlebot3_fake_node
[9.771s] -- Installing: /home/mg0220/launch/install/turtlebot3_fake_node/share/turtlebot3_fake_node/environment/ament_prefix_path.sh
[9.771s] -- Installing: /home/mg0220/launch/install/turtlebot3_fake_node/share/turtlebot3_fake_node/environment/ament_prefix_path.dsv
[9.771s] -- Installing: /home/mg0220/launch/install/turtlebot3_fake_node/share/turtlebot3_fake_node/environment/path.sh
[9.771s] -- Installing: /home/mg0220/launch/install/turtlebot3_fake_node/share/turtlebot3_fake_node/environment/path.dsv
[9.771s] -- Installing: /home/mg0220/launch/install/turtlebot3_fake_node/share/turtlebot3_fake_node/local_setup.bash
[9.772s] -- Installing: /home/mg0220/launch/install/turtlebot3_fake_node/share/turtlebot3_fake_node/local_setup.sh
[9.772s] -- Installing: /home/mg0220/launch/install/turtlebot3_fake_node/share/turtlebot3_fake_node/local_setup.zsh
[9.772s] -- Installing: /home/mg0220/launch/install/turtlebot3_fake_node/share/turtlebot3_fake_node/local_setup.dsv
[9.772s] -- Installing: /home/mg0220/launch/install/turtlebot3_fake_node/share/turtlebot3_fake_node/package.dsv
[9.772s] -- Installing: /home/mg0220/launch/install/turtlebot3_fake_node/share/ament_index/resource_index/packages/turtlebot3_fake_node
[9.772s] -- Installing: /home/mg0220/launch/install/turtlebot3_fake_node/share/turtlebot3_fake_node/cmake/ament_cmake_export_include_directories-extras.cmake
[9.772s] -- Installing: /home/mg0220/launch/install/turtlebot3_fake_node/share/turtlebot3_fake_node/cmake/ament_cmake_export_dependencies-extras.cmake
[9.773s] -- Installing: /home/mg0220/launch/install/turtlebot3_fake_node/share/turtlebot3_fake_node/cmake/turtlebot3_fake_nodeConfig.cmake
[9.773s] -- Installing: /home/mg0220/launch/install/turtlebot3_fake_node/share/turtlebot3_fake_node/cmake/turtlebot3_fake_nodeConfig-version.cmake
[9.773s] -- Installing: /home/mg0220/launch/install/turtlebot3_fake_node/share/turtlebot3_fake_node/package.xml
[9.774s] Invoked command in '/home/mg0220/launch/build/turtlebot3_fake_node' returned '0': CMAKE_PREFIX_PATH=${CMAKE_PREFIX_PATH}:/home/mg0220/launch/install/dwb_pkg:/opt/ros/humble /usr/bin/cmake --install /home/mg0220/launch/build/turtlebot3_fake_node
