[0.414s] Invoking command in '/home/mg0220/launch/src/dwb_pkg': PYTHONPATH=/home/mg0220/launch/build/dwb_pkg/prefix_override:/usr/lib/python3/dist-packages/colcon_core/task/python/colcon_distutils_commands:/home/mg0220/launch/install/dwb_pkg/lib/python3.10/site-packages:${PYTHONPATH} /usr/bin/python3 -W ignore:setup.py install is deprecated -W ignore:easy_install command is deprecated setup.py egg_info --egg-base ../../build/dwb_pkg build --build-base /home/mg0220/launch/build/dwb_pkg/build install --record /home/mg0220/launch/build/dwb_pkg/install.log --single-version-externally-managed install_data
[0.558s] running egg_info
[0.559s] writing ../../build/dwb_pkg/dwb_pkg.egg-info/PKG-INFO
[0.559s] writing dependency_links to ../../build/dwb_pkg/dwb_pkg.egg-info/dependency_links.txt
[0.559s] writing entry points to ../../build/dwb_pkg/dwb_pkg.egg-info/entry_points.txt
[0.559s] writing requirements to ../../build/dwb_pkg/dwb_pkg.egg-info/requires.txt
[0.559s] writing top-level names to ../../build/dwb_pkg/dwb_pkg.egg-info/top_level.txt
[0.561s] reading manifest file '../../build/dwb_pkg/dwb_pkg.egg-info/SOURCES.txt'
[0.561s] writing manifest file '../../build/dwb_pkg/dwb_pkg.egg-info/SOURCES.txt'
[0.561s] running build
[0.562s] running build_py
[0.562s] copying dwb_pkg/obstacle.py -> /home/mg0220/launch/build/dwb_pkg/build/lib/dwb_pkg
[0.562s] copying dwb_pkg/pure.py -> /home/mg0220/launch/build/dwb_pkg/build/lib/dwb_pkg
[0.562s] running install
[0.562s] running install_lib
[0.563s] copying /home/mg0220/launch/build/dwb_pkg/build/lib/dwb_pkg/obstacle.py -> /home/mg0220/launch/install/dwb_pkg/lib/python3.10/site-packages/dwb_pkg
[0.563s] copying /home/mg0220/launch/build/dwb_pkg/build/lib/dwb_pkg/pure.py -> /home/mg0220/launch/install/dwb_pkg/lib/python3.10/site-packages/dwb_pkg
[0.564s] byte-compiling /home/mg0220/launch/install/dwb_pkg/lib/python3.10/site-packages/dwb_pkg/obstacle.py to obstacle.cpython-310.pyc
[0.565s] byte-compiling /home/mg0220/launch/install/dwb_pkg/lib/python3.10/site-packages/dwb_pkg/pure.py to pure.cpython-310.pyc
[0.566s] running install_data
[0.566s] running install_egg_info
[0.567s] removing '/home/mg0220/launch/install/dwb_pkg/lib/python3.10/site-packages/dwb_pkg-0.0.0-py3.10.egg-info' (and everything under it)
[0.568s] Copying ../../build/dwb_pkg/dwb_pkg.egg-info to /home/mg0220/launch/install/dwb_pkg/lib/python3.10/site-packages/dwb_pkg-0.0.0-py3.10.egg-info
[0.569s] running install_scripts
[0.580s] Installing obstacle script to /home/mg0220/launch/install/dwb_pkg/lib/dwb_pkg
[0.580s] Installing pure script to /home/mg0220/launch/install/dwb_pkg/lib/dwb_pkg
[0.581s] writing list of installed files to '/home/mg0220/launch/build/dwb_pkg/install.log'
[0.594s] Invoked command in '/home/mg0220/launch/src/dwb_pkg' returned '0': PYTHONPATH=/home/mg0220/launch/build/dwb_pkg/prefix_override:/usr/lib/python3/dist-packages/colcon_core/task/python/colcon_distutils_commands:/home/mg0220/launch/install/dwb_pkg/lib/python3.10/site-packages:${PYTHONPATH} /usr/bin/python3 -W ignore:setup.py install is deprecated -W ignore:easy_install command is deprecated setup.py egg_info --egg-base ../../build/dwb_pkg build --build-base /home/mg0220/launch/build/dwb_pkg/build install --record /home/mg0220/launch/build/dwb_pkg/install.log --single-version-externally-managed install_data
