[0.021s] Invoking command in '/home/mg0220/launch/build/turtlebot3_fake_node': CMAKE_PREFIX_PATH=${CMAKE_PREFIX_PATH}:/home/mg0220/launch/install/dwb_pkg:/opt/ros/humble /usr/bin/cmake --build /home/mg0220/launch/build/turtlebot3_fake_node -- -j20 -l20
[0.066s] [100%] Built target turtlebot3_fake_node
[0.239s] Invoked command in '/home/mg0220/launch/build/turtlebot3_fake_node' returned '0': CMAKE_PREFIX_PATH=${CMAKE_PREFIX_PATH}:/home/mg0220/launch/install/dwb_pkg:/opt/ros/humble /usr/bin/cmake --build /home/mg0220/launch/build/turtlebot3_fake_node -- -j20 -l20
[0.246s] Invoking command in '/home/mg0220/launch/build/turtlebot3_fake_node': CMAKE_PREFIX_PATH=${CMAKE_PREFIX_PATH}:/home/mg0220/launch/install/dwb_pkg:/opt/ros/humble /usr/bin/cmake --install /home/mg0220/launch/build/turtlebot3_fake_node
[0.253s] -- Install configuration: ""
[0.254s] -- Up-to-date: /home/mg0220/launch/install/turtlebot3_fake_node/lib/turtlebot3_fake_node/turtlebot3_fake_node
[0.254s] -- Up-to-date: /home/mg0220/launch/install/turtlebot3_fake_node/share/turtlebot3_fake_node/launch
[0.254s] -- Up-to-date: /home/mg0220/launch/install/turtlebot3_fake_node/share/turtlebot3_fake_node/launch/rviz2.launch.py
[0.254s] -- Up-to-date: /home/mg0220/launch/install/turtlebot3_fake_node/share/turtlebot3_fake_node/launch/turtlebot3_fake_node.launch.py
[0.254s] -- Up-to-date: /home/mg0220/launch/install/turtlebot3_fake_node/share/turtlebot3_fake_node/launch/rviz2.launch.py:Zone.Identifier
[0.254s] -- Up-to-date: /home/mg0220/launch/install/turtlebot3_fake_node/share/turtlebot3_fake_node/launch/turtlebot3_fake_node.launch.py:Zone.Identifier
[0.254s] -- Up-to-date: /home/mg0220/launch/install/turtlebot3_fake_node/share/turtlebot3_fake_node/param
[0.255s] -- Up-to-date: /home/mg0220/launch/install/turtlebot3_fake_node/share/turtlebot3_fake_node/param/burger.yaml
[0.256s] -- Up-to-date: /home/mg0220/launch/install/turtlebot3_fake_node/share/turtlebot3_fake_node/param/waffle.yaml:Zone.Identifier
[0.256s] -- Up-to-date: /home/mg0220/launch/install/turtlebot3_fake_node/share/turtlebot3_fake_node/param/burger.yaml:Zone.Identifier
[0.256s] -- Up-to-date: /home/mg0220/launch/install/turtlebot3_fake_node/share/turtlebot3_fake_node/param/waffle_pi.yaml:Zone.Identifier
[0.256s] -- Up-to-date: /home/mg0220/launch/install/turtlebot3_fake_node/share/turtlebot3_fake_node/param/waffle.yaml
[0.256s] -- Up-to-date: /home/mg0220/launch/install/turtlebot3_fake_node/share/turtlebot3_fake_node/param/waffle_pi.yaml
[0.257s] -- Up-to-date: /home/mg0220/launch/install/turtlebot3_fake_node/include/
[0.258s] -- Up-to-date: /home/mg0220/launch/install/turtlebot3_fake_node/include//turtlebot3_fake_node
[0.258s] -- Up-to-date: /home/mg0220/launch/install/turtlebot3_fake_node/include//turtlebot3_fake_node/turtlebot3_fake_node.hpp
[0.258s] -- Up-to-date: /home/mg0220/launch/install/turtlebot3_fake_node/include//turtlebot3_fake_node/turtlebot3_fake_node.hpp:Zone.Identifier
[0.258s] -- Up-to-date: /home/mg0220/launch/install/turtlebot3_fake_node/share/ament_index/resource_index/package_run_dependencies/turtlebot3_fake_node
[0.258s] -- Up-to-date: /home/mg0220/launch/install/turtlebot3_fake_node/share/ament_index/resource_index/parent_prefix_path/turtlebot3_fake_node
[0.258s] -- Up-to-date: /home/mg0220/launch/install/turtlebot3_fake_node/share/turtlebot3_fake_node/environment/ament_prefix_path.sh
[0.259s] -- Up-to-date: /home/mg0220/launch/install/turtlebot3_fake_node/share/turtlebot3_fake_node/environment/ament_prefix_path.dsv
[0.259s] -- Up-to-date: /home/mg0220/launch/install/turtlebot3_fake_node/share/turtlebot3_fake_node/environment/path.sh
[0.259s] -- Up-to-date: /home/mg0220/launch/install/turtlebot3_fake_node/share/turtlebot3_fake_node/environment/path.dsv
[0.260s] -- Up-to-date: /home/mg0220/launch/install/turtlebot3_fake_node/share/turtlebot3_fake_node/local_setup.bash
[0.260s] -- Up-to-date: /home/mg0220/launch/install/turtlebot3_fake_node/share/turtlebot3_fake_node/local_setup.sh
[0.260s] -- Up-to-date: /home/mg0220/launch/install/turtlebot3_fake_node/share/turtlebot3_fake_node/local_setup.zsh
[0.261s] -- Up-to-date: /home/mg0220/launch/install/turtlebot3_fake_node/share/turtlebot3_fake_node/local_setup.dsv
[0.261s] -- Installing: /home/mg0220/launch/install/turtlebot3_fake_node/share/turtlebot3_fake_node/package.dsv
[0.262s] -- Up-to-date: /home/mg0220/launch/install/turtlebot3_fake_node/share/ament_index/resource_index/packages/turtlebot3_fake_node
[0.262s] -- Up-to-date: /home/mg0220/launch/install/turtlebot3_fake_node/share/turtlebot3_fake_node/cmake/ament_cmake_export_include_directories-extras.cmake
[0.262s] -- Up-to-date: /home/mg0220/launch/install/turtlebot3_fake_node/share/turtlebot3_fake_node/cmake/ament_cmake_export_dependencies-extras.cmake
[0.262s] -- Up-to-date: /home/mg0220/launch/install/turtlebot3_fake_node/share/turtlebot3_fake_node/cmake/turtlebot3_fake_nodeConfig.cmake
[0.262s] -- Up-to-date: /home/mg0220/launch/install/turtlebot3_fake_node/share/turtlebot3_fake_node/cmake/turtlebot3_fake_nodeConfig-version.cmake
[0.262s] -- Up-to-date: /home/mg0220/launch/install/turtlebot3_fake_node/share/turtlebot3_fake_node/package.xml
[0.304s] Invoked command in '/home/mg0220/launch/build/turtlebot3_fake_node' returned '0': CMAKE_PREFIX_PATH=${CMAKE_PREFIX_PATH}:/home/mg0220/launch/install/dwb_pkg:/opt/ros/humble /usr/bin/cmake --install /home/mg0220/launch/build/turtlebot3_fake_node
