running egg_info
creating ../../build/dwb_pkg/dwb_pkg.egg-info
writing ../../build/dwb_pkg/dwb_pkg.egg-info/PKG-INFO
writing dependency_links to ../../build/dwb_pkg/dwb_pkg.egg-info/dependency_links.txt
writing entry points to ../../build/dwb_pkg/dwb_pkg.egg-info/entry_points.txt
writing requirements to ../../build/dwb_pkg/dwb_pkg.egg-info/requires.txt
writing top-level names to ../../build/dwb_pkg/dwb_pkg.egg-info/top_level.txt
writing manifest file '../../build/dwb_pkg/dwb_pkg.egg-info/SOURCES.txt'
reading manifest file '../../build/dwb_pkg/dwb_pkg.egg-info/SOURCES.txt'
writing manifest file '../../build/dwb_pkg/dwb_pkg.egg-info/SOURCES.txt'
running build
running build_py
creating /home/mg0220/launch/build/dwb_pkg/build
creating /home/mg0220/launch/build/dwb_pkg/build/lib
creating /home/mg0220/launch/build/dwb_pkg/build/lib/dwb_pkg
copying dwb_pkg/__init__.py -> /home/mg0220/launch/build/dwb_pkg/build/lib/dwb_pkg
running install
running install_lib
creating /home/mg0220/launch/install/dwb_pkg/lib/python3.10/site-packages/dwb_pkg
copying /home/mg0220/launch/build/dwb_pkg/build/lib/dwb_pkg/__init__.py -> /home/mg0220/launch/install/dwb_pkg/lib/python3.10/site-packages/dwb_pkg
byte-compiling /home/mg0220/launch/install/dwb_pkg/lib/python3.10/site-packages/dwb_pkg/__init__.py to __init__.cpython-310.pyc
running install_data
creating /home/mg0220/launch/install/dwb_pkg/share/ament_index
creating /home/mg0220/launch/install/dwb_pkg/share/ament_index/resource_index
creating /home/mg0220/launch/install/dwb_pkg/share/ament_index/resource_index/packages
copying resource/dwb_pkg -> /home/mg0220/launch/install/dwb_pkg/share/ament_index/resource_index/packages
copying package.xml -> /home/mg0220/launch/install/dwb_pkg/share/dwb_pkg
creating /home/mg0220/launch/install/dwb_pkg/share/dwb_pkg/launch
copying launch/gazebo.launch.py -> /home/mg0220/launch/install/dwb_pkg/share/dwb_pkg/launch
copying launch/nav2.launch.py -> /home/mg0220/launch/install/dwb_pkg/share/dwb_pkg/launch
creating /home/mg0220/launch/install/dwb_pkg/share/dwb_pkg/config
copying config/nav2_params.yaml -> /home/mg0220/launch/install/dwb_pkg/share/dwb_pkg/config
copying config/slam_params.yaml -> /home/mg0220/launch/install/dwb_pkg/share/dwb_pkg/config
running install_egg_info
Copying ../../build/dwb_pkg/dwb_pkg.egg-info to /home/mg0220/launch/install/dwb_pkg/lib/python3.10/site-packages/dwb_pkg-0.0.0-py3.10.egg-info
running install_scripts
writing list of installed files to '/home/mg0220/launch/build/dwb_pkg/install.log'
