[0.456s] Invoking command in '/home/mg0220/launch/src/dwb_pkg': PYTHONPATH=/home/mg0220/launch/build/dwb_pkg/prefix_override:/usr/lib/python3/dist-packages/colcon_core/task/python/colcon_distutils_commands:/home/mg0220/launch/install/dwb_pkg/lib/python3.10/site-packages:${PYTHONPATH} /usr/bin/python3 -W ignore:setup.py install is deprecated -W ignore:easy_install command is deprecated setup.py egg_info --egg-base ../../build/dwb_pkg build --build-base /home/mg0220/launch/build/dwb_pkg/build install --record /home/mg0220/launch/build/dwb_pkg/install.log --single-version-externally-managed install_data
[0.595s] running egg_info
[0.595s] writing ../../build/dwb_pkg/dwb_pkg.egg-info/PKG-INFO
[0.596s] writing dependency_links to ../../build/dwb_pkg/dwb_pkg.egg-info/dependency_links.txt
[0.596s] writing entry points to ../../build/dwb_pkg/dwb_pkg.egg-info/entry_points.txt
[0.596s] writing requirements to ../../build/dwb_pkg/dwb_pkg.egg-info/requires.txt
[0.596s] writing top-level names to ../../build/dwb_pkg/dwb_pkg.egg-info/top_level.txt
[0.597s] reading manifest file '../../build/dwb_pkg/dwb_pkg.egg-info/SOURCES.txt'
[0.598s] writing manifest file '../../build/dwb_pkg/dwb_pkg.egg-info/SOURCES.txt'
[0.598s] running build
[0.598s] running build_py
[0.599s] copying dwb_pkg/rpp_obstacle.py -> /home/mg0220/launch/build/dwb_pkg/build/lib/dwb_pkg
[0.599s] running install
[0.599s] running install_lib
[0.600s] copying /home/mg0220/launch/build/dwb_pkg/build/lib/dwb_pkg/rpp_obstacle.py -> /home/mg0220/launch/install/dwb_pkg/lib/python3.10/site-packages/dwb_pkg
[0.600s] byte-compiling /home/mg0220/launch/install/dwb_pkg/lib/python3.10/site-packages/dwb_pkg/rpp_obstacle.py to rpp_obstacle.cpython-310.pyc
[0.601s] running install_data
[0.602s] copying launch/rpp_simulation.launch.py -> /home/mg0220/launch/install/dwb_pkg/share/dwb_pkg/launch
[0.602s] copying config/rpp_param1.yaml -> /home/mg0220/launch/install/dwb_pkg/share/dwb_pkg/config
[0.602s] running install_egg_info
[0.603s] removing '/home/mg0220/launch/install/dwb_pkg/lib/python3.10/site-packages/dwb_pkg-0.0.0-py3.10.egg-info' (and everything under it)
[0.604s] Copying ../../build/dwb_pkg/dwb_pkg.egg-info to /home/mg0220/launch/install/dwb_pkg/lib/python3.10/site-packages/dwb_pkg-0.0.0-py3.10.egg-info
[0.604s] running install_scripts
[0.616s] Installing obstacle script to /home/mg0220/launch/install/dwb_pkg/lib/dwb_pkg
[0.617s] Installing pure script to /home/mg0220/launch/install/dwb_pkg/lib/dwb_pkg
[0.617s] writing list of installed files to '/home/mg0220/launch/build/dwb_pkg/install.log'
[0.631s] Invoked command in '/home/mg0220/launch/src/dwb_pkg' returned '0': PYTHONPATH=/home/mg0220/launch/build/dwb_pkg/prefix_override:/usr/lib/python3/dist-packages/colcon_core/task/python/colcon_distutils_commands:/home/mg0220/launch/install/dwb_pkg/lib/python3.10/site-packages:${PYTHONPATH} /usr/bin/python3 -W ignore:setup.py install is deprecated -W ignore:easy_install command is deprecated setup.py egg_info --egg-base ../../build/dwb_pkg build --build-base /home/mg0220/launch/build/dwb_pkg/build install --record /home/mg0220/launch/build/dwb_pkg/install.log --single-version-externally-managed install_data
